[35m[1mConsolidate compiler generated dependencies of target distance_warning__rosidl_generator_c[0m
[35m[1mConsolidate compiler generated dependencies of target distance_publisher[0m
[  2%] Built target distance_warning__rs
[  4%] Built target distance_warning__cpp
[ 14%] Built target distance_warning__rosidl_generator_c
[ 16%] [32mBuilding CXX object CMakeFiles/distance_publisher.dir/src/distance_publisher.cpp.o[0m
[35m[1mConsolidate compiler generated dependencies of target distance_warning__rosidl_typesupport_fastrtps_cpp[0m
[35m[1mConsolidate compiler generated dependencies of target distance_warning__rosidl_typesupport_introspection_cpp[0m
[35m[1mConsolidate compiler generated dependencies of target distance_warning__rosidl_typesupport_cpp[0m
[35m[1mConsolidate compiler generated dependencies of target distance_warning__rosidl_typesupport_c[0m
[35m[1mConsolidate compiler generated dependencies of target distance_warning__rosidl_typesupport_fastrtps_c[0m
[ 16%] Built target ament_cmake_python_copy_distance_warning
[35m[1mConsolidate compiler generated dependencies of target distance_warning__rosidl_typesupport_introspection_c[0m
[ 26%] Built target distance_warning__rosidl_typesupport_introspection_cpp
[ 35%] Built target distance_warning__rosidl_typesupport_fastrtps_cpp
[ 59%] Built target distance_warning__rosidl_typesupport_cpp
[ 59%] Built target distance_warning__rosidl_typesupport_fastrtps_c
[ 64%] Built target distance_warning__rosidl_typesupport_c
[ 73%] Built target distance_warning__rosidl_typesupport_introspection_c
[ 73%] Built target distance_warning
[ 76%] Built target distance_warning__py
[35m[1mConsolidate compiler generated dependencies of target distance_warning__rosidl_generator_py[0m
[ 83%] Built target distance_warning__rosidl_generator_py
[35m[1mConsolidate compiler generated dependencies of target distance_warning__rosidl_typesupport_introspection_c__pyext[0m
[35m[1mConsolidate compiler generated dependencies of target distance_warning__rosidl_typesupport_fastrtps_c__pyext[0m
[35m[1mConsolidate compiler generated dependencies of target distance_warning__rosidl_typesupport_c__pyext[0m
[ 88%] Built target distance_warning__rosidl_typesupport_fastrtps_c__pyext
[ 97%] Built target distance_warning__rosidl_typesupport_introspection_c__pyext
[ 97%] Built target distance_warning__rosidl_typesupport_c__pyext
running egg_info
writing distance_warning.egg-info/PKG-INFO
writing dependency_links to distance_warning.egg-info/dependency_links.txt
writing top-level names to distance_warning.egg-info/top_level.txt
reading manifest file 'distance_warning.egg-info/SOURCES.txt'
writing manifest file 'distance_warning.egg-info/SOURCES.txt'
[ 97%] Built target ament_cmake_python_build_distance_warning_egg
[01m[K/home/daonguyenhp2311/ros2_ws/src/distance_warning/src/distance_publisher.cpp:[m[K In member function ‘[01m[Kvoid DistancePublisher::timerCallBack()[m[K’:
[01m[K/home/daonguyenhp2311/ros2_ws/src/distance_warning/src/distance_publisher.cpp:26:28:[m[K [01;31m[Kerror: [m[K‘[01m[Kgen[m[K’ was not declared in this scope
   26 |             msg.data = dis([01;31m[Kgen[m[K);
      |                            [01;31m[K^~~[m[K
[01m[K/home/daonguyenhp2311/ros2_ws/src/distance_warning/src/distance_publisher.cpp:28:26:[m[K [01;31m[Kerror: [m[K‘[01m[Kusing element_type = class rclcpp::Publisher<std_msgs::msg::Float32_<std::allocator<void> > >[m[K’ {aka ‘[01m[Kclass rclcpp::Publisher<std_msgs::msg::Float32_<std::allocator<void> > >[m[K’} has no member named ‘[01m[Kpublish_[m[K’; did you mean ‘[01m[Kpublish[m[K’?
   28 |             publisher_ ->[01;31m[Kpublish_[m[K(msg);
      |                          [01;31m[K^~~~~~~~[m[K
      |                          [32m[Kpublish[m[K
gmake[2]: *** [CMakeFiles/distance_publisher.dir/build.make:76: CMakeFiles/distance_publisher.dir/src/distance_publisher.cpp.o] Error 1
gmake[1]: *** [CMakeFiles/Makefile2:611: CMakeFiles/distance_publisher.dir/all] Error 2
gmake: *** [Makefile:146: all] Error 2
