[0.009s] Invoking command in '/home/daonguyenhp2311/ros2_ws/build/distance_warning': CMAKE_PREFIX_PATH=/opt/ros/humble /usr/bin/cmake --build /home/daonguyenhp2311/ros2_ws/build/distance_warning -- -j20 -l20
[0.041s] [35m[1mConsolidate compiler generated dependencies of target distance_publisher_qos[0m
[0.047s] [  1%] Built target distance_warning__cpp
[0.047s] [  3%] Built target distance_warning__rs
[0.048s] [ 10%] Built target distance_warning__rosidl_generator_c
[0.053s] [ 17%] Built target distance_listener
[0.053s] [ 17%] Built target distance_tf_broadcaster
[0.055s] [ 21%] Built target distance_publisher
[0.056s] [ 23%] [32mBuilding CXX object CMakeFiles/distance_publisher_qos.dir/src/distance_publisher_qos.cpp.o[0m
[0.057s] [ 23%] Built target ament_cmake_python_copy_distance_warning
[0.066s] [ 30%] Built target distance_warning__rosidl_typesupport_c
[0.067s] [ 37%] Built target distance_warning__rosidl_typesupport_fastrtps_cpp
[0.068s] [ 44%] Built target distance_warning__rosidl_typesupport_cpp
[0.069s] [ 51%] Built target distance_warning__rosidl_typesupport_introspection_cpp
[0.069s] [ 58%] Built target distance_warning__rosidl_typesupport_introspection_c
[0.070s] [ 66%] Built target distance_warning__rosidl_typesupport_fastrtps_c
[0.084s] [ 66%] Built target distance_warning
[0.103s] [ 67%] Built target distance_warning__py
[0.107s] [ 73%] Built target set_threshold_service
[0.107s] [ 75%] Built target distance_action_client
[0.108s] [ 78%] Built target distance_action_server
[0.110s] [ 82%] Built target distance_tf_listener
[0.120s] [ 87%] Built target distance_warning__rosidl_generator_py
[0.136s] [ 91%] Built target distance_warning__rosidl_typesupport_c__pyext
[0.137s] [ 98%] Built target distance_warning__rosidl_typesupport_introspection_c__pyext
[0.137s] [ 98%] Built target distance_warning__rosidl_typesupport_fastrtps_c__pyext
[0.211s] running egg_info
[0.211s] writing distance_warning.egg-info/PKG-INFO
[0.212s] writing dependency_links to distance_warning.egg-info/dependency_links.txt
[0.212s] writing top-level names to distance_warning.egg-info/top_level.txt
[0.214s] reading manifest file 'distance_warning.egg-info/SOURCES.txt'
[0.214s] writing manifest file 'distance_warning.egg-info/SOURCES.txt'
[0.231s] [ 98%] Built target ament_cmake_python_build_distance_warning_egg
[1.742s] [01m[K/home/daonguyenhp2311/ros2_ws/src/distance_warning/src/distance_publisher_qos.cpp:[m[K In member function ‘[01m[Kvoid DistancePublisherQoS::publishReliable()[m[K’:
[1.742s] [01m[K/home/daonguyenhp2311/ros2_ws/src/distance_warning/src/distance_publisher_qos.cpp:49:13:[m[K [01;31m[Kerror: [m[Kexpected ‘[01m[K;[m[K’ before ‘[01m[Kpub_reliable_[m[K’
[1.742s]    49 |             [01;31m[Kpub_reliable_[m[K -> public(msg)
[1.742s]       |             [01;31m[K^~~~~~~~~~~~~[m[K
[1.742s] [01m[K/home/daonguyenhp2311/ros2_ws/src/distance_warning/src/distance_publisher_qos.cpp:[m[K In member function ‘[01m[Kvoid DistancePublisherQoS::publishBestEffort()[m[K’:
[1.742s] [01m[K/home/daonguyenhp2311/ros2_ws/src/distance_warning/src/distance_publisher_qos.cpp:59:13:[m[K [01;31m[Kerror: [m[Kexpected ‘[01m[K;[m[K’ before ‘[01m[Kpub_best_effort_[m[K’
[1.743s]    59 |             [01;31m[Kpub_best_effort_[m[K -> public(msg)
[1.743s]       |             [01;31m[K^~~~~~~~~~~~~~~~[m[K
[2.246s] gmake[2]: *** [CMakeFiles/distance_publisher_qos.dir/build.make:76: CMakeFiles/distance_publisher_qos.dir/src/distance_publisher_qos.cpp.o] Error 1
[2.246s] gmake[1]: *** [CMakeFiles/Makefile2:815: CMakeFiles/distance_publisher_qos.dir/all] Error 2
[2.247s] gmake: *** [Makefile:146: all] Error 2
[2.249s] Invoked command in '/home/daonguyenhp2311/ros2_ws/build/distance_warning' returned '2': CMAKE_PREFIX_PATH=/opt/ros/humble /usr/bin/cmake --build /home/daonguyenhp2311/ros2_ws/build/distance_warning -- -j20 -l20
