-- Found ament_cmake: 1.3.14 (/opt/ros/humble/share/ament_cmake/cmake)
-- Found rclcpp: 16.0.19 (/opt/ros/humble/share/rclcpp/cmake)
-- Found rosidl_generator_c: 3.1.8 (/opt/ros/humble/share/rosidl_generator_c/cmake)
-- Found rosidl_adapter: 3.1.8 (/opt/ros/humble/share/rosidl_adapter/cmake)
-- Found rosidl_generator_cpp: 3.1.8 (/opt/ros/humble/share/rosidl_generator_cpp/cmake)
-- Using all available rosidl_typesupport_c: rosidl_typesupport_fastrtps_c;rosidl_typesupport_introspection_c
-- Using all available rosidl_typesupport_cpp: rosidl_typesupport_fastrtps_cpp;rosidl_typesupport_introspection_cpp
-- Found rmw_implementation_cmake: 6.1.2 (/opt/ros/humble/share/rmw_implementation_cmake/cmake)
-- Found rmw_fastrtps_cpp: 6.2.10 (/opt/ros/humble/share/rmw_fastrtps_cpp/cmake)
-- Using RMW implementation 'rmw_fastrtps_cpp' as default
-- Found rclcpp_action: 16.0.19 (/opt/ros/humble/share/rclcpp_action/cmake)
-- Found rosidl_default_generators: 1.2.1 (/opt/ros/humble/share/rosidl_default_generators/cmake)
-- Found ament_cmake_ros: 0.10.0 (/opt/ros/humble/share/ament_cmake_ros/cmake)
-- Using all available rosidl_typesupport_c: rosidl_typesupport_fastrtps_c;rosidl_typesupport_introspection_c
-- Using all available rosidl_typesupport_cpp: rosidl_typesupport_fastrtps_cpp;rosidl_typesupport_introspection_cpp
-- Found python_cmake_module: 0.10.0 (/opt/ros/humble/share/python_cmake_module/cmake)
-- Using PYTHON_EXECUTABLE: /usr/bin/python3
-- Using PYTHON_INCLUDE_DIRS: /usr/include/python3.10
-- Using PYTHON_LIBRARIES: /usr/lib/x86_64-linux-gnu/libpython3.10.so
[0mCMake Deprecation Warning at /opt/ros/humble/share/rosidl_cmake/cmake/rosidl_target_interfaces.cmake:32 (message):
  Use rosidl_get_typesupport_target() and target_link_libraries() instead of
  rosidl_target_interfaces()
Call Stack (most recent call first):
  CMakeLists.txt:41 (rosidl_target_interfaces)

[0m
[0mCMake Deprecation Warning at /opt/ros/humble/share/rosidl_cmake/cmake/rosidl_target_interfaces.cmake:32 (message):
  Use rosidl_get_typesupport_target() and target_link_libraries() instead of
  rosidl_target_interfaces()
Call Stack (most recent call first):
  CMakeLists.txt:46 (rosidl_target_interfaces)

[0m
-- Found ament_lint_auto: 0.12.15 (/opt/ros/humble/share/ament_lint_auto/cmake)
-- Added test 'cppcheck' to perform static code analysis on C / C++ code
-- Configured cppcheck include dirs: 
-- Configured cppcheck exclude dirs and/or files: 
-- Added test 'lint_cmake' to check CMake code style
-- Added test 'uncrustify' to check C / C++ code style
-- Configured uncrustify additional arguments: 
-- Added test 'xmllint' to check XML markup files
-- Configuring done
-- Generating done
-- Build files have been written to: /home/daonguyenhp2311/ros2_ws/build/distance_warning
[35m[1mConsolidate compiler generated dependencies of target distance_warning__rosidl_generator_c[0m
[35m[1mConsolidate compiler generated dependencies of target distance_publisher[0m
[35m[1mConsolidate compiler generated dependencies of target distance_listener[0m
[  2%] Built target distance_warning__cpp
[  6%] Built target distance_warning__rs
[ 12%] Built target distance_warning__rosidl_generator_c
[ 16%] Built target distance_listener
[ 20%] Built target distance_publisher
[35m[1mConsolidate compiler generated dependencies of target distance_warning__rosidl_typesupport_introspection_cpp[0m
[35m[1mConsolidate compiler generated dependencies of target distance_warning__rosidl_typesupport_cpp[0m
[35m[1mConsolidate compiler generated dependencies of target distance_warning__rosidl_typesupport_fastrtps_cpp[0m
[35m[1mConsolidate compiler generated dependencies of target distance_warning__rosidl_typesupport_introspection_c[0m
[ 20%] Built target ament_cmake_python_copy_distance_warning
[35m[1mConsolidate compiler generated dependencies of target distance_warning__rosidl_typesupport_c[0m
[35m[1mConsolidate compiler generated dependencies of target distance_warning__rosidl_typesupport_fastrtps_c[0m
[ 41%] Built target distance_warning__rosidl_typesupport_introspection_cpp
[ 41%] Built target distance_warning__rosidl_typesupport_cpp
[ 45%] Built target distance_warning__rosidl_typesupport_fastrtps_cpp
[ 54%] Built target distance_warning__rosidl_typesupport_introspection_c
[ 62%] Built target distance_warning__rosidl_typesupport_c
[ 70%] Built target distance_warning__rosidl_typesupport_fastrtps_c
[ 70%] Built target distance_warning
[35m[1mConsolidate compiler generated dependencies of target set_threshold_service[0m
[ 72%] Built target distance_warning__py
[ 75%] [32mBuilding CXX object CMakeFiles/distance_action_server.dir/src/distance_action_server.cpp.o[0m
[ 77%] [32mBuilding CXX object CMakeFiles/set_threshold_service.dir/src/set_threshold_service.cpp.o[0m
[35m[1mConsolidate compiler generated dependencies of target distance_warning__rosidl_generator_py[0m
[ 83%] Built target distance_warning__rosidl_generator_py
[35m[1mConsolidate compiler generated dependencies of target distance_warning__rosidl_typesupport_introspection_c__pyext[0m
[35m[1mConsolidate compiler generated dependencies of target distance_warning__rosidl_typesupport_c__pyext[0m
[35m[1mConsolidate compiler generated dependencies of target distance_warning__rosidl_typesupport_fastrtps_c__pyext[0m
[ 87%] Built target distance_warning__rosidl_typesupport_c__pyext
[ 93%] Built target distance_warning__rosidl_typesupport_fastrtps_c__pyext
[ 95%] Built target distance_warning__rosidl_typesupport_introspection_c__pyext
running egg_info
writing distance_warning.egg-info/PKG-INFO
writing dependency_links to distance_warning.egg-info/dependency_links.txt
writing top-level names to distance_warning.egg-info/top_level.txt
reading manifest file 'distance_warning.egg-info/SOURCES.txt'
writing manifest file 'distance_warning.egg-info/SOURCES.txt'
[ 95%] Built target ament_cmake_python_build_distance_warning_egg
[01m[K/home/daonguyenhp2311/ros2_ws/src/distance_warning/src/distance_action_server.cpp:[m[K In constructor ‘[01m[KDistanceActionServer::DistanceActionServer()[m[K’:
[01m[K/home/daonguyenhp2311/ros2_ws/src/distance_warning/src/distance_action_server.cpp:18:68:[m[K [01;31m[Kerror: [m[Kexpected primary-expression before ‘[01m[K...[m[K’ token
   18 |                 std::bind(&DistanceActionServer::handleGoal, this, [01;31m[K...[m[K),
      |                                                                    [01;31m[K^~~[m[K
[01m[K/home/daonguyenhp2311/ros2_ws/src/distance_warning/src/distance_action_server.cpp:19:70:[m[K [01;31m[Kerror: [m[Kexpected primary-expression before ‘[01m[K...[m[K’ token
   19 |                 std::bind(&DistanceActionServer::handleCancel, this, [01;31m[K...[m[K),
      |                                                                      [01;31m[K^~~[m[K
[01m[K/home/daonguyenhp2311/ros2_ws/src/distance_warning/src/distance_action_server.cpp:20:72:[m[K [01;31m[Kerror: [m[Kexpected primary-expression before ‘[01m[K...[m[K’ token
   20 |                 std::bind(&DistanceActionServer::handleAccepted, this, [01;31m[K...[m[K));
      |                                                                        [01;31m[K^~~[m[K
[01m[K/home/daonguyenhp2311/ros2_ws/src/distance_warning/src/distance_action_server.cpp:[m[K In member function ‘[01m[Kvoid DistanceActionServer::execute(std::shared_ptr<rclcpp_action::ServerGoalHandle<distance_warning::action::CheckDistance> >)[m[K’:
[01m[K/home/daonguyenhp2311/ros2_ws/src/distance_warning/src/distance_action_server.cpp:57:36:[m[K [01;31m[Kerror: [m[K‘[01m[Kstrps[m[K’ was not declared in this scope; did you mean ‘[01m[Ksteps[m[K’?
   57 |             for (size_t i = 0; i < [01;31m[Kstrps[m[K.size(); ++i) {
      |                                    [01;31m[K^~~~~[m[K
      |                                    [32m[Ksteps[m[K
gmake[2]: *** [CMakeFiles/distance_action_server.dir/build.make:76: CMakeFiles/distance_action_server.dir/src/distance_action_server.cpp.o] Error 1
gmake[1]: *** [CMakeFiles/Makefile2:699: CMakeFiles/distance_action_server.dir/all] Error 2
gmake[1]: *** Waiting for unfinished jobs....
[ 97%] [32m[1mLinking CXX executable set_threshold_service[0m
[ 97%] Built target set_threshold_service
gmake: *** [Makefile:146: all] Error 2
