[0.011s] Invoking command in '/home/daonguyenhp2311/ros2_ws/build/distance_warning': CMAKE_PREFIX_PATH=${CMAKE_PREFIX_PATH}:/opt/ros/humble /usr/bin/cmake --build /home/daonguyenhp2311/ros2_ws/build/distance_warning -- -j20 -l20
[0.061s] -- Found ament_cmake: 1.3.14 (/opt/ros/humble/share/ament_cmake/cmake)
[0.177s] -- Found rclcpp: 16.0.19 (/opt/ros/humble/share/rclcpp/cmake)
[0.363s] -- Found rosidl_generator_c: 3.1.8 (/opt/ros/humble/share/rosidl_generator_c/cmake)
[0.366s] -- Found rosidl_adapter: 3.1.8 (/opt/ros/humble/share/rosidl_adapter/cmake)
[0.373s] -- Found rosidl_generator_cpp: 3.1.8 (/opt/ros/humble/share/rosidl_generator_cpp/cmake)
[0.385s] -- Using all available rosidl_typesupport_c: rosidl_typesupport_fastrtps_c;rosidl_typesupport_introspection_c
[0.398s] -- Using all available rosidl_typesupport_cpp: rosidl_typesupport_fastrtps_cpp;rosidl_typesupport_introspection_cpp
[0.434s] -- Found rmw_implementation_cmake: 6.1.2 (/opt/ros/humble/share/rmw_implementation_cmake/cmake)
[0.437s] -- Found rmw_fastrtps_cpp: 6.2.10 (/opt/ros/humble/share/rmw_fastrtps_cpp/cmake)
[5.760s] -- Using RMW implementation 'rmw_fastrtps_cpp' as default
[5.815s] -- Found rclcpp_action: 16.0.19 (/opt/ros/humble/share/rclcpp_action/cmake)
[5.849s] -- Found rosidl_default_generators: 1.2.1 (/opt/ros/humble/share/rosidl_default_generators/cmake)
[6.047s] -- Found ament_cmake_ros: 0.10.0 (/opt/ros/humble/share/ament_cmake_ros/cmake)
[6.262s] -- Using all available rosidl_typesupport_c: rosidl_typesupport_fastrtps_c;rosidl_typesupport_introspection_c
[6.344s] -- Using all available rosidl_typesupport_cpp: rosidl_typesupport_fastrtps_cpp;rosidl_typesupport_introspection_cpp
[6.361s] -- Found python_cmake_module: 0.10.0 (/opt/ros/humble/share/python_cmake_module/cmake)
[6.379s] -- Using PYTHON_EXECUTABLE: /usr/bin/python3
[6.379s] -- Using PYTHON_INCLUDE_DIRS: /usr/include/python3.10
[6.379s] -- Using PYTHON_LIBRARIES: /usr/lib/x86_64-linux-gnu/libpython3.10.so
[6.431s] [0mCMake Deprecation Warning at /opt/ros/humble/share/rosidl_cmake/cmake/rosidl_target_interfaces.cmake:32 (message):
[6.431s]   Use rosidl_get_typesupport_target() and target_link_libraries() instead of
[6.431s]   rosidl_target_interfaces()
[6.431s] Call Stack (most recent call first):
[6.431s]   CMakeLists.txt:41 (rosidl_target_interfaces)
[6.431s] 
[6.431s] [0m
[6.432s] [0mCMake Deprecation Warning at /opt/ros/humble/share/rosidl_cmake/cmake/rosidl_target_interfaces.cmake:32 (message):
[6.432s]   Use rosidl_get_typesupport_target() and target_link_libraries() instead of
[6.432s]   rosidl_target_interfaces()
[6.432s] Call Stack (most recent call first):
[6.432s]   CMakeLists.txt:46 (rosidl_target_interfaces)
[6.432s] 
[6.432s] [0m
[6.434s] -- Found ament_lint_auto: 0.12.15 (/opt/ros/humble/share/ament_lint_auto/cmake)
[6.449s] -- Added test 'cppcheck' to perform static code analysis on C / C++ code
[6.450s] -- Configured cppcheck include dirs: 
[6.450s] -- Configured cppcheck exclude dirs and/or files: 
[6.450s] -- Added test 'lint_cmake' to check CMake code style
[6.451s] -- Added test 'uncrustify' to check C / C++ code style
[6.451s] -- Configured uncrustify additional arguments: 
[6.452s] -- Added test 'xmllint' to check XML markup files
[6.454s] -- Configuring done
[6.519s] -- Generating done
[6.535s] -- Build files have been written to: /home/daonguyenhp2311/ros2_ws/build/distance_warning
[6.559s] [35m[1mConsolidate compiler generated dependencies of target distance_warning__rosidl_generator_c[0m
[6.559s] [35m[1mConsolidate compiler generated dependencies of target distance_publisher[0m
[6.559s] [35m[1mConsolidate compiler generated dependencies of target distance_listener[0m
[6.566s] [  2%] Built target distance_warning__cpp
[6.570s] [  6%] Built target distance_warning__rs
[6.570s] [ 12%] Built target distance_warning__rosidl_generator_c
[6.576s] [ 16%] Built target distance_listener
[6.576s] [ 20%] Built target distance_publisher
[6.577s] [35m[1mConsolidate compiler generated dependencies of target distance_warning__rosidl_typesupport_introspection_cpp[0m
[6.577s] [35m[1mConsolidate compiler generated dependencies of target distance_warning__rosidl_typesupport_cpp[0m
[6.577s] [35m[1mConsolidate compiler generated dependencies of target distance_warning__rosidl_typesupport_fastrtps_cpp[0m
[6.582s] [35m[1mConsolidate compiler generated dependencies of target distance_warning__rosidl_typesupport_introspection_c[0m
[6.584s] [ 20%] Built target ament_cmake_python_copy_distance_warning
[6.584s] [35m[1mConsolidate compiler generated dependencies of target distance_warning__rosidl_typesupport_c[0m
[6.589s] [35m[1mConsolidate compiler generated dependencies of target distance_warning__rosidl_typesupport_fastrtps_c[0m
[6.590s] [ 41%] Built target distance_warning__rosidl_typesupport_introspection_cpp
[6.591s] [ 41%] Built target distance_warning__rosidl_typesupport_cpp
[6.591s] [ 45%] Built target distance_warning__rosidl_typesupport_fastrtps_cpp
[6.592s] [ 54%] Built target distance_warning__rosidl_typesupport_introspection_c
[6.595s] [ 62%] Built target distance_warning__rosidl_typesupport_c
[6.600s] [ 70%] Built target distance_warning__rosidl_typesupport_fastrtps_c
[6.616s] [ 70%] Built target distance_warning
[6.625s] [35m[1mConsolidate compiler generated dependencies of target set_threshold_service[0m
[6.632s] [ 72%] Built target distance_warning__py
[6.633s] [ 75%] [32mBuilding CXX object CMakeFiles/distance_action_server.dir/src/distance_action_server.cpp.o[0m
[6.637s] [ 77%] [32mBuilding CXX object CMakeFiles/set_threshold_service.dir/src/set_threshold_service.cpp.o[0m
[6.641s] [35m[1mConsolidate compiler generated dependencies of target distance_warning__rosidl_generator_py[0m
[6.653s] [ 83%] Built target distance_warning__rosidl_generator_py
[6.661s] [35m[1mConsolidate compiler generated dependencies of target distance_warning__rosidl_typesupport_introspection_c__pyext[0m
[6.662s] [35m[1mConsolidate compiler generated dependencies of target distance_warning__rosidl_typesupport_c__pyext[0m
[6.662s] [35m[1mConsolidate compiler generated dependencies of target distance_warning__rosidl_typesupport_fastrtps_c__pyext[0m
[6.671s] [ 87%] Built target distance_warning__rosidl_typesupport_c__pyext
[6.673s] [ 93%] Built target distance_warning__rosidl_typesupport_fastrtps_c__pyext
[6.673s] [ 95%] Built target distance_warning__rosidl_typesupport_introspection_c__pyext
[6.748s] running egg_info
[6.748s] writing distance_warning.egg-info/PKG-INFO
[6.749s] writing dependency_links to distance_warning.egg-info/dependency_links.txt
[6.749s] writing top-level names to distance_warning.egg-info/top_level.txt
[6.751s] reading manifest file 'distance_warning.egg-info/SOURCES.txt'
[6.751s] writing manifest file 'distance_warning.egg-info/SOURCES.txt'
[6.771s] [ 95%] Built target ament_cmake_python_build_distance_warning_egg
[8.536s] [01m[K/home/daonguyenhp2311/ros2_ws/src/distance_warning/src/distance_action_server.cpp:[m[K In constructor ‘[01m[KDistanceActionServer::DistanceActionServer()[m[K’:
[8.536s] [01m[K/home/daonguyenhp2311/ros2_ws/src/distance_warning/src/distance_action_server.cpp:18:68:[m[K [01;31m[Kerror: [m[Kexpected primary-expression before ‘[01m[K...[m[K’ token
[8.536s]    18 |                 std::bind(&DistanceActionServer::handleGoal, this, [01;31m[K...[m[K),
[8.536s]       |                                                                    [01;31m[K^~~[m[K
[8.536s] [01m[K/home/daonguyenhp2311/ros2_ws/src/distance_warning/src/distance_action_server.cpp:19:70:[m[K [01;31m[Kerror: [m[Kexpected primary-expression before ‘[01m[K...[m[K’ token
[8.536s]    19 |                 std::bind(&DistanceActionServer::handleCancel, this, [01;31m[K...[m[K),
[8.536s]       |                                                                      [01;31m[K^~~[m[K
[8.536s] [01m[K/home/daonguyenhp2311/ros2_ws/src/distance_warning/src/distance_action_server.cpp:20:72:[m[K [01;31m[Kerror: [m[Kexpected primary-expression before ‘[01m[K...[m[K’ token
[8.536s]    20 |                 std::bind(&DistanceActionServer::handleAccepted, this, [01;31m[K...[m[K));
[8.536s]       |                                                                        [01;31m[K^~~[m[K
[8.554s] [01m[K/home/daonguyenhp2311/ros2_ws/src/distance_warning/src/distance_action_server.cpp:[m[K In member function ‘[01m[Kvoid DistanceActionServer::execute(std::shared_ptr<rclcpp_action::ServerGoalHandle<distance_warning::action::CheckDistance> >)[m[K’:
[8.555s] [01m[K/home/daonguyenhp2311/ros2_ws/src/distance_warning/src/distance_action_server.cpp:57:36:[m[K [01;31m[Kerror: [m[K‘[01m[Kstrps[m[K’ was not declared in this scope; did you mean ‘[01m[Ksteps[m[K’?
[8.555s]    57 |             for (size_t i = 0; i < [01;31m[Kstrps[m[K.size(); ++i) {
[8.555s]       |                                    [01;31m[K^~~~~[m[K
[8.555s]       |                                    [32m[Ksteps[m[K
[8.952s] gmake[2]: *** [CMakeFiles/distance_action_server.dir/build.make:76: CMakeFiles/distance_action_server.dir/src/distance_action_server.cpp.o] Error 1
[8.952s] gmake[1]: *** [CMakeFiles/Makefile2:699: CMakeFiles/distance_action_server.dir/all] Error 2
[8.952s] gmake[1]: *** Waiting for unfinished jobs....
[9.293s] [ 97%] [32m[1mLinking CXX executable set_threshold_service[0m
[9.510s] [ 97%] Built target set_threshold_service
[9.513s] gmake: *** [Makefile:146: all] Error 2
[9.515s] Invoked command in '/home/daonguyenhp2311/ros2_ws/build/distance_warning' returned '2': CMAKE_PREFIX_PATH=${CMAKE_PREFIX_PATH}:/opt/ros/humble /usr/bin/cmake --build /home/daonguyenhp2311/ros2_ws/build/distance_warning -- -j20 -l20
