[0.008s] Invoking command in '/home/daonguyenhp2311/ros2_ws/build/distance_warning': CMAKE_PREFIX_PATH=${CMAKE_PREFIX_PATH}:/opt/ros/humble /usr/bin/cmake --build /home/daonguyenhp2311/ros2_ws/build/distance_warning -- -j20 -l20
[0.033s] -- Found ament_cmake: 1.3.14 (/opt/ros/humble/share/ament_cmake/cmake)
[0.139s] -- Found rclcpp: 16.0.19 (/opt/ros/humble/share/rclcpp/cmake)
[0.322s] -- Found rosidl_generator_c: 3.1.8 (/opt/ros/humble/share/rosidl_generator_c/cmake)
[0.325s] -- Found rosidl_adapter: 3.1.8 (/opt/ros/humble/share/rosidl_adapter/cmake)
[0.333s] -- Found rosidl_generator_cpp: 3.1.8 (/opt/ros/humble/share/rosidl_generator_cpp/cmake)
[0.344s] -- Using all available rosidl_typesupport_c: rosidl_typesupport_fastrtps_c;rosidl_typesupport_introspection_c
[0.357s] -- Using all available rosidl_typesupport_cpp: rosidl_typesupport_fastrtps_cpp;rosidl_typesupport_introspection_cpp
[0.395s] -- Found rmw_implementation_cmake: 6.1.2 (/opt/ros/humble/share/rmw_implementation_cmake/cmake)
[0.398s] -- Found rmw_fastrtps_cpp: 6.2.10 (/opt/ros/humble/share/rmw_fastrtps_cpp/cmake)
[6.083s] -- Using RMW implementation 'rmw_fastrtps_cpp' as default
[6.138s] -- Found rclcpp_action: 16.0.19 (/opt/ros/humble/share/rclcpp_action/cmake)
[6.170s] -- Found rosidl_default_generators: 1.2.1 (/opt/ros/humble/share/rosidl_default_generators/cmake)
[6.372s] -- Found ament_cmake_ros: 0.10.0 (/opt/ros/humble/share/ament_cmake_ros/cmake)
[6.611s] -- Using all available rosidl_typesupport_c: rosidl_typesupport_fastrtps_c;rosidl_typesupport_introspection_c
[6.694s] -- Using all available rosidl_typesupport_cpp: rosidl_typesupport_fastrtps_cpp;rosidl_typesupport_introspection_cpp
[6.712s] -- Found python_cmake_module: 0.10.0 (/opt/ros/humble/share/python_cmake_module/cmake)
[6.729s] -- Using PYTHON_EXECUTABLE: /usr/bin/python3
[6.729s] -- Using PYTHON_INCLUDE_DIRS: /usr/include/python3.10
[6.729s] -- Using PYTHON_LIBRARIES: /usr/lib/x86_64-linux-gnu/libpython3.10.so
[6.785s] [0mCMake Deprecation Warning at /opt/ros/humble/share/rosidl_cmake/cmake/rosidl_target_interfaces.cmake:32 (message):
[6.785s]   Use rosidl_get_typesupport_target() and target_link_libraries() instead of
[6.785s]   rosidl_target_interfaces()
[6.785s] Call Stack (most recent call first):
[6.785s]   CMakeLists.txt:41 (rosidl_target_interfaces)
[6.785s] 
[6.785s] [0m
[6.786s] [0mCMake Deprecation Warning at /opt/ros/humble/share/rosidl_cmake/cmake/rosidl_target_interfaces.cmake:32 (message):
[6.786s]   Use rosidl_get_typesupport_target() and target_link_libraries() instead of
[6.786s]   rosidl_target_interfaces()
[6.786s] Call Stack (most recent call first):
[6.786s]   CMakeLists.txt:46 (rosidl_target_interfaces)
[6.786s] 
[6.786s] [0m
[6.786s] [0mCMake Deprecation Warning at /opt/ros/humble/share/rosidl_cmake/cmake/rosidl_target_interfaces.cmake:32 (message):
[6.786s]   Use rosidl_get_typesupport_target() and target_link_libraries() instead of
[6.786s]   rosidl_target_interfaces()
[6.786s] Call Stack (most recent call first):
[6.786s]   CMakeLists.txt:51 (rosidl_target_interfaces)
[6.786s] 
[6.786s] [0m
[6.788s] -- Found ament_lint_auto: 0.12.15 (/opt/ros/humble/share/ament_lint_auto/cmake)
[6.803s] -- Added test 'cppcheck' to perform static code analysis on C / C++ code
[6.804s] -- Configured cppcheck include dirs: 
[6.804s] -- Configured cppcheck exclude dirs and/or files: 
[6.804s] -- Added test 'lint_cmake' to check CMake code style
[6.805s] -- Added test 'uncrustify' to check C / C++ code style
[6.805s] -- Configured uncrustify additional arguments: 
[6.806s] -- Added test 'xmllint' to check XML markup files
[6.808s] -- Configuring done
[6.853s] -- Generating done
[6.869s] -- Build files have been written to: /home/daonguyenhp2311/ros2_ws/build/distance_warning
[6.893s] [35m[1mConsolidate compiler generated dependencies of target distance_publisher[0m
[6.893s] [35m[1mConsolidate compiler generated dependencies of target distance_warning__rosidl_generator_c[0m
[6.894s] [35m[1mConsolidate compiler generated dependencies of target distance_listener[0m
[6.899s] [  2%] Built target distance_warning__rs
[6.899s] [  4%] Built target distance_warning__cpp
[6.903s] [ 12%] Built target distance_warning__rosidl_generator_c
[6.905s] [ 12%] Built target ament_cmake_python_copy_distance_warning
[6.907s] [ 16%] Built target distance_listener
[6.907s] [ 20%] Built target distance_publisher
[6.909s] [35m[1mConsolidate compiler generated dependencies of target distance_warning__rosidl_typesupport_introspection_cpp[0m
[6.912s] [35m[1mConsolidate compiler generated dependencies of target distance_warning__rosidl_typesupport_introspection_c[0m
[6.912s] [35m[1mConsolidate compiler generated dependencies of target distance_warning__rosidl_typesupport_fastrtps_c[0m
[6.912s] [35m[1mConsolidate compiler generated dependencies of target distance_warning__rosidl_typesupport_fastrtps_cpp[0m
[6.913s] [35m[1mConsolidate compiler generated dependencies of target distance_warning__rosidl_typesupport_cpp[0m
[6.914s] [35m[1mConsolidate compiler generated dependencies of target distance_warning__rosidl_typesupport_c[0m
[6.920s] [ 28%] Built target distance_warning__rosidl_typesupport_introspection_cpp
[6.920s] [ 36%] Built target distance_warning__rosidl_typesupport_introspection_c
[6.922s] [ 44%] Built target distance_warning__rosidl_typesupport_fastrtps_c
[6.922s] [ 52%] Built target distance_warning__rosidl_typesupport_cpp
[6.924s] [ 60%] Built target distance_warning__rosidl_typesupport_fastrtps_cpp
[6.925s] [ 68%] Built target distance_warning__rosidl_typesupport_c
[6.939s] [ 68%] Built target distance_warning
[6.947s] [35m[1mConsolidate compiler generated dependencies of target distance_action_server[0m
[6.948s] [35m[1mConsolidate compiler generated dependencies of target set_threshold_service[0m
[6.954s] [ 70%] Built target distance_warning__py
[6.954s] [ 72%] [32mBuilding CXX object CMakeFiles/distance_action_client.dir/src/distance_action_client.cpp.o[0m
[6.959s] [ 76%] Built target set_threshold_service
[6.959s] [ 80%] Built target distance_action_server
[6.962s] [35m[1mConsolidate compiler generated dependencies of target distance_warning__rosidl_generator_py[0m
[6.972s] [ 86%] Built target distance_warning__rosidl_generator_py
[6.980s] [35m[1mConsolidate compiler generated dependencies of target distance_warning__rosidl_typesupport_fastrtps_c__pyext[0m
[6.980s] [35m[1mConsolidate compiler generated dependencies of target distance_warning__rosidl_typesupport_introspection_c__pyext[0m
[6.981s] [35m[1mConsolidate compiler generated dependencies of target distance_warning__rosidl_typesupport_c__pyext[0m
[6.990s] [ 90%] Built target distance_warning__rosidl_typesupport_introspection_c__pyext
[6.990s] [ 94%] Built target distance_warning__rosidl_typesupport_fastrtps_c__pyext
[6.992s] [ 98%] Built target distance_warning__rosidl_typesupport_c__pyext
[7.066s] running egg_info
[7.067s] writing distance_warning.egg-info/PKG-INFO
[7.067s] writing dependency_links to distance_warning.egg-info/dependency_links.txt
[7.067s] writing top-level names to distance_warning.egg-info/top_level.txt
[7.069s] reading manifest file 'distance_warning.egg-info/SOURCES.txt'
[7.069s] writing manifest file 'distance_warning.egg-info/SOURCES.txt'
[7.088s] [ 98%] Built target ament_cmake_python_build_distance_warning_egg
[9.970s] [100%] [32m[1mLinking CXX executable distance_action_client[0m
[10.196s] [100%] Built target distance_action_client
[10.206s] Invoked command in '/home/daonguyenhp2311/ros2_ws/build/distance_warning' returned '0': CMAKE_PREFIX_PATH=${CMAKE_PREFIX_PATH}:/opt/ros/humble /usr/bin/cmake --build /home/daonguyenhp2311/ros2_ws/build/distance_warning -- -j20 -l20
[10.214s] Invoking command in '/home/daonguyenhp2311/ros2_ws/build/distance_warning': CMAKE_PREFIX_PATH=${CMAKE_PREFIX_PATH}:/opt/ros/humble /usr/bin/cmake --install /home/daonguyenhp2311/ros2_ws/build/distance_warning
[10.219s] -- Install configuration: ""
[10.219s] -- Up-to-date: /home/daonguyenhp2311/ros2_ws/install/distance_warning/share/ament_index/resource_index/rosidl_interfaces/distance_warning
[10.219s] -- Up-to-date: /home/daonguyenhp2311/ros2_ws/install/distance_warning/include/distance_warning/distance_warning
[10.219s] -- Up-to-date: /home/daonguyenhp2311/ros2_ws/install/distance_warning/include/distance_warning/distance_warning/msg
[10.219s] -- Up-to-date: /home/daonguyenhp2311/ros2_ws/install/distance_warning/include/distance_warning/distance_warning/msg/rosidl_generator_c__visibility_control.h
[10.219s] -- Up-to-date: /home/daonguyenhp2311/ros2_ws/install/distance_warning/include/distance_warning/distance_warning/action
[10.219s] -- Up-to-date: /home/daonguyenhp2311/ros2_ws/install/distance_warning/include/distance_warning/distance_warning/action/detail
[10.219s] -- Up-to-date: /home/daonguyenhp2311/ros2_ws/install/distance_warning/include/distance_warning/distance_warning/action/detail/check_distance__struct.h
[10.219s] -- Up-to-date: /home/daonguyenhp2311/ros2_ws/install/distance_warning/include/distance_warning/distance_warning/action/detail/check_distance__functions.h
[10.219s] -- Up-to-date: /home/daonguyenhp2311/ros2_ws/install/distance_warning/include/distance_warning/distance_warning/action/detail/check_distance__type_support.h
[10.219s] -- Up-to-date: /home/daonguyenhp2311/ros2_ws/install/distance_warning/include/distance_warning/distance_warning/action/detail/check_distance__functions.c
[10.219s] -- Up-to-date: /home/daonguyenhp2311/ros2_ws/install/distance_warning/include/distance_warning/distance_warning/action/check_distance.h
[10.220s] -- Up-to-date: /home/daonguyenhp2311/ros2_ws/install/distance_warning/include/distance_warning/distance_warning/srv
[10.220s] -- Up-to-date: /home/daonguyenhp2311/ros2_ws/install/distance_warning/include/distance_warning/distance_warning/srv/detail
[10.220s] -- Up-to-date: /home/daonguyenhp2311/ros2_ws/install/distance_warning/include/distance_warning/distance_warning/srv/detail/set_threshold__type_support.h
[10.220s] -- Up-to-date: /home/daonguyenhp2311/ros2_ws/install/distance_warning/include/distance_warning/distance_warning/srv/detail/set_threshold__functions.h
[10.220s] -- Up-to-date: /home/daonguyenhp2311/ros2_ws/install/distance_warning/include/distance_warning/distance_warning/srv/detail/set_threshold__functions.c
[10.220s] -- Up-to-date: /home/daonguyenhp2311/ros2_ws/install/distance_warning/include/distance_warning/distance_warning/srv/detail/set_threshold__struct.h
[10.220s] -- Up-to-date: /home/daonguyenhp2311/ros2_ws/install/distance_warning/include/distance_warning/distance_warning/srv/set_threshold.h
[10.220s] -- Up-to-date: /home/daonguyenhp2311/ros2_ws/install/distance_warning/share/distance_warning/environment/library_path.sh
[10.220s] -- Installing: /home/daonguyenhp2311/ros2_ws/install/distance_warning/share/distance_warning/environment/library_path.dsv
[10.221s] -- Up-to-date: /home/daonguyenhp2311/ros2_ws/install/distance_warning/lib/libdistance_warning__rosidl_generator_c.so
[10.221s] -- Up-to-date: /home/daonguyenhp2311/ros2_ws/install/distance_warning/include/distance_warning/distance_warning
[10.221s] -- Up-to-date: /home/daonguyenhp2311/ros2_ws/install/distance_warning/include/distance_warning/distance_warning/msg
[10.221s] -- Up-to-date: /home/daonguyenhp2311/ros2_ws/install/distance_warning/include/distance_warning/distance_warning/msg/rosidl_typesupport_fastrtps_c__visibility_control.h
[10.221s] -- Up-to-date: /home/daonguyenhp2311/ros2_ws/install/distance_warning/include/distance_warning/distance_warning/action
[10.221s] -- Up-to-date: /home/daonguyenhp2311/ros2_ws/install/distance_warning/include/distance_warning/distance_warning/action/detail
[10.221s] -- Up-to-date: /home/daonguyenhp2311/ros2_ws/install/distance_warning/include/distance_warning/distance_warning/action/detail/check_distance__rosidl_typesupport_fastrtps_c.h
[10.221s] -- Up-to-date: /home/daonguyenhp2311/ros2_ws/install/distance_warning/include/distance_warning/distance_warning/srv
[10.221s] -- Up-to-date: /home/daonguyenhp2311/ros2_ws/install/distance_warning/include/distance_warning/distance_warning/srv/detail
[10.221s] -- Up-to-date: /home/daonguyenhp2311/ros2_ws/install/distance_warning/include/distance_warning/distance_warning/srv/detail/set_threshold__rosidl_typesupport_fastrtps_c.h
[10.221s] -- Up-to-date: /home/daonguyenhp2311/ros2_ws/install/distance_warning/lib/libdistance_warning__rosidl_typesupport_fastrtps_c.so
[10.221s] -- Up-to-date: /home/daonguyenhp2311/ros2_ws/install/distance_warning/include/distance_warning/distance_warning
[10.221s] -- Up-to-date: /home/daonguyenhp2311/ros2_ws/install/distance_warning/include/distance_warning/distance_warning/msg
[10.221s] -- Up-to-date: /home/daonguyenhp2311/ros2_ws/install/distance_warning/include/distance_warning/distance_warning/msg/rosidl_generator_cpp__visibility_control.hpp
[10.222s] -- Up-to-date: /home/daonguyenhp2311/ros2_ws/install/distance_warning/include/distance_warning/distance_warning/action
[10.222s] -- Up-to-date: /home/daonguyenhp2311/ros2_ws/install/distance_warning/include/distance_warning/distance_warning/action/check_distance.hpp
[10.222s] -- Up-to-date: /home/daonguyenhp2311/ros2_ws/install/distance_warning/include/distance_warning/distance_warning/action/detail
[10.222s] -- Up-to-date: /home/daonguyenhp2311/ros2_ws/install/distance_warning/include/distance_warning/distance_warning/action/detail/check_distance__traits.hpp
[10.222s] -- Up-to-date: /home/daonguyenhp2311/ros2_ws/install/distance_warning/include/distance_warning/distance_warning/action/detail/check_distance__struct.hpp
[10.222s] -- Up-to-date: /home/daonguyenhp2311/ros2_ws/install/distance_warning/include/distance_warning/distance_warning/action/detail/check_distance__type_support.hpp
[10.222s] -- Up-to-date: /home/daonguyenhp2311/ros2_ws/install/distance_warning/include/distance_warning/distance_warning/action/detail/check_distance__builder.hpp
[10.222s] -- Up-to-date: /home/daonguyenhp2311/ros2_ws/install/distance_warning/include/distance_warning/distance_warning/srv
[10.222s] -- Up-to-date: /home/daonguyenhp2311/ros2_ws/install/distance_warning/include/distance_warning/distance_warning/srv/detail
[10.223s] -- Up-to-date: /home/daonguyenhp2311/ros2_ws/install/distance_warning/include/distance_warning/distance_warning/srv/detail/set_threshold__type_support.hpp
[10.223s] -- Up-to-date: /home/daonguyenhp2311/ros2_ws/install/distance_warning/include/distance_warning/distance_warning/srv/detail/set_threshold__builder.hpp
[10.223s] -- Up-to-date: /home/daonguyenhp2311/ros2_ws/install/distance_warning/include/distance_warning/distance_warning/srv/detail/set_threshold__struct.hpp
[10.223s] -- Up-to-date: /home/daonguyenhp2311/ros2_ws/install/distance_warning/include/distance_warning/distance_warning/srv/detail/set_threshold__traits.hpp
[10.223s] -- Up-to-date: /home/daonguyenhp2311/ros2_ws/install/distance_warning/include/distance_warning/distance_warning/srv/set_threshold.hpp
[10.223s] -- Up-to-date: /home/daonguyenhp2311/ros2_ws/install/distance_warning/include/distance_warning/distance_warning
[10.223s] -- Up-to-date: /home/daonguyenhp2311/ros2_ws/install/distance_warning/include/distance_warning/distance_warning/msg
[10.223s] -- Up-to-date: /home/daonguyenhp2311/ros2_ws/install/distance_warning/include/distance_warning/distance_warning/msg/rosidl_typesupport_fastrtps_cpp__visibility_control.h
[10.223s] -- Up-to-date: /home/daonguyenhp2311/ros2_ws/install/distance_warning/include/distance_warning/distance_warning/action
[10.223s] -- Up-to-date: /home/daonguyenhp2311/ros2_ws/install/distance_warning/include/distance_warning/distance_warning/action/detail
[10.223s] -- Up-to-date: /home/daonguyenhp2311/ros2_ws/install/distance_warning/include/distance_warning/distance_warning/action/detail/check_distance__rosidl_typesupport_fastrtps_cpp.hpp
[10.223s] -- Up-to-date: /home/daonguyenhp2311/ros2_ws/install/distance_warning/include/distance_warning/distance_warning/action/detail/dds_fastrtps
[10.224s] -- Up-to-date: /home/daonguyenhp2311/ros2_ws/install/distance_warning/include/distance_warning/distance_warning/srv
[10.224s] -- Up-to-date: /home/daonguyenhp2311/ros2_ws/install/distance_warning/include/distance_warning/distance_warning/srv/detail
[10.224s] -- Up-to-date: /home/daonguyenhp2311/ros2_ws/install/distance_warning/include/distance_warning/distance_warning/srv/detail/set_threshold__rosidl_typesupport_fastrtps_cpp.hpp
[10.224s] -- Up-to-date: /home/daonguyenhp2311/ros2_ws/install/distance_warning/include/distance_warning/distance_warning/srv/detail/dds_fastrtps
[10.224s] -- Up-to-date: /home/daonguyenhp2311/ros2_ws/install/distance_warning/lib/libdistance_warning__rosidl_typesupport_fastrtps_cpp.so
[10.224s] -- Up-to-date: /home/daonguyenhp2311/ros2_ws/install/distance_warning/include/distance_warning/distance_warning
[10.224s] -- Up-to-date: /home/daonguyenhp2311/ros2_ws/install/distance_warning/include/distance_warning/distance_warning/msg
[10.224s] -- Up-to-date: /home/daonguyenhp2311/ros2_ws/install/distance_warning/include/distance_warning/distance_warning/msg/rosidl_typesupport_introspection_c__visibility_control.h
[10.224s] -- Up-to-date: /home/daonguyenhp2311/ros2_ws/install/distance_warning/include/distance_warning/distance_warning/action
[10.224s] -- Up-to-date: /home/daonguyenhp2311/ros2_ws/install/distance_warning/include/distance_warning/distance_warning/action/detail
[10.224s] -- Up-to-date: /home/daonguyenhp2311/ros2_ws/install/distance_warning/include/distance_warning/distance_warning/action/detail/check_distance__rosidl_typesupport_introspection_c.h
[10.224s] -- Up-to-date: /home/daonguyenhp2311/ros2_ws/install/distance_warning/include/distance_warning/distance_warning/action/detail/check_distance__type_support.c
[10.224s] -- Up-to-date: /home/daonguyenhp2311/ros2_ws/install/distance_warning/include/distance_warning/distance_warning/srv
[10.224s] -- Up-to-date: /home/daonguyenhp2311/ros2_ws/install/distance_warning/include/distance_warning/distance_warning/srv/detail
[10.224s] -- Up-to-date: /home/daonguyenhp2311/ros2_ws/install/distance_warning/include/distance_warning/distance_warning/srv/detail/set_threshold__rosidl_typesupport_introspection_c.h
[10.224s] -- Up-to-date: /home/daonguyenhp2311/ros2_ws/install/distance_warning/include/distance_warning/distance_warning/srv/detail/set_threshold__type_support.c
[10.224s] -- Up-to-date: /home/daonguyenhp2311/ros2_ws/install/distance_warning/lib/libdistance_warning__rosidl_typesupport_introspection_c.so
[10.224s] -- Up-to-date: /home/daonguyenhp2311/ros2_ws/install/distance_warning/lib/libdistance_warning__rosidl_typesupport_c.so
[10.224s] -- Up-to-date: /home/daonguyenhp2311/ros2_ws/install/distance_warning/include/distance_warning/distance_warning
[10.224s] -- Up-to-date: /home/daonguyenhp2311/ros2_ws/install/distance_warning/include/distance_warning/distance_warning/action
[10.224s] -- Up-to-date: /home/daonguyenhp2311/ros2_ws/install/distance_warning/include/distance_warning/distance_warning/action/detail
[10.224s] -- Up-to-date: /home/daonguyenhp2311/ros2_ws/install/distance_warning/include/distance_warning/distance_warning/action/detail/check_distance__rosidl_typesupport_introspection_cpp.hpp
[10.224s] -- Up-to-date: /home/daonguyenhp2311/ros2_ws/install/distance_warning/include/distance_warning/distance_warning/action/detail/check_distance__type_support.cpp
[10.224s] -- Up-to-date: /home/daonguyenhp2311/ros2_ws/install/distance_warning/include/distance_warning/distance_warning/srv
[10.224s] -- Up-to-date: /home/daonguyenhp2311/ros2_ws/install/distance_warning/include/distance_warning/distance_warning/srv/detail
[10.224s] -- Up-to-date: /home/daonguyenhp2311/ros2_ws/install/distance_warning/include/distance_warning/distance_warning/srv/detail/set_threshold__type_support.cpp
[10.224s] -- Up-to-date: /home/daonguyenhp2311/ros2_ws/install/distance_warning/include/distance_warning/distance_warning/srv/detail/set_threshold__rosidl_typesupport_introspection_cpp.hpp
[10.224s] -- Up-to-date: /home/daonguyenhp2311/ros2_ws/install/distance_warning/lib/libdistance_warning__rosidl_typesupport_introspection_cpp.so
[10.224s] -- Up-to-date: /home/daonguyenhp2311/ros2_ws/install/distance_warning/lib/libdistance_warning__rosidl_typesupport_cpp.so
[10.224s] -- Up-to-date: /home/daonguyenhp2311/ros2_ws/install/distance_warning/share/distance_warning/environment/pythonpath.sh
[10.224s] -- Installing: /home/daonguyenhp2311/ros2_ws/install/distance_warning/share/distance_warning/environment/pythonpath.dsv
[10.224s] -- Up-to-date: /home/daonguyenhp2311/ros2_ws/install/distance_warning/local/lib/python3.10/dist-packages/distance_warning-0.0.0-py3.10.egg-info
[10.224s] -- Installing: /home/daonguyenhp2311/ros2_ws/install/distance_warning/local/lib/python3.10/dist-packages/distance_warning-0.0.0-py3.10.egg-info/top_level.txt
[10.224s] -- Installing: /home/daonguyenhp2311/ros2_ws/install/distance_warning/local/lib/python3.10/dist-packages/distance_warning-0.0.0-py3.10.egg-info/dependency_links.txt
[10.224s] -- Installing: /home/daonguyenhp2311/ros2_ws/install/distance_warning/local/lib/python3.10/dist-packages/distance_warning-0.0.0-py3.10.egg-info/SOURCES.txt
[10.224s] -- Installing: /home/daonguyenhp2311/ros2_ws/install/distance_warning/local/lib/python3.10/dist-packages/distance_warning-0.0.0-py3.10.egg-info/PKG-INFO
[10.224s] -- Up-to-date: /home/daonguyenhp2311/ros2_ws/install/distance_warning/local/lib/python3.10/dist-packages/distance_warning
[10.225s] -- Up-to-date: /home/daonguyenhp2311/ros2_ws/install/distance_warning/local/lib/python3.10/dist-packages/distance_warning/_distance_warning_s.ep.rosidl_typesupport_c.c
[10.225s] -- Up-to-date: /home/daonguyenhp2311/ros2_ws/install/distance_warning/local/lib/python3.10/dist-packages/distance_warning/distance_warning_s__rosidl_typesupport_introspection_c.cpython-310-x86_64-linux-gnu.so
[10.225s] -- Up-to-date: /home/daonguyenhp2311/ros2_ws/install/distance_warning/local/lib/python3.10/dist-packages/distance_warning/_distance_warning_s.ep.rosidl_typesupport_introspection_c.c
[10.225s] -- Up-to-date: /home/daonguyenhp2311/ros2_ws/install/distance_warning/local/lib/python3.10/dist-packages/distance_warning/distance_warning_s__rosidl_typesupport_fastrtps_c.cpython-310-x86_64-linux-gnu.so
[10.225s] -- Installing: /home/daonguyenhp2311/ros2_ws/install/distance_warning/local/lib/python3.10/dist-packages/distance_warning/__init__.py
[10.225s] -- Up-to-date: /home/daonguyenhp2311/ros2_ws/install/distance_warning/local/lib/python3.10/dist-packages/distance_warning/distance_warning_s__rosidl_typesupport_c.cpython-310-x86_64-linux-gnu.so
[10.225s] -- Up-to-date: /home/daonguyenhp2311/ros2_ws/install/distance_warning/local/lib/python3.10/dist-packages/distance_warning/libdistance_warning__rosidl_generator_py.so
[10.225s] -- Up-to-date: /home/daonguyenhp2311/ros2_ws/install/distance_warning/local/lib/python3.10/dist-packages/distance_warning/action
[10.225s] -- Up-to-date: /home/daonguyenhp2311/ros2_ws/install/distance_warning/local/lib/python3.10/dist-packages/distance_warning/action/_check_distance.py
[10.225s] -- Up-to-date: /home/daonguyenhp2311/ros2_ws/install/distance_warning/local/lib/python3.10/dist-packages/distance_warning/action/__init__.py
[10.225s] -- Up-to-date: /home/daonguyenhp2311/ros2_ws/install/distance_warning/local/lib/python3.10/dist-packages/distance_warning/action/_check_distance_s.c
[10.225s] -- Up-to-date: /home/daonguyenhp2311/ros2_ws/install/distance_warning/local/lib/python3.10/dist-packages/distance_warning/_distance_warning_s.ep.rosidl_typesupport_fastrtps_c.c
[10.225s] -- Up-to-date: /home/daonguyenhp2311/ros2_ws/install/distance_warning/local/lib/python3.10/dist-packages/distance_warning/srv
[10.225s] -- Up-to-date: /home/daonguyenhp2311/ros2_ws/install/distance_warning/local/lib/python3.10/dist-packages/distance_warning/srv/__init__.py
[10.225s] -- Up-to-date: /home/daonguyenhp2311/ros2_ws/install/distance_warning/local/lib/python3.10/dist-packages/distance_warning/srv/_set_threshold_s.c
[10.225s] -- Up-to-date: /home/daonguyenhp2311/ros2_ws/install/distance_warning/local/lib/python3.10/dist-packages/distance_warning/srv/_set_threshold.py
[10.247s] Listing '/home/daonguyenhp2311/ros2_ws/install/distance_warning/local/lib/python3.10/dist-packages/distance_warning'...
[10.247s] Compiling '/home/daonguyenhp2311/ros2_ws/install/distance_warning/local/lib/python3.10/dist-packages/distance_warning/__init__.py'...
[10.247s] Listing '/home/daonguyenhp2311/ros2_ws/install/distance_warning/local/lib/python3.10/dist-packages/distance_warning/action'...
[10.247s] Listing '/home/daonguyenhp2311/ros2_ws/install/distance_warning/local/lib/python3.10/dist-packages/distance_warning/srv'...
[10.250s] -- Up-to-date: /home/daonguyenhp2311/ros2_ws/install/distance_warning/local/lib/python3.10/dist-packages/distance_warning/distance_warning_s__rosidl_typesupport_fastrtps_c.cpython-310-x86_64-linux-gnu.so
[10.250s] -- Up-to-date: /home/daonguyenhp2311/ros2_ws/install/distance_warning/local/lib/python3.10/dist-packages/distance_warning/distance_warning_s__rosidl_typesupport_introspection_c.cpython-310-x86_64-linux-gnu.so
[10.250s] -- Up-to-date: /home/daonguyenhp2311/ros2_ws/install/distance_warning/local/lib/python3.10/dist-packages/distance_warning/distance_warning_s__rosidl_typesupport_c.cpython-310-x86_64-linux-gnu.so
[10.250s] -- Up-to-date: /home/daonguyenhp2311/ros2_ws/install/distance_warning/lib/libdistance_warning__rosidl_generator_py.so
[10.250s] -- Up-to-date: /home/daonguyenhp2311/ros2_ws/install/distance_warning/share/ament_index/resource_index/rust_packages/distance_warning
[10.251s] -- Up-to-date: /home/daonguyenhp2311/ros2_ws/install/distance_warning/share/distance_warning/rust
[10.251s] -- Up-to-date: /home/daonguyenhp2311/ros2_ws/install/distance_warning/share/distance_warning/rust/Cargo.toml
[10.251s] -- Up-to-date: /home/daonguyenhp2311/ros2_ws/install/distance_warning/share/distance_warning/rust/src
[10.251s] -- Up-to-date: /home/daonguyenhp2311/ros2_ws/install/distance_warning/share/distance_warning/rust/src/action.rs
[10.251s] -- Up-to-date: /home/daonguyenhp2311/ros2_ws/install/distance_warning/share/distance_warning/rust/src/action
[10.251s] -- Up-to-date: /home/daonguyenhp2311/ros2_ws/install/distance_warning/share/distance_warning/rust/src/action/rmw.rs
[10.251s] -- Up-to-date: /home/daonguyenhp2311/ros2_ws/install/distance_warning/share/distance_warning/rust/src/lib.rs
[10.251s] -- Up-to-date: /home/daonguyenhp2311/ros2_ws/install/distance_warning/share/distance_warning/rust/src/srv
[10.251s] -- Up-to-date: /home/daonguyenhp2311/ros2_ws/install/distance_warning/share/distance_warning/rust/src/srv/rmw.rs
[10.251s] -- Up-to-date: /home/daonguyenhp2311/ros2_ws/install/distance_warning/share/distance_warning/rust/src/srv.rs
[10.251s] -- Up-to-date: /home/daonguyenhp2311/ros2_ws/install/distance_warning/share/distance_warning/rust/build.rs
[10.251s] -- Up-to-date: /home/daonguyenhp2311/ros2_ws/install/distance_warning/share/distance_warning/srv/SetThreshold.idl
[10.251s] -- Up-to-date: /home/daonguyenhp2311/ros2_ws/install/distance_warning/share/distance_warning/action/CheckDistance.idl
[10.251s] -- Up-to-date: /home/daonguyenhp2311/ros2_ws/install/distance_warning/share/distance_warning/srv/SetThreshold.srv
[10.251s] -- Up-to-date: /home/daonguyenhp2311/ros2_ws/install/distance_warning/share/distance_warning/srv/SetThreshold_Request.msg
[10.251s] -- Up-to-date: /home/daonguyenhp2311/ros2_ws/install/distance_warning/share/distance_warning/srv/SetThreshold_Response.msg
[10.251s] -- Up-to-date: /home/daonguyenhp2311/ros2_ws/install/distance_warning/share/distance_warning/action/CheckDistance.action
[10.251s] -- Up-to-date: /home/daonguyenhp2311/ros2_ws/install/distance_warning/lib/distance_warning/distance_publisher
[10.252s] -- Up-to-date: /home/daonguyenhp2311/ros2_ws/install/distance_warning/lib/distance_warning/distance_listener
[10.252s] -- Up-to-date: /home/daonguyenhp2311/ros2_ws/install/distance_warning/lib/distance_warning/set_threshold_service
[10.252s] -- Up-to-date: /home/daonguyenhp2311/ros2_ws/install/distance_warning/lib/distance_warning/distance_action_server
[10.252s] -- Installing: /home/daonguyenhp2311/ros2_ws/install/distance_warning/lib/distance_warning/distance_action_client
[10.252s] -- Set runtime path of "/home/daonguyenhp2311/ros2_ws/install/distance_warning/lib/distance_warning/distance_action_client" to ""
[10.252s] -- Up-to-date: /home/daonguyenhp2311/ros2_ws/install/distance_warning/share/ament_index/resource_index/package_run_dependencies/distance_warning
[10.252s] -- Up-to-date: /home/daonguyenhp2311/ros2_ws/install/distance_warning/share/ament_index/resource_index/parent_prefix_path/distance_warning
[10.252s] -- Up-to-date: /home/daonguyenhp2311/ros2_ws/install/distance_warning/share/distance_warning/environment/ament_prefix_path.sh
[10.252s] -- Installing: /home/daonguyenhp2311/ros2_ws/install/distance_warning/share/distance_warning/environment/ament_prefix_path.dsv
[10.253s] -- Up-to-date: /home/daonguyenhp2311/ros2_ws/install/distance_warning/share/distance_warning/environment/path.sh
[10.253s] -- Installing: /home/daonguyenhp2311/ros2_ws/install/distance_warning/share/distance_warning/environment/path.dsv
[10.253s] -- Up-to-date: /home/daonguyenhp2311/ros2_ws/install/distance_warning/share/distance_warning/local_setup.bash
[10.253s] -- Up-to-date: /home/daonguyenhp2311/ros2_ws/install/distance_warning/share/distance_warning/local_setup.sh
[10.253s] -- Up-to-date: /home/daonguyenhp2311/ros2_ws/install/distance_warning/share/distance_warning/local_setup.zsh
[10.253s] -- Installing: /home/daonguyenhp2311/ros2_ws/install/distance_warning/share/distance_warning/local_setup.dsv
[10.253s] -- Installing: /home/daonguyenhp2311/ros2_ws/install/distance_warning/share/distance_warning/package.dsv
[10.254s] -- Up-to-date: /home/daonguyenhp2311/ros2_ws/install/distance_warning/share/ament_index/resource_index/packages/distance_warning
[10.254s] -- Up-to-date: /home/daonguyenhp2311/ros2_ws/install/distance_warning/share/distance_warning/cmake/export_distance_warning__rosidl_generator_cExport.cmake
[10.254s] -- Up-to-date: /home/daonguyenhp2311/ros2_ws/install/distance_warning/share/distance_warning/cmake/export_distance_warning__rosidl_generator_cExport-noconfig.cmake
[10.254s] -- Up-to-date: /home/daonguyenhp2311/ros2_ws/install/distance_warning/share/distance_warning/cmake/export_distance_warning__rosidl_typesupport_fastrtps_cExport.cmake
[10.254s] -- Up-to-date: /home/daonguyenhp2311/ros2_ws/install/distance_warning/share/distance_warning/cmake/export_distance_warning__rosidl_typesupport_fastrtps_cExport-noconfig.cmake
[10.254s] -- Up-to-date: /home/daonguyenhp2311/ros2_ws/install/distance_warning/share/distance_warning/cmake/export_distance_warning__rosidl_generator_cppExport.cmake
[10.254s] -- Up-to-date: /home/daonguyenhp2311/ros2_ws/install/distance_warning/share/distance_warning/cmake/export_distance_warning__rosidl_typesupport_fastrtps_cppExport.cmake
[10.254s] -- Up-to-date: /home/daonguyenhp2311/ros2_ws/install/distance_warning/share/distance_warning/cmake/export_distance_warning__rosidl_typesupport_fastrtps_cppExport-noconfig.cmake
[10.254s] -- Up-to-date: /home/daonguyenhp2311/ros2_ws/install/distance_warning/share/distance_warning/cmake/distance_warning__rosidl_typesupport_introspection_cExport.cmake
[10.254s] -- Up-to-date: /home/daonguyenhp2311/ros2_ws/install/distance_warning/share/distance_warning/cmake/distance_warning__rosidl_typesupport_introspection_cExport-noconfig.cmake
[10.254s] -- Up-to-date: /home/daonguyenhp2311/ros2_ws/install/distance_warning/share/distance_warning/cmake/distance_warning__rosidl_typesupport_cExport.cmake
[10.254s] -- Up-to-date: /home/daonguyenhp2311/ros2_ws/install/distance_warning/share/distance_warning/cmake/distance_warning__rosidl_typesupport_cExport-noconfig.cmake
[10.254s] -- Up-to-date: /home/daonguyenhp2311/ros2_ws/install/distance_warning/share/distance_warning/cmake/distance_warning__rosidl_typesupport_introspection_cppExport.cmake
[10.255s] -- Up-to-date: /home/daonguyenhp2311/ros2_ws/install/distance_warning/share/distance_warning/cmake/distance_warning__rosidl_typesupport_introspection_cppExport-noconfig.cmake
[10.255s] -- Up-to-date: /home/daonguyenhp2311/ros2_ws/install/distance_warning/share/distance_warning/cmake/distance_warning__rosidl_typesupport_cppExport.cmake
[10.255s] -- Up-to-date: /home/daonguyenhp2311/ros2_ws/install/distance_warning/share/distance_warning/cmake/distance_warning__rosidl_typesupport_cppExport-noconfig.cmake
[10.255s] -- Up-to-date: /home/daonguyenhp2311/ros2_ws/install/distance_warning/share/distance_warning/cmake/export_distance_warning__rosidl_generator_pyExport.cmake
[10.255s] -- Up-to-date: /home/daonguyenhp2311/ros2_ws/install/distance_warning/share/distance_warning/cmake/export_distance_warning__rosidl_generator_pyExport-noconfig.cmake
[10.255s] -- Up-to-date: /home/daonguyenhp2311/ros2_ws/install/distance_warning/share/distance_warning/cmake/rosidl_cmake-extras.cmake
[10.255s] -- Up-to-date: /home/daonguyenhp2311/ros2_ws/install/distance_warning/share/distance_warning/cmake/ament_cmake_export_dependencies-extras.cmake
[10.255s] -- Up-to-date: /home/daonguyenhp2311/ros2_ws/install/distance_warning/share/distance_warning/cmake/ament_cmake_export_include_directories-extras.cmake
[10.255s] -- Up-to-date: /home/daonguyenhp2311/ros2_ws/install/distance_warning/share/distance_warning/cmake/ament_cmake_export_libraries-extras.cmake
[10.255s] -- Up-to-date: /home/daonguyenhp2311/ros2_ws/install/distance_warning/share/distance_warning/cmake/ament_cmake_export_targets-extras.cmake
[10.255s] -- Up-to-date: /home/daonguyenhp2311/ros2_ws/install/distance_warning/share/distance_warning/cmake/rosidl_cmake_export_typesupport_targets-extras.cmake
[10.255s] -- Up-to-date: /home/daonguyenhp2311/ros2_ws/install/distance_warning/share/distance_warning/cmake/rosidl_cmake_export_typesupport_libraries-extras.cmake
[10.255s] -- Up-to-date: /home/daonguyenhp2311/ros2_ws/install/distance_warning/share/distance_warning/cmake/distance_warningConfig.cmake
[10.255s] -- Up-to-date: /home/daonguyenhp2311/ros2_ws/install/distance_warning/share/distance_warning/cmake/distance_warningConfig-version.cmake
[10.255s] -- Up-to-date: /home/daonguyenhp2311/ros2_ws/install/distance_warning/share/distance_warning/package.xml
[10.257s] Invoked command in '/home/daonguyenhp2311/ros2_ws/build/distance_warning' returned '0': CMAKE_PREFIX_PATH=${CMAKE_PREFIX_PATH}:/opt/ros/humble /usr/bin/cmake --install /home/daonguyenhp2311/ros2_ws/build/distance_warning
