[01m[K/home/daonguyenhp2311/ros2_ws/src/distance_warning/src/distance_action_server.cpp:[m[K In constructor ‘[01m[KDistanceActionServer::DistanceActionServer()[m[K’:
[01m[K/home/daonguyenhp2311/ros2_ws/src/distance_warning/src/distance_action_server.cpp:18:68:[m[K [01;31m[Kerror: [m[K‘[01m[K_1[m[K’ was not declared in this scope; did you mean ‘[01m[Kstd::placeholders::_1[m[K’?
   18 |                 std::bind(&DistanceActionServer::handleGoal, this, [01;31m[K_1[m[K, _2),
      |                                                                    [01;31m[K^~[m[K
      |                                                                    [32m[Kstd::placeholders::_1[m[K
In file included from [01m[K/usr/include/c++/11/pstl/glue_algorithm_defs.h:13[m[K,
                 from [01m[K/usr/include/c++/11/algorithm:74[m[K,
                 from [01m[K/opt/ros/humble/include/rclcpp/rclcpp/executor.hpp:18[m[K,
                 from [01m[K/opt/ros/humble/include/rclcpp/rclcpp/executors/multi_threaded_executor.hpp:25[m[K,
                 from [01m[K/opt/ros/humble/include/rclcpp/rclcpp/executors.hpp:21[m[K,
                 from [01m[K/opt/ros/humble/include/rclcpp/rclcpp/rclcpp.hpp:155[m[K,
                 from [01m[K/home/daonguyenhp2311/ros2_ws/src/distance_warning/src/distance_action_server.cpp:1[m[K:
[01m[K/usr/include/c++/11/functional:225:34:[m[K [01;36m[Knote: [m[K‘[01m[Kstd::placeholders::_1[m[K’ declared here
  225 |     extern const _Placeholder<1> [01;36m[K_1[m[K;
      |                                  [01;36m[K^~[m[K
[01m[K/home/daonguyenhp2311/ros2_ws/src/distance_warning/src/distance_action_server.cpp:18:72:[m[K [01;31m[Kerror: [m[K‘[01m[K_2[m[K’ was not declared in this scope; did you mean ‘[01m[Kstd::placeholders::_2[m[K’?
   18 |                 std::bind(&DistanceActionServer::handleGoal, this, _1, [01;31m[K_2[m[K),
      |                                                                        [01;31m[K^~[m[K
      |                                                                        [32m[Kstd::placeholders::_2[m[K
In file included from [01m[K/usr/include/c++/11/pstl/glue_algorithm_defs.h:13[m[K,
                 from [01m[K/usr/include/c++/11/algorithm:74[m[K,
                 from [01m[K/opt/ros/humble/include/rclcpp/rclcpp/executor.hpp:18[m[K,
                 from [01m[K/opt/ros/humble/include/rclcpp/rclcpp/executors/multi_threaded_executor.hpp:25[m[K,
                 from [01m[K/opt/ros/humble/include/rclcpp/rclcpp/executors.hpp:21[m[K,
                 from [01m[K/opt/ros/humble/include/rclcpp/rclcpp/rclcpp.hpp:155[m[K,
                 from [01m[K/home/daonguyenhp2311/ros2_ws/src/distance_warning/src/distance_action_server.cpp:1[m[K:
[01m[K/usr/include/c++/11/functional:226:34:[m[K [01;36m[Knote: [m[K‘[01m[Kstd::placeholders::_2[m[K’ declared here
  226 |     extern const _Placeholder<2> [01;36m[K_2[m[K;
      |                                  [01;36m[K^~[m[K
gmake[2]: *** [CMakeFiles/distance_action_server.dir/build.make:76: CMakeFiles/distance_action_server.dir/src/distance_action_server.cpp.o] Error 1
gmake[1]: *** [CMakeFiles/Makefile2:699: CMakeFiles/distance_action_server.dir/all] Error 2
gmake: *** [Makefile:146: all] Error 2
