[  2%] Built target distance_warning__rs
[  4%] Built target distance_warning__cpp
[ 12%] Built target distance_warning__rosidl_generator_c
[ 16%] Built target distance_publisher
[ 20%] Built target distance_listener
[ 20%] Built target ament_cmake_python_copy_distance_warning
[ 29%] Built target distance_warning__rosidl_typesupport_cpp
[ 37%] Built target distance_warning__rosidl_typesupport_c
[ 45%] Built target distance_warning__rosidl_typesupport_introspection_cpp
[ 54%] Built target distance_warning__rosidl_typesupport_introspection_c
[ 62%] Built target distance_warning__rosidl_typesupport_fastrtps_cpp
[ 70%] Built target distance_warning__rosidl_typesupport_fastrtps_c
[ 70%] Built target distance_warning
[35m[1mConsolidate compiler generated dependencies of target distance_action_server[0m
[35m[1mConsolidate compiler generated dependencies of target set_threshold_service[0m
[ 72%] Built target distance_warning__py
[ 75%] [32mBuilding CXX object CMakeFiles/distance_action_server.dir/src/distance_action_server.cpp.o[0m
[ 79%] Built target set_threshold_service
[ 85%] Built target distance_warning__rosidl_generator_py
[ 89%] Built target distance_warning__rosidl_typesupport_c__pyext
[ 93%] Built target distance_warning__rosidl_typesupport_fastrtps_c__pyext
[ 97%] Built target distance_warning__rosidl_typesupport_introspection_c__pyext
running egg_info
writing distance_warning.egg-info/PKG-INFO
writing dependency_links to distance_warning.egg-info/dependency_links.txt
writing top-level names to distance_warning.egg-info/top_level.txt
reading manifest file 'distance_warning.egg-info/SOURCES.txt'
writing manifest file 'distance_warning.egg-info/SOURCES.txt'
[ 97%] Built target ament_cmake_python_build_distance_warning_egg
