[0.013s] Invoking command in '/home/daonguyenhp2311/ros2_ws/build/distance_warning': CMAKE_PREFIX_PATH=${CMAKE_PREFIX_PATH}:/opt/ros/humble /usr/bin/cmake --build /home/daonguyenhp2311/ros2_ws/build/distance_warning -- -j20 -l20
[0.091s] [  2%] Built target distance_warning__rs
[0.092s] [  4%] Built target distance_warning__cpp
[0.093s] [ 12%] Built target distance_warning__rosidl_generator_c
[0.097s] [ 16%] Built target distance_publisher
[0.099s] [ 20%] Built target distance_listener
[0.109s] [ 20%] Built target ament_cmake_python_copy_distance_warning
[0.113s] [ 29%] Built target distance_warning__rosidl_typesupport_cpp
[0.114s] [ 37%] Built target distance_warning__rosidl_typesupport_c
[0.115s] [ 45%] Built target distance_warning__rosidl_typesupport_introspection_cpp
[0.115s] [ 54%] Built target distance_warning__rosidl_typesupport_introspection_c
[0.115s] [ 62%] Built target distance_warning__rosidl_typesupport_fastrtps_cpp
[0.119s] [ 70%] Built target distance_warning__rosidl_typesupport_fastrtps_c
[0.135s] [ 70%] Built target distance_warning
[0.146s] [35m[1mConsolidate compiler generated dependencies of target distance_action_server[0m
[0.149s] [35m[1mConsolidate compiler generated dependencies of target set_threshold_service[0m
[0.151s] [ 72%] Built target distance_warning__py
[0.159s] [ 75%] [32mBuilding CXX object CMakeFiles/distance_action_server.dir/src/distance_action_server.cpp.o[0m
[0.161s] [ 79%] Built target set_threshold_service
[0.170s] [ 85%] Built target distance_warning__rosidl_generator_py
[0.189s] [ 89%] Built target distance_warning__rosidl_typesupport_c__pyext
[0.189s] [ 93%] Built target distance_warning__rosidl_typesupport_fastrtps_c__pyext
[0.189s] [ 97%] Built target distance_warning__rosidl_typesupport_introspection_c__pyext
[0.264s] running egg_info
[0.264s] writing distance_warning.egg-info/PKG-INFO
[0.265s] writing dependency_links to distance_warning.egg-info/dependency_links.txt
[0.265s] writing top-level names to distance_warning.egg-info/top_level.txt
[0.267s] reading manifest file 'distance_warning.egg-info/SOURCES.txt'
[0.268s] writing manifest file 'distance_warning.egg-info/SOURCES.txt'
[0.290s] [ 97%] Built target ament_cmake_python_build_distance_warning_egg
[2.041s] [01m[K/home/daonguyenhp2311/ros2_ws/src/distance_warning/src/distance_action_server.cpp:[m[K In constructor ‘[01m[KDistanceActionServer::DistanceActionServer()[m[K’:
[2.041s] [01m[K/home/daonguyenhp2311/ros2_ws/src/distance_warning/src/distance_action_server.cpp:18:68:[m[K [01;31m[Kerror: [m[K‘[01m[K_1[m[K’ was not declared in this scope; did you mean ‘[01m[Kstd::placeholders::_1[m[K’?
[2.041s]    18 |                 std::bind(&DistanceActionServer::handleGoal, this, [01;31m[K_1[m[K, _2),
[2.041s]       |                                                                    [01;31m[K^~[m[K
[2.041s]       |                                                                    [32m[Kstd::placeholders::_1[m[K
[2.041s] In file included from [01m[K/usr/include/c++/11/pstl/glue_algorithm_defs.h:13[m[K,
[2.041s]                  from [01m[K/usr/include/c++/11/algorithm:74[m[K,
[2.041s]                  from [01m[K/opt/ros/humble/include/rclcpp/rclcpp/executor.hpp:18[m[K,
[2.041s]                  from [01m[K/opt/ros/humble/include/rclcpp/rclcpp/executors/multi_threaded_executor.hpp:25[m[K,
[2.041s]                  from [01m[K/opt/ros/humble/include/rclcpp/rclcpp/executors.hpp:21[m[K,
[2.041s]                  from [01m[K/opt/ros/humble/include/rclcpp/rclcpp/rclcpp.hpp:155[m[K,
[2.041s]                  from [01m[K/home/daonguyenhp2311/ros2_ws/src/distance_warning/src/distance_action_server.cpp:1[m[K:
[2.041s] [01m[K/usr/include/c++/11/functional:225:34:[m[K [01;36m[Knote: [m[K‘[01m[Kstd::placeholders::_1[m[K’ declared here
[2.041s]   225 |     extern const _Placeholder<1> [01;36m[K_1[m[K;
[2.041s]       |                                  [01;36m[K^~[m[K
[2.041s] [01m[K/home/daonguyenhp2311/ros2_ws/src/distance_warning/src/distance_action_server.cpp:18:72:[m[K [01;31m[Kerror: [m[K‘[01m[K_2[m[K’ was not declared in this scope; did you mean ‘[01m[Kstd::placeholders::_2[m[K’?
[2.041s]    18 |                 std::bind(&DistanceActionServer::handleGoal, this, _1, [01;31m[K_2[m[K),
[2.041s]       |                                                                        [01;31m[K^~[m[K
[2.041s]       |                                                                        [32m[Kstd::placeholders::_2[m[K
[2.041s] In file included from [01m[K/usr/include/c++/11/pstl/glue_algorithm_defs.h:13[m[K,
[2.041s]                  from [01m[K/usr/include/c++/11/algorithm:74[m[K,
[2.042s]                  from [01m[K/opt/ros/humble/include/rclcpp/rclcpp/executor.hpp:18[m[K,
[2.042s]                  from [01m[K/opt/ros/humble/include/rclcpp/rclcpp/executors/multi_threaded_executor.hpp:25[m[K,
[2.042s]                  from [01m[K/opt/ros/humble/include/rclcpp/rclcpp/executors.hpp:21[m[K,
[2.042s]                  from [01m[K/opt/ros/humble/include/rclcpp/rclcpp/rclcpp.hpp:155[m[K,
[2.042s]                  from [01m[K/home/daonguyenhp2311/ros2_ws/src/distance_warning/src/distance_action_server.cpp:1[m[K:
[2.042s] [01m[K/usr/include/c++/11/functional:226:34:[m[K [01;36m[Knote: [m[K‘[01m[Kstd::placeholders::_2[m[K’ declared here
[2.042s]   226 |     extern const _Placeholder<2> [01;36m[K_2[m[K;
[2.042s]       |                                  [01;36m[K^~[m[K
[2.421s] gmake[2]: *** [CMakeFiles/distance_action_server.dir/build.make:76: CMakeFiles/distance_action_server.dir/src/distance_action_server.cpp.o] Error 1
[2.421s] gmake[1]: *** [CMakeFiles/Makefile2:699: CMakeFiles/distance_action_server.dir/all] Error 2
[2.421s] gmake: *** [Makefile:146: all] Error 2
[2.424s] Invoked command in '/home/daonguyenhp2311/ros2_ws/build/distance_warning' returned '2': CMAKE_PREFIX_PATH=${CMAKE_PREFIX_PATH}:/opt/ros/humble /usr/bin/cmake --build /home/daonguyenhp2311/ros2_ws/build/distance_warning -- -j20 -l20
