[0.010s] Invoking command in '/home/daonguyenhp2311/ros2_ws/build/distance_warning': CMAKE_PREFIX_PATH=/opt/ros/humble /usr/bin/cmake /home/daonguyenhp2311/ros2_ws/src/distance_warning -DCMAKE_INSTALL_PREFIX=/home/daonguyenhp2311/ros2_ws/install/distance_warning
[0.276s] -- The C compiler identification is GNU 11.4.0
[0.850s] -- The CXX compiler identification is GNU 11.4.0
[1.260s] -- Detecting C compiler ABI info
[1.408s] -- Detecting C compiler ABI info - done
[1.413s] -- Check for working C compiler: /usr/bin/cc - skipped
[1.423s] -- Detecting C compile features
[1.423s] -- Detecting C compile features - done
[1.427s] -- Detecting CXX compiler ABI info
[1.582s] -- Detecting CXX compiler ABI info - done
[1.587s] -- Check for working CXX compiler: /usr/bin/c++ - skipped
[1.587s] -- Detecting CXX compile features
[1.587s] -- Detecting CXX compile features - done
[1.611s] -- Found ament_cmake: 1.3.14 (/opt/ros/humble/share/ament_cmake/cmake)
[1.718s] -- Found Python3: /usr/bin/python3 (found version "3.10.12") found components: Interpreter 
[1.811s] -- Found rclcpp: 16.0.19 (/opt/ros/humble/share/rclcpp/cmake)
[2.030s] -- Found rosidl_generator_c: 3.1.8 (/opt/ros/humble/share/rosidl_generator_c/cmake)
[2.035s] -- Found rosidl_adapter: 3.1.8 (/opt/ros/humble/share/rosidl_adapter/cmake)
[2.044s] -- Found rosidl_generator_cpp: 3.1.8 (/opt/ros/humble/share/rosidl_generator_cpp/cmake)
[2.063s] -- Using all available rosidl_typesupport_c: rosidl_typesupport_fastrtps_c;rosidl_typesupport_introspection_c
[2.081s] -- Using all available rosidl_typesupport_cpp: rosidl_typesupport_fastrtps_cpp;rosidl_typesupport_introspection_cpp
[2.129s] -- Found rmw_implementation_cmake: 6.1.2 (/opt/ros/humble/share/rmw_implementation_cmake/cmake)
[2.132s] -- Found rmw_fastrtps_cpp: 6.2.10 (/opt/ros/humble/share/rmw_fastrtps_cpp/cmake)
[3.512s] -- Found OpenSSL: /usr/lib/x86_64-linux-gnu/libcrypto.so (found version "3.0.2")  
[5.027s] -- Found FastRTPS: /opt/ros/humble/include  
[7.886s] -- Using RMW implementation 'rmw_fastrtps_cpp' as default
[7.897s] -- Looking for pthread.h
[8.051s] -- Looking for pthread.h - found
[8.052s] -- Performing Test CMAKE_HAVE_LIBC_PTHREAD
[8.196s] -- Performing Test CMAKE_HAVE_LIBC_PTHREAD - Success
[8.197s] -- Found Threads: TRUE  
[8.254s] -- Found rclcpp_action: 16.0.19 (/opt/ros/humble/share/rclcpp_action/cmake)
[8.296s] -- Found rosidl_default_generators: 1.2.1 (/opt/ros/humble/share/rosidl_default_generators/cmake)
[8.501s] -- Found ament_cmake_ros: 0.10.0 (/opt/ros/humble/share/ament_cmake_ros/cmake)
[8.721s] -- Using all available rosidl_typesupport_c: rosidl_typesupport_fastrtps_c;rosidl_typesupport_introspection_c
[8.804s] -- Using all available rosidl_typesupport_cpp: rosidl_typesupport_fastrtps_cpp;rosidl_typesupport_introspection_cpp
[8.943s] -- Found PythonInterp: /usr/bin/python3 (found suitable version "3.10.12", minimum required is "3.6") 
[8.946s] -- Found python_cmake_module: 0.10.0 (/opt/ros/humble/share/python_cmake_module/cmake)
[9.380s] -- Found PythonLibs: /usr/lib/x86_64-linux-gnu/libpython3.10.so (found suitable version "3.10.12", minimum required is "3.5") 
[9.380s] -- Using PYTHON_EXECUTABLE: /usr/bin/python3
[9.380s] -- Using PYTHON_INCLUDE_DIRS: /usr/include/python3.10
[9.380s] -- Using PYTHON_LIBRARIES: /usr/lib/x86_64-linux-gnu/libpython3.10.so
[9.395s] -- Found PythonExtra: .so  
[9.518s] -- Found ament_lint_auto: 0.12.15 (/opt/ros/humble/share/ament_lint_auto/cmake)
[9.539s] -- Added test 'cppcheck' to perform static code analysis on C / C++ code
[9.539s] -- Configured cppcheck include dirs: 
[9.539s] -- Configured cppcheck exclude dirs and/or files: 
[9.540s] -- Added test 'lint_cmake' to check CMake code style
[9.541s] -- Added test 'uncrustify' to check C / C++ code style
[9.542s] -- Configured uncrustify additional arguments: 
[9.542s] -- Added test 'xmllint' to check XML markup files
[9.546s] -- Configuring done
[9.580s] -- Generating done
[9.589s] -- Build files have been written to: /home/daonguyenhp2311/ros2_ws/build/distance_warning
[9.598s] Invoked command in '/home/daonguyenhp2311/ros2_ws/build/distance_warning' returned '0': CMAKE_PREFIX_PATH=/opt/ros/humble /usr/bin/cmake /home/daonguyenhp2311/ros2_ws/src/distance_warning -DCMAKE_INSTALL_PREFIX=/home/daonguyenhp2311/ros2_ws/install/distance_warning
[9.600s] Invoking command in '/home/daonguyenhp2311/ros2_ws/build/distance_warning': CMAKE_PREFIX_PATH=/opt/ros/humble /usr/bin/cmake --build /home/daonguyenhp2311/ros2_ws/build/distance_warning -- -j20 -l20
[9.617s] -- Found ament_cmake: 1.3.14 (/opt/ros/humble/share/ament_cmake/cmake)
[9.695s] -- Found rclcpp: 16.0.19 (/opt/ros/humble/share/rclcpp/cmake)
[9.839s] -- Found rosidl_generator_c: 3.1.8 (/opt/ros/humble/share/rosidl_generator_c/cmake)
[9.840s] -- Found rosidl_adapter: 3.1.8 (/opt/ros/humble/share/rosidl_adapter/cmake)
[9.845s] -- Found rosidl_generator_cpp: 3.1.8 (/opt/ros/humble/share/rosidl_generator_cpp/cmake)
[9.850s] -- Using all available rosidl_typesupport_c: rosidl_typesupport_fastrtps_c;rosidl_typesupport_introspection_c
[9.858s] -- Using all available rosidl_typesupport_cpp: rosidl_typesupport_fastrtps_cpp;rosidl_typesupport_introspection_cpp
[9.877s] -- Found rmw_implementation_cmake: 6.1.2 (/opt/ros/humble/share/rmw_implementation_cmake/cmake)
[9.877s] -- Found rmw_fastrtps_cpp: 6.2.10 (/opt/ros/humble/share/rmw_fastrtps_cpp/cmake)
[15.204s] -- Using RMW implementation 'rmw_fastrtps_cpp' as default
[15.235s] -- Found rclcpp_action: 16.0.19 (/opt/ros/humble/share/rclcpp_action/cmake)
[15.252s] -- Found rosidl_default_generators: 1.2.1 (/opt/ros/humble/share/rosidl_default_generators/cmake)
[15.431s] -- Found ament_cmake_ros: 0.10.0 (/opt/ros/humble/share/ament_cmake_ros/cmake)
[15.638s] -- Using all available rosidl_typesupport_c: rosidl_typesupport_fastrtps_c;rosidl_typesupport_introspection_c
[15.715s] -- Using all available rosidl_typesupport_cpp: rosidl_typesupport_fastrtps_cpp;rosidl_typesupport_introspection_cpp
[15.731s] -- Found python_cmake_module: 0.10.0 (/opt/ros/humble/share/python_cmake_module/cmake)
[15.746s] -- Using PYTHON_EXECUTABLE: /usr/bin/python3
[15.746s] -- Using PYTHON_INCLUDE_DIRS: /usr/include/python3.10
[15.746s] -- Using PYTHON_LIBRARIES: /usr/lib/x86_64-linux-gnu/libpython3.10.so
[15.802s] -- Found ament_lint_auto: 0.12.15 (/opt/ros/humble/share/ament_lint_auto/cmake)
[15.809s] -- Added test 'cppcheck' to perform static code analysis on C / C++ code
[15.810s] -- Configured cppcheck include dirs: 
[15.810s] -- Configured cppcheck exclude dirs and/or files: 
[15.810s] -- Added test 'lint_cmake' to check CMake code style
[15.811s] -- Added test 'uncrustify' to check C / C++ code style
[15.811s] -- Configured uncrustify additional arguments: 
[15.811s] -- Added test 'xmllint' to check XML markup files
[15.812s] -- Configuring done
[15.841s] -- Generating done
[15.853s] -- Build files have been written to: /home/daonguyenhp2311/ros2_ws/build/distance_warning
[15.882s] [  2%] [34m[1mGenerating C code for ROS interfaces[0m
[15.892s] [  7%] [34m[1mGenerating Rust code for ROS interfaces[0m
[15.892s] [  7%] [34m[1mGenerating C++ code for ROS interfaces[0m
[15.896s] [  9%] [32mBuilding CXX object CMakeFiles/distance_publisher.dir/src/distance_publisher.cpp.o[0m
[15.901s] [  9%] Built target ament_cmake_python_copy_distance_warning
[16.073s] running egg_info
[16.073s] creating distance_warning.egg-info
[16.074s] writing distance_warning.egg-info/PKG-INFO
[16.074s] writing dependency_links to distance_warning.egg-info/dependency_links.txt
[16.074s] writing top-level names to distance_warning.egg-info/top_level.txt
[16.074s] writing manifest file 'distance_warning.egg-info/SOURCES.txt'
[16.077s] reading manifest file 'distance_warning.egg-info/SOURCES.txt'
[16.077s] writing manifest file 'distance_warning.egg-info/SOURCES.txt'
[16.098s] [  9%] Built target ament_cmake_python_build_distance_warning_egg
[16.141s] [  9%] Built target distance_warning__rs
[16.272s] [ 14%] [32mBuilding C object CMakeFiles/distance_warning__rosidl_generator_c.dir/rosidl_generator_c/distance_warning/srv/detail/set_threshold__functions.c.o[0m
[16.272s] [ 14%] [32mBuilding C object CMakeFiles/distance_warning__rosidl_generator_c.dir/rosidl_generator_c/distance_warning/action/detail/check_distance__functions.c.o[0m
[16.272s] [ 14%] Built target distance_warning__cpp
[16.280s] [ 16%] [34m[1mGenerating C++ type support for eProsima Fast-RTPS[0m
[16.281s] [ 21%] [34m[1mGenerating C++ introspection for ROS interfaces[0m
[16.281s] [ 21%] [34m[1mGenerating C++ type support dispatch for ROS interfaces[0m
[16.377s] [ 23%] [32m[1mLinking C shared library libdistance_warning__rosidl_generator_c.so[0m
[16.547s] [ 26%] [32mBuilding CXX object CMakeFiles/distance_warning__rosidl_typesupport_cpp.dir/rosidl_typesupport_cpp/distance_warning/srv/set_threshold__type_support.cpp.o[0m
[16.549s] [ 28%] [32mBuilding CXX object CMakeFiles/distance_warning__rosidl_typesupport_cpp.dir/rosidl_typesupport_cpp/distance_warning/action/check_distance__type_support.cpp.o[0m
[16.587s] [ 30%] [32mBuilding CXX object CMakeFiles/distance_warning__rosidl_typesupport_introspection_cpp.dir/rosidl_typesupport_introspection_cpp/distance_warning/srv/detail/set_threshold__type_support.cpp.o[0m
[16.587s] [ 33%] [32mBuilding CXX object CMakeFiles/distance_warning__rosidl_typesupport_introspection_cpp.dir/rosidl_typesupport_introspection_cpp/distance_warning/action/detail/check_distance__type_support.cpp.o[0m
[16.630s] [ 35%] [32mBuilding CXX object CMakeFiles/distance_warning__rosidl_typesupport_fastrtps_cpp.dir/rosidl_typesupport_fastrtps_cpp/distance_warning/srv/detail/dds_fastrtps/set_threshold__type_support.cpp.o[0m
[16.635s] [ 38%] [32mBuilding CXX object CMakeFiles/distance_warning__rosidl_typesupport_fastrtps_cpp.dir/rosidl_typesupport_fastrtps_cpp/distance_warning/action/detail/dds_fastrtps/check_distance__type_support.cpp.o[0m
[16.637s] [ 38%] Built target distance_warning__rosidl_generator_c
[16.648s] [ 40%] [34m[1mGenerating C introspection for ROS interfaces[0m
[16.648s] [ 42%] [34m[1mGenerating C type support for eProsima Fast-RTPS[0m
[16.649s] [ 45%] [34m[1mGenerating C type support dispatch for ROS interfaces[0m
[17.003s] [ 47%] [32mBuilding CXX object CMakeFiles/distance_warning__rosidl_typesupport_c.dir/rosidl_typesupport_c/distance_warning/action/check_distance__type_support.cpp.o[0m
[17.004s] [ 50%] [32mBuilding CXX object CMakeFiles/distance_warning__rosidl_typesupport_c.dir/rosidl_typesupport_c/distance_warning/srv/set_threshold__type_support.cpp.o[0m
[17.020s] [ 52%] [32m[1mLinking CXX shared library libdistance_warning__rosidl_typesupport_cpp.so[0m
[17.050s] [ 54%] [32m[1mLinking CXX shared library libdistance_warning__rosidl_typesupport_c.so[0m
[17.051s] [ 57%] [32mBuilding C object CMakeFiles/distance_warning__rosidl_typesupport_introspection_c.dir/rosidl_typesupport_introspection_c/distance_warning/srv/detail/set_threshold__type_support.c.o[0m
[17.054s] [ 59%] [32mBuilding C object CMakeFiles/distance_warning__rosidl_typesupport_introspection_c.dir/rosidl_typesupport_introspection_c/distance_warning/action/detail/check_distance__type_support.c.o[0m
[17.097s] [ 64%] [32mBuilding CXX object CMakeFiles/distance_warning__rosidl_typesupport_fastrtps_c.dir/rosidl_typesupport_fastrtps_c/distance_warning/action/detail/check_distance__type_support_c.cpp.o[0m
[17.097s] [ 66%] [32m[1mLinking C shared library libdistance_warning__rosidl_typesupport_introspection_c.so[0m
[17.097s] [ 64%] [32mBuilding CXX object CMakeFiles/distance_warning__rosidl_typesupport_fastrtps_c.dir/rosidl_typesupport_fastrtps_c/distance_warning/srv/detail/set_threshold__type_support_c.cpp.o[0m
[17.160s] [ 69%] [32m[1mLinking CXX shared library libdistance_warning__rosidl_typesupport_introspection_cpp.so[0m
[17.211s] [ 71%] [32m[1mLinking CXX shared library libdistance_warning__rosidl_typesupport_fastrtps_cpp.so[0m
[17.261s] [ 71%] Built target distance_warning__rosidl_typesupport_cpp
[17.262s] [ 71%] Built target distance_warning__rosidl_typesupport_c
[17.300s] [ 71%] Built target distance_warning__rosidl_typesupport_introspection_c
[17.381s] [ 73%] [32m[1mLinking CXX shared library libdistance_warning__rosidl_typesupport_fastrtps_c.so[0m
[17.421s] [ 73%] Built target distance_warning__rosidl_typesupport_introspection_cpp
[17.428s] [ 73%] Built target distance_warning__rosidl_typesupport_fastrtps_cpp
[17.565s] [ 73%] Built target distance_warning__rosidl_typesupport_fastrtps_c
[17.578s] [ 73%] Built target distance_warning
[17.593s] [ 76%] [34m[1mGenerating Python code for ROS interfaces[0m
[18.066s] [01m[K/home/daonguyenhp2311/ros2_ws/src/distance_warning/src/distance_publisher.cpp:[m[K In member function ‘[01m[Kvoid DistancePublisher::timerCallBack()[m[K’:
[18.066s] [01m[K/home/daonguyenhp2311/ros2_ws/src/distance_warning/src/distance_publisher.cpp:26:28:[m[K [01;31m[Kerror: [m[K‘[01m[Kgen[m[K’ was not declared in this scope
[18.066s]    26 |             msg.data = dis([01;31m[Kgen[m[K);
[18.066s]       |                            [01;31m[K^~~[m[K
[18.069s] [01m[K/home/daonguyenhp2311/ros2_ws/src/distance_warning/src/distance_publisher.cpp:28:13:[m[K [01;31m[Kerror: [m[K‘[01m[Kpublisher[m[K’ was not declared in this scope; did you mean ‘[01m[Kpublisher_[m[K’?
[18.069s]    28 |             [01;31m[Kpublisher[m[K ->publish_(msg);
[18.069s]       |             [01;31m[K^~~~~~~~~[m[K
[18.069s]       |             [32m[Kpublisher_[m[K
[18.162s] [ 76%] Built target distance_warning__py
[18.177s] [ 78%] [32mBuilding C object CMakeFiles/distance_warning__rosidl_generator_py.dir/rosidl_generator_py/distance_warning/srv/_set_threshold_s.c.o[0m
[18.177s] [ 80%] [32mBuilding C object CMakeFiles/distance_warning__rosidl_generator_py.dir/rosidl_generator_py/distance_warning/action/_check_distance_s.c.o[0m
[18.310s] [ 83%] [32m[1mLinking C shared library rosidl_generator_py/distance_warning/libdistance_warning__rosidl_generator_py.so[0m
[18.439s] [ 83%] Built target distance_warning__rosidl_generator_py
[18.456s] [ 90%] [32mBuilding C object CMakeFiles/distance_warning__rosidl_typesupport_introspection_c__pyext.dir/rosidl_generator_py/distance_warning/_distance_warning_s.ep.rosidl_typesupport_introspection_c.c.o[0m
[18.456s] [ 90%] [32mBuilding C object CMakeFiles/distance_warning__rosidl_typesupport_fastrtps_c__pyext.dir/rosidl_generator_py/distance_warning/_distance_warning_s.ep.rosidl_typesupport_fastrtps_c.c.o[0m
[18.456s] [ 90%] [32mBuilding C object CMakeFiles/distance_warning__rosidl_typesupport_c__pyext.dir/rosidl_generator_py/distance_warning/_distance_warning_s.ep.rosidl_typesupport_c.c.o[0m
[18.542s] [ 92%] [32m[1mLinking C shared library rosidl_generator_py/distance_warning/distance_warning_s__rosidl_typesupport_c.cpython-310-x86_64-linux-gnu.so[0m
[18.548s] [ 95%] [32m[1mLinking C shared library rosidl_generator_py/distance_warning/distance_warning_s__rosidl_typesupport_introspection_c.cpython-310-x86_64-linux-gnu.so[0m
[18.548s] [ 97%] [32m[1mLinking C shared library rosidl_generator_py/distance_warning/distance_warning_s__rosidl_typesupport_fastrtps_c.cpython-310-x86_64-linux-gnu.so[0m
[18.592s] gmake[2]: *** [CMakeFiles/distance_publisher.dir/build.make:76: CMakeFiles/distance_publisher.dir/src/distance_publisher.cpp.o] Error 1
[18.592s] gmake[1]: *** [CMakeFiles/Makefile2:611: CMakeFiles/distance_publisher.dir/all] Error 2
[18.592s] gmake[1]: *** Waiting for unfinished jobs....
[18.648s] [ 97%] Built target distance_warning__rosidl_typesupport_fastrtps_c__pyext
[18.648s] [ 97%] Built target distance_warning__rosidl_typesupport_introspection_c__pyext
[18.667s] [ 97%] Built target distance_warning__rosidl_typesupport_c__pyext
[18.668s] gmake: *** [Makefile:146: all] Error 2
[18.670s] Invoked command in '/home/daonguyenhp2311/ros2_ws/build/distance_warning' returned '2': CMAKE_PREFIX_PATH=/opt/ros/humble /usr/bin/cmake --build /home/daonguyenhp2311/ros2_ws/build/distance_warning -- -j20 -l20
