[35m[1mConsolidate compiler generated dependencies of target distance_publisher_qos[0m
[  1%] Built target distance_warning__cpp
[  8%] Built target distance_warning__rosidl_generator_c
[ 10%] Built target distance_warning__rs
[ 14%] Built target distance_listener
[ 17%] Built target distance_publisher
[ 21%] Built target distance_tf_broadcaster
[ 21%] Built target ament_cmake_python_copy_distance_warning
[ 23%] [32mBuilding CXX object CMakeFiles/distance_publisher_qos.dir/src/distance_publisher_qos.cpp.o[0m
[ 30%] Built target distance_warning__rosidl_typesupport_fastrtps_cpp
[ 37%] Built target distance_warning__rosidl_typesupport_introspection_cpp
[ 44%] Built target distance_warning__rosidl_typesupport_fastrtps_c
[ 51%] Built target distance_warning__rosidl_typesupport_cpp
[ 58%] Built target distance_warning__rosidl_typesupport_introspection_c
[ 66%] Built target distance_warning__rosidl_typesupport_c
[ 66%] Built target distance_warning
[ 67%] Built target distance_warning__py
[ 71%] Built target set_threshold_service
[ 75%] Built target distance_action_client
[ 78%] Built target distance_action_server
[ 82%] Built target distance_tf_listener
[ 87%] Built target distance_warning__rosidl_generator_py
[ 91%] Built target distance_warning__rosidl_typesupport_fastrtps_c__pyext
[ 94%] Built target distance_warning__rosidl_typesupport_introspection_c__pyext
[ 98%] Built target distance_warning__rosidl_typesupport_c__pyext
running egg_info
writing distance_warning.egg-info/PKG-INFO
writing dependency_links to distance_warning.egg-info/dependency_links.txt
writing top-level names to distance_warning.egg-info/top_level.txt
reading manifest file 'distance_warning.egg-info/SOURCES.txt'
writing manifest file 'distance_warning.egg-info/SOURCES.txt'
[ 98%] Built target ament_cmake_python_build_distance_warning_egg
[01m[K/home/daonguyenhp2311/ros2_ws/src/distance_warning/src/distance_publisher_qos.cpp:[m[K In member function ‘[01m[Kvoid DistancePublisherQoS::publishReliable()[m[K’:
[01m[K/home/daonguyenhp2311/ros2_ws/src/distance_warning/src/distance_publisher_qos.cpp:49:13:[m[K [01;31m[Kerror: [m[Kexpected ‘[01m[K;[m[K’ before ‘[01m[Kpub_reliable_[m[K’
   49 |             [01;31m[Kpub_reliable_[m[K -> publish(msg)
      |             [01;31m[K^~~~~~~~~~~~~[m[K
[01m[K/home/daonguyenhp2311/ros2_ws/src/distance_warning/src/distance_publisher_qos.cpp:[m[K In member function ‘[01m[Kvoid DistancePublisherQoS::publishBestEffort()[m[K’:
[01m[K/home/daonguyenhp2311/ros2_ws/src/distance_warning/src/distance_publisher_qos.cpp:59:13:[m[K [01;31m[Kerror: [m[Kexpected ‘[01m[K;[m[K’ before ‘[01m[Kpub_best_effort_[m[K’
   59 |             [01;31m[Kpub_best_effort_[m[K -> publish(msg)
      |             [01;31m[K^~~~~~~~~~~~~~~~[m[K
gmake[2]: *** [CMakeFiles/distance_publisher_qos.dir/build.make:76: CMakeFiles/distance_publisher_qos.dir/src/distance_publisher_qos.cpp.o] Error 1
gmake[1]: *** [CMakeFiles/Makefile2:815: CMakeFiles/distance_publisher_qos.dir/all] Error 2
gmake: *** [Makefile:146: all] Error 2
