-- Found ament_cmake: 1.3.14 (/opt/ros/humble/share/ament_cmake/cmake)
-- Found rclcpp: 16.0.19 (/opt/ros/humble/share/rclcpp/cmake)
-- Found rosidl_generator_c: 3.1.8 (/opt/ros/humble/share/rosidl_generator_c/cmake)
-- Found rosidl_adapter: 3.1.8 (/opt/ros/humble/share/rosidl_adapter/cmake)
-- Found rosidl_generator_cpp: 3.1.8 (/opt/ros/humble/share/rosidl_generator_cpp/cmake)
-- Using all available rosidl_typesupport_c: rosidl_typesupport_fastrtps_c;rosidl_typesupport_introspection_c
-- Using all available rosidl_typesupport_cpp: rosidl_typesupport_fastrtps_cpp;rosidl_typesupport_introspection_cpp
-- Found rmw_implementation_cmake: 6.1.2 (/opt/ros/humble/share/rmw_implementation_cmake/cmake)
-- Found rmw_fastrtps_cpp: 6.2.10 (/opt/ros/humble/share/rmw_fastrtps_cpp/cmake)
-- Using RMW implementation 'rmw_fastrtps_cpp' as default
-- Found rclcpp_action: 16.0.19 (/opt/ros/humble/share/rclcpp_action/cmake)
-- Found rosidl_default_generators: 1.2.1 (/opt/ros/humble/share/rosidl_default_generators/cmake)
-- Found ament_cmake_ros: 0.10.0 (/opt/ros/humble/share/ament_cmake_ros/cmake)
-- Using all available rosidl_typesupport_c: rosidl_typesupport_fastrtps_c;rosidl_typesupport_introspection_c
-- Using all available rosidl_typesupport_cpp: rosidl_typesupport_fastrtps_cpp;rosidl_typesupport_introspection_cpp
-- Found python_cmake_module: 0.10.0 (/opt/ros/humble/share/python_cmake_module/cmake)
-- Using PYTHON_EXECUTABLE: /usr/bin/python3
-- Using PYTHON_INCLUDE_DIRS: /usr/include/python3.10
-- Using PYTHON_LIBRARIES: /usr/lib/x86_64-linux-gnu/libpython3.10.so
-- Found ament_lint_auto: 0.12.15 (/opt/ros/humble/share/ament_lint_auto/cmake)
-- Added test 'cppcheck' to perform static code analysis on C / C++ code
-- Configured cppcheck include dirs: 
-- Configured cppcheck exclude dirs and/or files: 
-- Added test 'lint_cmake' to check CMake code style
-- Added test 'uncrustify' to check C / C++ code style
-- Configured uncrustify additional arguments: 
-- Added test 'xmllint' to check XML markup files
-- Configuring done
-- Generating done
-- Build files have been written to: /home/daonguyenhp2311/ros2_ws/build/distance_warning
[35m[1mConsolidate compiler generated dependencies of target distance_warning__rosidl_generator_c[0m
[35m[1mConsolidate compiler generated dependencies of target distance_publisher[0m
[  2%] Built target distance_warning__cpp
[  4%] Built target distance_warning__rs
[  6%] [32mBuilding CXX object CMakeFiles/distance_listener.dir/src/distance_listener.cpp.o[0m
[ 15%] Built target distance_warning__rosidl_generator_c
[35m[1mConsolidate compiler generated dependencies of target distance_warning__rosidl_typesupport_fastrtps_cpp[0m
[35m[1mConsolidate compiler generated dependencies of target distance_warning__rosidl_typesupport_cpp[0m
[35m[1mConsolidate compiler generated dependencies of target distance_warning__rosidl_typesupport_introspection_cpp[0m
[ 18%] [32mBuilding CXX object CMakeFiles/distance_publisher.dir/src/distance_publisher.cpp.o[0m
[35m[1mConsolidate compiler generated dependencies of target distance_warning__rosidl_typesupport_introspection_c[0m
[35m[1mConsolidate compiler generated dependencies of target distance_warning__rosidl_typesupport_c[0m
[ 18%] Built target ament_cmake_python_copy_distance_warning
[35m[1mConsolidate compiler generated dependencies of target distance_warning__rosidl_typesupport_fastrtps_c[0m
[ 27%] Built target distance_warning__rosidl_typesupport_fastrtps_cpp
[ 36%] Built target distance_warning__rosidl_typesupport_c
[ 45%] Built target distance_warning__rosidl_typesupport_introspection_cpp
[ 54%] Built target distance_warning__rosidl_typesupport_introspection_c
[ 63%] Built target distance_warning__rosidl_typesupport_cpp
[ 72%] Built target distance_warning__rosidl_typesupport_fastrtps_c
[ 72%] Built target distance_warning
[ 75%] Built target distance_warning__py
[35m[1mConsolidate compiler generated dependencies of target distance_warning__rosidl_generator_py[0m
[ 81%] Built target distance_warning__rosidl_generator_py
[35m[1mConsolidate compiler generated dependencies of target distance_warning__rosidl_typesupport_fastrtps_c__pyext[0m
[35m[1mConsolidate compiler generated dependencies of target distance_warning__rosidl_typesupport_c__pyext[0m
[35m[1mConsolidate compiler generated dependencies of target distance_warning__rosidl_typesupport_introspection_c__pyext[0m
[ 86%] Built target distance_warning__rosidl_typesupport_introspection_c__pyext
[ 90%] Built target distance_warning__rosidl_typesupport_fastrtps_c__pyext
[ 95%] Built target distance_warning__rosidl_typesupport_c__pyext
running egg_info
writing distance_warning.egg-info/PKG-INFO
writing dependency_links to distance_warning.egg-info/dependency_links.txt
writing top-level names to distance_warning.egg-info/top_level.txt
reading manifest file 'distance_warning.egg-info/SOURCES.txt'
writing manifest file 'distance_warning.egg-info/SOURCES.txt'
[ 95%] Built target ament_cmake_python_build_distance_warning_egg
[01m[K/home/daonguyenhp2311/ros2_ws/src/distance_warning/src/distance_listener.cpp:24:61:[m[K [01;31m[Kerror: [m[K‘[01m[KSharePtr[m[K’ in ‘[01m[Kusing Float32 = struct std_msgs::msg::Float32_<std::allocator<void> >[m[K’ {aka ‘[01m[Kstruct std_msgs::msg::Float32_<std::allocator<void> >[m[K’} does not name a type
   24 |         void listenerCallBack(const std_msgs::msg::Float32::[01;31m[KSharePtr[m[K msg)
      |                                                             [01;31m[K^~~~~~~~[m[K
[01m[K/home/daonguyenhp2311/ros2_ws/src/distance_warning/src/distance_listener.cpp:[m[K In constructor ‘[01m[KDistanceListener::DistanceListener()[m[K’:
[01m[K/home/daonguyenhp2311/ros2_ws/src/distance_warning/src/distance_listener.cpp:15:13:[m[K [01;31m[Kerror: [m[K‘[01m[Ksubscription_[m[K’ was not declared in this scope; did you mean ‘[01m[Krmw_subscription_t[m[K’?
   15 |             [01;31m[Ksubscription_[m[K = this->create_subscription<std_msgs::msg::Float32>("distance_topic", 10,
      |             [01;31m[K^~~~~~~~~~~~~[m[K
      |             [32m[Krmw_subscription_t[m[K
[01m[K/home/daonguyenhp2311/ros2_ws/src/distance_warning/src/distance_listener.cpp:16:28:[m[K [01;31m[Kerror: [m[K‘[01m[KMinimalSubscriber[m[K’ has not been declared
   16 |                 std::bind(&[01;31m[KMinimalSubscriber[m[K::listenerCallBack, this, std::placeholders::_1));
      |                            [01;31m[K^~~~~~~~~~~~~~~~~[m[K
[01m[K/home/daonguyenhp2311/ros2_ws/src/distance_warning/src/distance_listener.cpp:[m[K In member function ‘[01m[Kvoid DistanceListener::listenerCallBack(int)[m[K’:
[01m[K/home/daonguyenhp2311/ros2_ws/src/distance_warning/src/distance_listener.cpp:26:34:[m[K [01;31m[Kerror: [m[Kbase operand of ‘[01m[K->[m[K’ is not a pointer
   26 |             double distance = msg[01;31m[K->[m[Kdata;
      |                                  [01;31m[K^~[m[K
gmake[2]: *** [CMakeFiles/distance_listener.dir/build.make:76: CMakeFiles/distance_listener.dir/src/distance_listener.cpp.o] Error 1
gmake[1]: *** [CMakeFiles/Makefile2:639: CMakeFiles/distance_listener.dir/all] Error 2
gmake[1]: *** Waiting for unfinished jobs....
[ 97%] [32m[1mLinking CXX executable distance_publisher[0m
[ 97%] Built target distance_publisher
gmake: *** [Makefile:146: all] Error 2
