[0.012s] Invoking command in '/home/daonguyenhp2311/ros2_ws/build/distance_warning': CMAKE_PREFIX_PATH=${CMAKE_PREFIX_PATH}:/opt/ros/humble /usr/bin/cmake --build /home/daonguyenhp2311/ros2_ws/build/distance_warning -- -j20 -l20
[0.072s] -- Found ament_cmake: 1.3.14 (/opt/ros/humble/share/ament_cmake/cmake)
[0.197s] -- Found rclcpp: 16.0.19 (/opt/ros/humble/share/rclcpp/cmake)
[0.371s] -- Found rosidl_generator_c: 3.1.8 (/opt/ros/humble/share/rosidl_generator_c/cmake)
[0.374s] -- Found rosidl_adapter: 3.1.8 (/opt/ros/humble/share/rosidl_adapter/cmake)
[0.383s] -- Found rosidl_generator_cpp: 3.1.8 (/opt/ros/humble/share/rosidl_generator_cpp/cmake)
[0.394s] -- Using all available rosidl_typesupport_c: rosidl_typesupport_fastrtps_c;rosidl_typesupport_introspection_c
[0.406s] -- Using all available rosidl_typesupport_cpp: rosidl_typesupport_fastrtps_cpp;rosidl_typesupport_introspection_cpp
[0.444s] -- Found rmw_implementation_cmake: 6.1.2 (/opt/ros/humble/share/rmw_implementation_cmake/cmake)
[0.446s] -- Found rmw_fastrtps_cpp: 6.2.10 (/opt/ros/humble/share/rmw_fastrtps_cpp/cmake)
[5.808s] -- Using RMW implementation 'rmw_fastrtps_cpp' as default
[5.857s] -- Found rclcpp_action: 16.0.19 (/opt/ros/humble/share/rclcpp_action/cmake)
[5.885s] -- Found rosidl_default_generators: 1.2.1 (/opt/ros/humble/share/rosidl_default_generators/cmake)
[6.062s] -- Found ament_cmake_ros: 0.10.0 (/opt/ros/humble/share/ament_cmake_ros/cmake)
[6.258s] -- Using all available rosidl_typesupport_c: rosidl_typesupport_fastrtps_c;rosidl_typesupport_introspection_c
[6.331s] -- Using all available rosidl_typesupport_cpp: rosidl_typesupport_fastrtps_cpp;rosidl_typesupport_introspection_cpp
[6.347s] -- Found python_cmake_module: 0.10.0 (/opt/ros/humble/share/python_cmake_module/cmake)
[6.362s] -- Using PYTHON_EXECUTABLE: /usr/bin/python3
[6.362s] -- Using PYTHON_INCLUDE_DIRS: /usr/include/python3.10
[6.362s] -- Using PYTHON_LIBRARIES: /usr/lib/x86_64-linux-gnu/libpython3.10.so
[6.414s] -- Found ament_lint_auto: 0.12.15 (/opt/ros/humble/share/ament_lint_auto/cmake)
[6.429s] -- Added test 'cppcheck' to perform static code analysis on C / C++ code
[6.429s] -- Configured cppcheck include dirs: 
[6.429s] -- Configured cppcheck exclude dirs and/or files: 
[6.430s] -- Added test 'lint_cmake' to check CMake code style
[6.431s] -- Added test 'uncrustify' to check C / C++ code style
[6.431s] -- Configured uncrustify additional arguments: 
[6.432s] -- Added test 'xmllint' to check XML markup files
[6.434s] -- Configuring done
[6.479s] -- Generating done
[6.489s] -- Build files have been written to: /home/daonguyenhp2311/ros2_ws/build/distance_warning
[6.512s] [35m[1mConsolidate compiler generated dependencies of target distance_warning__rosidl_generator_c[0m
[6.517s] [35m[1mConsolidate compiler generated dependencies of target distance_publisher[0m
[6.518s] [  2%] Built target distance_warning__cpp
[6.521s] [  4%] Built target distance_warning__rs
[6.521s] [  6%] [32mBuilding CXX object CMakeFiles/distance_listener.dir/src/distance_listener.cpp.o[0m
[6.524s] [ 15%] Built target distance_warning__rosidl_generator_c
[6.528s] [35m[1mConsolidate compiler generated dependencies of target distance_warning__rosidl_typesupport_fastrtps_cpp[0m
[6.531s] [35m[1mConsolidate compiler generated dependencies of target distance_warning__rosidl_typesupport_cpp[0m
[6.531s] [35m[1mConsolidate compiler generated dependencies of target distance_warning__rosidl_typesupport_introspection_cpp[0m
[6.533s] [ 18%] [32mBuilding CXX object CMakeFiles/distance_publisher.dir/src/distance_publisher.cpp.o[0m
[6.534s] [35m[1mConsolidate compiler generated dependencies of target distance_warning__rosidl_typesupport_introspection_c[0m
[6.534s] [35m[1mConsolidate compiler generated dependencies of target distance_warning__rosidl_typesupport_c[0m
[6.537s] [ 18%] Built target ament_cmake_python_copy_distance_warning
[6.538s] [35m[1mConsolidate compiler generated dependencies of target distance_warning__rosidl_typesupport_fastrtps_c[0m
[6.539s] [ 27%] Built target distance_warning__rosidl_typesupport_fastrtps_cpp
[6.543s] [ 36%] Built target distance_warning__rosidl_typesupport_c
[6.544s] [ 45%] Built target distance_warning__rosidl_typesupport_introspection_cpp
[6.545s] [ 54%] Built target distance_warning__rosidl_typesupport_introspection_c
[6.545s] [ 63%] Built target distance_warning__rosidl_typesupport_cpp
[6.547s] [ 72%] Built target distance_warning__rosidl_typesupport_fastrtps_c
[6.563s] [ 72%] Built target distance_warning
[6.578s] [ 75%] Built target distance_warning__py
[6.587s] [35m[1mConsolidate compiler generated dependencies of target distance_warning__rosidl_generator_py[0m
[6.598s] [ 81%] Built target distance_warning__rosidl_generator_py
[6.607s] [35m[1mConsolidate compiler generated dependencies of target distance_warning__rosidl_typesupport_fastrtps_c__pyext[0m
[6.607s] [35m[1mConsolidate compiler generated dependencies of target distance_warning__rosidl_typesupport_c__pyext[0m
[6.607s] [35m[1mConsolidate compiler generated dependencies of target distance_warning__rosidl_typesupport_introspection_c__pyext[0m
[6.616s] [ 86%] Built target distance_warning__rosidl_typesupport_introspection_c__pyext
[6.616s] [ 90%] Built target distance_warning__rosidl_typesupport_fastrtps_c__pyext
[6.617s] [ 95%] Built target distance_warning__rosidl_typesupport_c__pyext
[6.703s] running egg_info
[6.704s] writing distance_warning.egg-info/PKG-INFO
[6.704s] writing dependency_links to distance_warning.egg-info/dependency_links.txt
[6.704s] writing top-level names to distance_warning.egg-info/top_level.txt
[6.707s] reading manifest file 'distance_warning.egg-info/SOURCES.txt'
[6.708s] writing manifest file 'distance_warning.egg-info/SOURCES.txt'
[6.728s] [ 95%] Built target ament_cmake_python_build_distance_warning_egg
[8.496s] [01m[K/home/daonguyenhp2311/ros2_ws/src/distance_warning/src/distance_listener.cpp:24:61:[m[K [01;31m[Kerror: [m[K‘[01m[KSharePtr[m[K’ in ‘[01m[Kusing Float32 = struct std_msgs::msg::Float32_<std::allocator<void> >[m[K’ {aka ‘[01m[Kstruct std_msgs::msg::Float32_<std::allocator<void> >[m[K’} does not name a type
[8.496s]    24 |         void listenerCallBack(const std_msgs::msg::Float32::[01;31m[KSharePtr[m[K msg)
[8.496s]       |                                                             [01;31m[K^~~~~~~~[m[K
[8.506s] [01m[K/home/daonguyenhp2311/ros2_ws/src/distance_warning/src/distance_listener.cpp:[m[K In constructor ‘[01m[KDistanceListener::DistanceListener()[m[K’:
[8.506s] [01m[K/home/daonguyenhp2311/ros2_ws/src/distance_warning/src/distance_listener.cpp:15:13:[m[K [01;31m[Kerror: [m[K‘[01m[Ksubscription_[m[K’ was not declared in this scope; did you mean ‘[01m[Krmw_subscription_t[m[K’?
[8.506s]    15 |             [01;31m[Ksubscription_[m[K = this->create_subscription<std_msgs::msg::Float32>("distance_topic", 10,
[8.506s]       |             [01;31m[K^~~~~~~~~~~~~[m[K
[8.506s]       |             [32m[Krmw_subscription_t[m[K
[8.506s] [01m[K/home/daonguyenhp2311/ros2_ws/src/distance_warning/src/distance_listener.cpp:16:28:[m[K [01;31m[Kerror: [m[K‘[01m[KMinimalSubscriber[m[K’ has not been declared
[8.507s]    16 |                 std::bind(&[01;31m[KMinimalSubscriber[m[K::listenerCallBack, this, std::placeholders::_1));
[8.507s]       |                            [01;31m[K^~~~~~~~~~~~~~~~~[m[K
[8.507s] [01m[K/home/daonguyenhp2311/ros2_ws/src/distance_warning/src/distance_listener.cpp:[m[K In member function ‘[01m[Kvoid DistanceListener::listenerCallBack(int)[m[K’:
[8.507s] [01m[K/home/daonguyenhp2311/ros2_ws/src/distance_warning/src/distance_listener.cpp:26:34:[m[K [01;31m[Kerror: [m[Kbase operand of ‘[01m[K->[m[K’ is not a pointer
[8.507s]    26 |             double distance = msg[01;31m[K->[m[Kdata;
[8.507s]       |                                  [01;31m[K^~[m[K
[8.832s] gmake[2]: *** [CMakeFiles/distance_listener.dir/build.make:76: CMakeFiles/distance_listener.dir/src/distance_listener.cpp.o] Error 1
[8.833s] gmake[1]: *** [CMakeFiles/Makefile2:639: CMakeFiles/distance_listener.dir/all] Error 2
[8.833s] gmake[1]: *** Waiting for unfinished jobs....
[9.818s] [ 97%] [32m[1mLinking CXX executable distance_publisher[0m
[10.043s] [ 97%] Built target distance_publisher
[10.044s] gmake: *** [Makefile:146: all] Error 2
[10.046s] Invoked command in '/home/daonguyenhp2311/ros2_ws/build/distance_warning' returned '2': CMAKE_PREFIX_PATH=${CMAKE_PREFIX_PATH}:/opt/ros/humble /usr/bin/cmake --build /home/daonguyenhp2311/ros2_ws/build/distance_warning -- -j20 -l20
