[0.010s] Invoking command in '/home/daonguyenhp2311/ros2_ws/build/distance_warning': CMAKE_PREFIX_PATH=/opt/ros/humble /usr/bin/cmake --build /home/daonguyenhp2311/ros2_ws/build/distance_warning -- -j20 -l20
[0.043s] [35m[1mConsolidate compiler generated dependencies of target distance_publisher[0m
[0.047s] [  2%] Built target distance_warning__cpp
[0.047s] [  4%] Built target distance_warning__rs
[0.048s] [ 14%] Built target distance_warning__rosidl_generator_c
[0.055s] [ 16%] [32mBuilding CXX object CMakeFiles/distance_publisher.dir/src/distance_publisher.cpp.o[0m
[0.055s] [ 16%] Built target ament_cmake_python_copy_distance_warning
[0.065s] [ 26%] Built target distance_warning__rosidl_typesupport_cpp
[0.066s] [ 45%] Built target distance_warning__rosidl_typesupport_introspection_cpp
[0.066s] [ 45%] Built target distance_warning__rosidl_typesupport_fastrtps_cpp
[0.072s] [ 54%] Built target distance_warning__rosidl_typesupport_c
[0.074s] [ 64%] Built target distance_warning__rosidl_typesupport_fastrtps_c
[0.074s] [ 73%] Built target distance_warning__rosidl_typesupport_introspection_c
[0.089s] [ 73%] Built target distance_warning
[0.106s] [ 76%] Built target distance_warning__py
[0.122s] [ 83%] Built target distance_warning__rosidl_generator_py
[0.138s] [ 88%] Built target distance_warning__rosidl_typesupport_fastrtps_c__pyext
[0.140s] [ 92%] Built target distance_warning__rosidl_typesupport_introspection_c__pyext
[0.141s] [ 97%] Built target distance_warning__rosidl_typesupport_c__pyext
[0.204s] running egg_info
[0.204s] writing distance_warning.egg-info/PKG-INFO
[0.204s] writing dependency_links to distance_warning.egg-info/dependency_links.txt
[0.205s] writing top-level names to distance_warning.egg-info/top_level.txt
[0.206s] reading manifest file 'distance_warning.egg-info/SOURCES.txt'
[0.207s] writing manifest file 'distance_warning.egg-info/SOURCES.txt'
[0.224s] [ 97%] Built target ament_cmake_python_build_distance_warning_egg
[1.674s] [01m[K/home/daonguyenhp2311/ros2_ws/src/distance_warning/src/distance_publisher.cpp:[m[K In constructor ‘[01m[KDistancePublisher::DistancePublisher()[m[K’:
[1.674s] [01m[K/home/daonguyenhp2311/ros2_ws/src/distance_warning/src/distance_publisher.cpp:17:13:[m[K [01;31m[Kerror: [m[K‘[01m[Kgen[m[K’ was not declared in this scope
[1.674s]    17 |             [01;31m[Kgen[m[K = mt19937(rd());
[1.674s]       |             [01;31m[K^~~[m[K
[1.682s] [01m[K/home/daonguyenhp2311/ros2_ws/src/distance_warning/src/distance_publisher.cpp:[m[K In member function ‘[01m[Kvoid DistancePublisher::timerCallBack()[m[K’:
[1.682s] [01m[K/home/daonguyenhp2311/ros2_ws/src/distance_warning/src/distance_publisher.cpp:26:28:[m[K [01;31m[Kerror: [m[K‘[01m[Kgen[m[K’ was not declared in this scope
[1.682s]    26 |             msg.data = dis([01;31m[Kgen[m[K);
[1.682s]       |                            [01;31m[K^~~[m[K
[2.227s] gmake[2]: *** [CMakeFiles/distance_publisher.dir/build.make:76: CMakeFiles/distance_publisher.dir/src/distance_publisher.cpp.o] Error 1
[2.228s] gmake[1]: *** [CMakeFiles/Makefile2:611: CMakeFiles/distance_publisher.dir/all] Error 2
[2.228s] gmake: *** [Makefile:146: all] Error 2
[2.230s] Invoked command in '/home/daonguyenhp2311/ros2_ws/build/distance_warning' returned '2': CMAKE_PREFIX_PATH=/opt/ros/humble /usr/bin/cmake --build /home/daonguyenhp2311/ros2_ws/build/distance_warning -- -j20 -l20
