[0.012s] Invoking command in '/home/daonguyenhp2311/ros2_ws/build/distance_warning': CMAKE_PREFIX_PATH=${CMAKE_PREFIX_PATH}:/opt/ros/humble /usr/bin/cmake --build /home/daonguyenhp2311/ros2_ws/build/distance_warning -- -j20 -l20
[0.069s] -- Found ament_cmake: 1.3.14 (/opt/ros/humble/share/ament_cmake/cmake)
[0.182s] -- Found rclcpp: 16.0.19 (/opt/ros/humble/share/rclcpp/cmake)
[0.364s] -- Found rosidl_generator_c: 3.1.8 (/opt/ros/humble/share/rosidl_generator_c/cmake)
[0.367s] -- Found rosidl_adapter: 3.1.8 (/opt/ros/humble/share/rosidl_adapter/cmake)
[0.374s] -- Found rosidl_generator_cpp: 3.1.8 (/opt/ros/humble/share/rosidl_generator_cpp/cmake)
[0.384s] -- Using all available rosidl_typesupport_c: rosidl_typesupport_fastrtps_c;rosidl_typesupport_introspection_c
[0.396s] -- Using all available rosidl_typesupport_cpp: rosidl_typesupport_fastrtps_cpp;rosidl_typesupport_introspection_cpp
[0.432s] -- Found rmw_implementation_cmake: 6.1.2 (/opt/ros/humble/share/rmw_implementation_cmake/cmake)
[0.434s] -- Found rmw_fastrtps_cpp: 6.2.10 (/opt/ros/humble/share/rmw_fastrtps_cpp/cmake)
[5.983s] -- Using RMW implementation 'rmw_fastrtps_cpp' as default
[6.037s] -- Found rclcpp_action: 16.0.19 (/opt/ros/humble/share/rclcpp_action/cmake)
[6.071s] -- Found rosidl_default_generators: 1.2.1 (/opt/ros/humble/share/rosidl_default_generators/cmake)
[6.264s] -- Found ament_cmake_ros: 0.10.0 (/opt/ros/humble/share/ament_cmake_ros/cmake)
[6.479s] -- Using all available rosidl_typesupport_c: rosidl_typesupport_fastrtps_c;rosidl_typesupport_introspection_c
[6.560s] -- Using all available rosidl_typesupport_cpp: rosidl_typesupport_fastrtps_cpp;rosidl_typesupport_introspection_cpp
[6.577s] -- Found python_cmake_module: 0.10.0 (/opt/ros/humble/share/python_cmake_module/cmake)
[6.593s] -- Using PYTHON_EXECUTABLE: /usr/bin/python3
[6.593s] -- Using PYTHON_INCLUDE_DIRS: /usr/include/python3.10
[6.593s] -- Using PYTHON_LIBRARIES: /usr/lib/x86_64-linux-gnu/libpython3.10.so
[6.648s] [0mCMake Deprecation Warning at /opt/ros/humble/share/rosidl_cmake/cmake/rosidl_target_interfaces.cmake:32 (message):
[6.648s]   Use rosidl_get_typesupport_target() and target_link_libraries() instead of
[6.648s]   rosidl_target_interfaces()
[6.648s] Call Stack (most recent call first):
[6.648s]   CMakeLists.txt:41 (rosidl_target_interfaces)
[6.648s] 
[6.648s] [0m
[6.650s] -- Found ament_lint_auto: 0.12.15 (/opt/ros/humble/share/ament_lint_auto/cmake)
[6.666s] -- Added test 'cppcheck' to perform static code analysis on C / C++ code
[6.667s] -- Configured cppcheck include dirs: 
[6.667s] -- Configured cppcheck exclude dirs and/or files: 
[6.667s] -- Added test 'lint_cmake' to check CMake code style
[6.668s] -- Added test 'uncrustify' to check C / C++ code style
[6.668s] -- Configured uncrustify additional arguments: 
[6.669s] -- Added test 'xmllint' to check XML markup files
[6.671s] -- Configuring done
[6.723s] -- Generating done
[6.738s] -- Build files have been written to: /home/daonguyenhp2311/ros2_ws/build/distance_warning
[6.768s] [35m[1mConsolidate compiler generated dependencies of target distance_warning__rosidl_generator_c[0m
[6.770s] [35m[1mConsolidate compiler generated dependencies of target distance_listener[0m
[6.771s] [35m[1mConsolidate compiler generated dependencies of target distance_publisher[0m
[6.776s] [  2%] Built target distance_warning__rs
[6.778s] [  4%] Built target distance_warning__cpp
[6.780s] [ 13%] Built target distance_warning__rosidl_generator_c
[6.784s] [ 17%] Built target distance_listener
[6.787s] [ 21%] Built target distance_publisher
[6.789s] [35m[1mConsolidate compiler generated dependencies of target distance_warning__rosidl_typesupport_introspection_cpp[0m
[6.790s] [35m[1mConsolidate compiler generated dependencies of target distance_warning__rosidl_typesupport_fastrtps_cpp[0m
[6.790s] [35m[1mConsolidate compiler generated dependencies of target distance_warning__rosidl_typesupport_cpp[0m
[6.791s] [35m[1mConsolidate compiler generated dependencies of target distance_warning__rosidl_typesupport_fastrtps_c[0m
[6.791s] [35m[1mConsolidate compiler generated dependencies of target distance_warning__rosidl_typesupport_c[0m
[6.794s] [35m[1mConsolidate compiler generated dependencies of target distance_warning__rosidl_typesupport_introspection_c[0m
[6.796s] [ 21%] Built target ament_cmake_python_copy_distance_warning
[6.800s] [ 30%] Built target distance_warning__rosidl_typesupport_introspection_cpp
[6.801s] [ 39%] Built target distance_warning__rosidl_typesupport_fastrtps_cpp
[6.802s] [ 47%] Built target distance_warning__rosidl_typesupport_cpp
[6.802s] [ 56%] Built target distance_warning__rosidl_typesupport_fastrtps_c
[6.802s] [ 65%] Built target distance_warning__rosidl_typesupport_c
[6.806s] [ 73%] Built target distance_warning__rosidl_typesupport_introspection_c
[6.822s] [ 73%] Built target distance_warning
[6.838s] [ 76%] Built target distance_warning__py
[6.838s] [ 78%] [32mBuilding CXX object CMakeFiles/set_threshold_service.dir/src/set_threshold_service.cpp.o[0m
[6.847s] [35m[1mConsolidate compiler generated dependencies of target distance_warning__rosidl_generator_py[0m
[6.857s] [ 84%] Built target distance_warning__rosidl_generator_py
[6.865s] [35m[1mConsolidate compiler generated dependencies of target distance_warning__rosidl_typesupport_fastrtps_c__pyext[0m
[6.865s] [35m[1mConsolidate compiler generated dependencies of target distance_warning__rosidl_typesupport_introspection_c__pyext[0m
[6.865s] [35m[1mConsolidate compiler generated dependencies of target distance_warning__rosidl_typesupport_c__pyext[0m
[6.875s] [ 93%] Built target distance_warning__rosidl_typesupport_c__pyext
[6.875s] [ 91%] Built target distance_warning__rosidl_typesupport_fastrtps_c__pyext
[6.875s] [ 97%] Built target distance_warning__rosidl_typesupport_introspection_c__pyext
[6.951s] running egg_info
[6.952s] writing distance_warning.egg-info/PKG-INFO
[6.952s] writing dependency_links to distance_warning.egg-info/dependency_links.txt
[6.952s] writing top-level names to distance_warning.egg-info/top_level.txt
[6.955s] reading manifest file 'distance_warning.egg-info/SOURCES.txt'
[6.956s] writing manifest file 'distance_warning.egg-info/SOURCES.txt'
[6.973s] [ 97%] Built target ament_cmake_python_build_distance_warning_egg
[8.622s] [01m[K/home/daonguyenhp2311/ros2_ws/src/distance_warning/src/set_threshold_service.cpp:10:42:[m[K [01;31m[Kerror: [m[Kexpected class-name before ‘[01m[K:[m[K’ token
[8.623s]    10 | class SetThresholdService : public rclcpp[01;31m[K:[m[KNode {
[8.623s]       |                                          [01;31m[K^[m[K
[8.623s] [01m[K/home/daonguyenhp2311/ros2_ws/src/distance_warning/src/set_threshold_service.cpp:10:42:[m[K [01;31m[Kerror: [m[Kexpected ‘[01m[K{[m[K’ before ‘[01m[K:[m[K’ token
[8.623s] [01m[K/home/daonguyenhp2311/ros2_ws/src/distance_warning/src/set_threshold_service.cpp:10:42:[m[K [01;31m[Kerror: [m[Kexpected unqualified-id before ‘[01m[K:[m[K’ token
[8.625s] [01m[K/home/daonguyenhp2311/ros2_ws/src/distance_warning/src/set_threshold_service.cpp:[m[K In function ‘[01m[Kint main(int, char**)[m[K’:
[8.625s] [01m[K/home/daonguyenhp2311/ros2_ws/src/distance_warning/src/set_threshold_service.cpp:76:12:[m[K [01;31m[Kerror: [m[K‘[01m[Kspin[m[K’ was not declared in this scope; did you mean ‘[01m[Krclcpp::spin[m[K’?
[8.625s]    76 |     rclcpp:[01;31m[Kspin[m[K(std::make_shared<SetThresholdService>());
[8.625s]       |            [01;31m[K^~~~[m[K
[8.625s]       |            [32m[Krclcpp::spin[m[K
[8.625s] In file included from [01m[K/opt/ros/humble/include/rclcpp/rclcpp/rclcpp.hpp:155[m[K,
[8.625s]                  from [01m[K/home/daonguyenhp2311/ros2_ws/src/distance_warning/src/set_threshold_service.cpp:1[m[K:
[8.625s] [01m[K/opt/ros/humble/include/rclcpp/rclcpp/executors.hpp:49:1:[m[K [01;36m[Knote: [m[K‘[01m[Krclcpp::spin[m[K’ declared here
[8.625s]    49 | [01;36m[Kspin[m[K(rclcpp::Node::SharedPtr node_ptr);
[8.625s]       | [01;36m[K^~~~[m[K
[8.627s] [01m[K/home/daonguyenhp2311/ros2_ws/src/distance_warning/src/set_threshold_service.cpp:76:5:[m[K [01;35m[Kwarning: [m[Klabel ‘[01m[Krclcpp[m[K’ defined but not used [[01;35m[K]8;;https://gcc.gnu.org/onlinedocs/gcc/Warning-Options.html#index-Wunused-label-Wunused-label]8;;[m[K]
[8.627s]    76 |     [01;35m[Krclcpp[m[K:spin(std::make_shared<SetThresholdService>());
[8.627s]       |     [01;35m[K^~~~~~[m[K
[8.841s] In file included from [01m[K/usr/include/c++/11/bits/shared_ptr_base.h:60[m[K,
[8.841s]                  from [01m[K/usr/include/c++/11/bits/shared_ptr.h:53[m[K,
[8.841s]                  from [01m[K/usr/include/c++/11/memory:77[m[K,
[8.841s]                  from [01m[K/opt/ros/humble/include/rclcpp/rclcpp/rclcpp.hpp:153[m[K,
[8.841s]                  from [01m[K/home/daonguyenhp2311/ros2_ws/src/distance_warning/src/set_threshold_service.cpp:1[m[K:
[8.841s] /usr/include/c++/11/ext/aligned_buffer.h: In instantiation of ‘[01m[Kstruct __gnu_cxx::__aligned_buffer<SetThresholdService>[m[K’:
[8.841s] [01m[K/usr/include/c++/11/bits/shared_ptr_base.h:506:35:[m[K   required from ‘[01m[Kclass std::_Sp_counted_ptr_inplace<SetThresholdService, std::allocator<SetThresholdService>, __gnu_cxx::_S_atomic>::_Impl[m[K’
[8.841s] [01m[K/usr/include/c++/11/bits/shared_ptr_base.h:567:13:[m[K   required from ‘[01m[Kclass std::_Sp_counted_ptr_inplace<SetThresholdService, std::allocator<SetThresholdService>, __gnu_cxx::_S_atomic>[m[K’
[8.841s] [01m[K/usr/include/c++/11/bits/shared_ptr_base.h:647:43:[m[K   required from ‘[01m[Kstd::__shared_count<_Lp>::__shared_count(_Tp*&, std::_Sp_alloc_shared_tag<_Alloc>, _Args&& ...) [with _Tp = SetThresholdService; _Alloc = std::allocator<SetThresholdService>; _Args = {}; __gnu_cxx::_Lock_policy _Lp = __gnu_cxx::_S_atomic][m[K’
[8.841s] [01m[K/usr/include/c++/11/bits/shared_ptr_base.h:1342:14:[m[K   required from ‘[01m[Kstd::__shared_ptr<_Tp, _Lp>::__shared_ptr(std::_Sp_alloc_shared_tag<_Tp>, _Args&& ...) [with _Alloc = std::allocator<SetThresholdService>; _Args = {}; _Tp = SetThresholdService; __gnu_cxx::_Lock_policy _Lp = __gnu_cxx::_S_atomic][m[K’
[8.841s] [01m[K/usr/include/c++/11/bits/shared_ptr.h:409:59:[m[K   required from ‘[01m[Kstd::shared_ptr<_Tp>::shared_ptr(std::_Sp_alloc_shared_tag<_Tp>, _Args&& ...) [with _Alloc = std::allocator<SetThresholdService>; _Args = {}; _Tp = SetThresholdService][m[K’
[8.841s] [01m[K/usr/include/c++/11/bits/shared_ptr.h:862:14:[m[K   required from ‘[01m[Kstd::shared_ptr<_Tp> std::allocate_shared(const _Alloc&, _Args&& ...) [with _Tp = SetThresholdService; _Alloc = std::allocator<SetThresholdService>; _Args = {}][m[K’
[8.841s] [01m[K/usr/include/c++/11/bits/shared_ptr.h:878:39:[m[K   required from ‘[01m[Kstd::shared_ptr<_Tp> std::make_shared(_Args&& ...) [with _Tp = SetThresholdService; _Args = {}][m[K’
[8.841s] [01m[K/home/daonguyenhp2311/ros2_ws/src/distance_warning/src/set_threshold_service.cpp:76:54:[m[K   required from here
[8.841s] [01m[K/usr/include/c++/11/ext/aligned_buffer.h:91:28:[m[K [01;31m[Kerror: [m[Kinvalid application of ‘[01m[Ksizeof[m[K’ to incomplete type ‘[01m[KSetThresholdService[m[K’
[8.841s]    91 |     : std::aligned_storage<[01;31m[Ksizeof(_Tp)[m[K, __alignof__(_Tp)>
[8.842s]       |                            [01;31m[K^~~~~~~~~~~[m[K
[8.842s] [01m[K/usr/include/c++/11/ext/aligned_buffer.h:91:28:[m[K [01;31m[Kerror: [m[Kinvalid application of ‘[01m[Ksizeof[m[K’ to incomplete type ‘[01m[KSetThresholdService[m[K’
[8.914s] gmake[2]: *** [CMakeFiles/set_threshold_service.dir/build.make:76: CMakeFiles/set_threshold_service.dir/src/set_threshold_service.cpp.o] Error 1
[8.914s] gmake[1]: *** [CMakeFiles/Makefile2:669: CMakeFiles/set_threshold_service.dir/all] Error 2
[8.914s] gmake: *** [Makefile:146: all] Error 2
[8.916s] Invoked command in '/home/daonguyenhp2311/ros2_ws/build/distance_warning' returned '2': CMAKE_PREFIX_PATH=${CMAKE_PREFIX_PATH}:/opt/ros/humble /usr/bin/cmake --build /home/daonguyenhp2311/ros2_ws/build/distance_warning -- -j20 -l20
