[0.012s] Invoking command in '/home/daonguyenhp2311/ros2_ws/build/distance_warning': CMAKE_PREFIX_PATH=${CMAKE_PREFIX_PATH}:/opt/ros/humble /usr/bin/cmake --build /home/daonguyenhp2311/ros2_ws/build/distance_warning -- -j20 -l20
[0.051s] [  2%] Built target distance_warning__rs
[0.052s] [ 10%] Built target distance_warning__rosidl_generator_c
[0.054s] [ 12%] Built target distance_warning__cpp
[0.055s] [ 16%] Built target distance_publisher
[0.056s] [ 20%] Built target distance_listener
[0.061s] [ 20%] Built target ament_cmake_python_copy_distance_warning
[0.068s] [ 29%] Built target distance_warning__rosidl_typesupport_c
[0.069s] [ 37%] Built target distance_warning__rosidl_typesupport_fastrtps_c
[0.072s] [ 45%] Built target distance_warning__rosidl_typesupport_cpp
[0.073s] [ 54%] Built target distance_warning__rosidl_typesupport_introspection_c
[0.074s] [ 62%] Built target distance_warning__rosidl_typesupport_introspection_cpp
[0.074s] [ 70%] Built target distance_warning__rosidl_typesupport_fastrtps_cpp
[0.089s] [ 70%] Built target distance_warning
[0.100s] [35m[1mConsolidate compiler generated dependencies of target distance_action_server[0m
[0.105s] [ 72%] Built target distance_warning__py
[0.109s] [ 77%] Built target set_threshold_service
[0.112s] [ 79%] [32mBuilding CXX object CMakeFiles/distance_action_server.dir/src/distance_action_server.cpp.o[0m
[0.121s] [ 85%] Built target distance_warning__rosidl_generator_py
[0.138s] [ 89%] Built target distance_warning__rosidl_typesupport_fastrtps_c__pyext
[0.139s] [ 93%] Built target distance_warning__rosidl_typesupport_c__pyext
[0.140s] [ 97%] Built target distance_warning__rosidl_typesupport_introspection_c__pyext
[0.209s] running egg_info
[0.210s] writing distance_warning.egg-info/PKG-INFO
[0.210s] writing dependency_links to distance_warning.egg-info/dependency_links.txt
[0.210s] writing top-level names to distance_warning.egg-info/top_level.txt
[0.212s] reading manifest file 'distance_warning.egg-info/SOURCES.txt'
[0.213s] writing manifest file 'distance_warning.egg-info/SOURCES.txt'
[0.230s] [ 97%] Built target ament_cmake_python_build_distance_warning_egg
[2.777s] [100%] [32m[1mLinking CXX executable distance_action_server[0m
[2.977s] [100%] Built target distance_action_server
[2.986s] Invoked command in '/home/daonguyenhp2311/ros2_ws/build/distance_warning' returned '0': CMAKE_PREFIX_PATH=${CMAKE_PREFIX_PATH}:/opt/ros/humble /usr/bin/cmake --build /home/daonguyenhp2311/ros2_ws/build/distance_warning -- -j20 -l20
[2.993s] Invoking command in '/home/daonguyenhp2311/ros2_ws/build/distance_warning': CMAKE_PREFIX_PATH=${CMAKE_PREFIX_PATH}:/opt/ros/humble /usr/bin/cmake --install /home/daonguyenhp2311/ros2_ws/build/distance_warning
[2.998s] -- Install configuration: ""
[2.999s] -- Up-to-date: /home/daonguyenhp2311/ros2_ws/install/distance_warning/share/ament_index/resource_index/rosidl_interfaces/distance_warning
[2.999s] -- Up-to-date: /home/daonguyenhp2311/ros2_ws/install/distance_warning/include/distance_warning/distance_warning
[2.999s] -- Up-to-date: /home/daonguyenhp2311/ros2_ws/install/distance_warning/include/distance_warning/distance_warning/msg
[2.999s] -- Up-to-date: /home/daonguyenhp2311/ros2_ws/install/distance_warning/include/distance_warning/distance_warning/msg/rosidl_generator_c__visibility_control.h
[2.999s] -- Up-to-date: /home/daonguyenhp2311/ros2_ws/install/distance_warning/include/distance_warning/distance_warning/action
[2.999s] -- Up-to-date: /home/daonguyenhp2311/ros2_ws/install/distance_warning/include/distance_warning/distance_warning/action/detail
[2.999s] -- Up-to-date: /home/daonguyenhp2311/ros2_ws/install/distance_warning/include/distance_warning/distance_warning/action/detail/check_distance__struct.h
[2.999s] -- Up-to-date: /home/daonguyenhp2311/ros2_ws/install/distance_warning/include/distance_warning/distance_warning/action/detail/check_distance__functions.h
[2.999s] -- Up-to-date: /home/daonguyenhp2311/ros2_ws/install/distance_warning/include/distance_warning/distance_warning/action/detail/check_distance__type_support.h
[2.999s] -- Up-to-date: /home/daonguyenhp2311/ros2_ws/install/distance_warning/include/distance_warning/distance_warning/action/detail/check_distance__functions.c
[3.000s] -- Up-to-date: /home/daonguyenhp2311/ros2_ws/install/distance_warning/include/distance_warning/distance_warning/action/check_distance.h
[3.000s] -- Up-to-date: /home/daonguyenhp2311/ros2_ws/install/distance_warning/include/distance_warning/distance_warning/srv
[3.000s] -- Up-to-date: /home/daonguyenhp2311/ros2_ws/install/distance_warning/include/distance_warning/distance_warning/srv/detail
[3.000s] -- Up-to-date: /home/daonguyenhp2311/ros2_ws/install/distance_warning/include/distance_warning/distance_warning/srv/detail/set_threshold__type_support.h
[3.000s] -- Up-to-date: /home/daonguyenhp2311/ros2_ws/install/distance_warning/include/distance_warning/distance_warning/srv/detail/set_threshold__functions.h
[3.000s] -- Up-to-date: /home/daonguyenhp2311/ros2_ws/install/distance_warning/include/distance_warning/distance_warning/srv/detail/set_threshold__functions.c
[3.000s] -- Up-to-date: /home/daonguyenhp2311/ros2_ws/install/distance_warning/include/distance_warning/distance_warning/srv/detail/set_threshold__struct.h
[3.000s] -- Up-to-date: /home/daonguyenhp2311/ros2_ws/install/distance_warning/include/distance_warning/distance_warning/srv/set_threshold.h
[3.000s] -- Up-to-date: /home/daonguyenhp2311/ros2_ws/install/distance_warning/share/distance_warning/environment/library_path.sh
[3.000s] -- Up-to-date: /home/daonguyenhp2311/ros2_ws/install/distance_warning/share/distance_warning/environment/library_path.dsv
[3.000s] -- Up-to-date: /home/daonguyenhp2311/ros2_ws/install/distance_warning/lib/libdistance_warning__rosidl_generator_c.so
[3.000s] -- Up-to-date: /home/daonguyenhp2311/ros2_ws/install/distance_warning/include/distance_warning/distance_warning
[3.000s] -- Up-to-date: /home/daonguyenhp2311/ros2_ws/install/distance_warning/include/distance_warning/distance_warning/msg
[3.000s] -- Up-to-date: /home/daonguyenhp2311/ros2_ws/install/distance_warning/include/distance_warning/distance_warning/msg/rosidl_typesupport_fastrtps_c__visibility_control.h
[3.001s] -- Up-to-date: /home/daonguyenhp2311/ros2_ws/install/distance_warning/include/distance_warning/distance_warning/action
[3.001s] -- Up-to-date: /home/daonguyenhp2311/ros2_ws/install/distance_warning/include/distance_warning/distance_warning/action/detail
[3.001s] -- Up-to-date: /home/daonguyenhp2311/ros2_ws/install/distance_warning/include/distance_warning/distance_warning/action/detail/check_distance__rosidl_typesupport_fastrtps_c.h
[3.001s] -- Up-to-date: /home/daonguyenhp2311/ros2_ws/install/distance_warning/include/distance_warning/distance_warning/srv
[3.001s] -- Up-to-date: /home/daonguyenhp2311/ros2_ws/install/distance_warning/include/distance_warning/distance_warning/srv/detail
[3.001s] -- Up-to-date: /home/daonguyenhp2311/ros2_ws/install/distance_warning/include/distance_warning/distance_warning/srv/detail/set_threshold__rosidl_typesupport_fastrtps_c.h
[3.001s] -- Up-to-date: /home/daonguyenhp2311/ros2_ws/install/distance_warning/lib/libdistance_warning__rosidl_typesupport_fastrtps_c.so
[3.001s] -- Up-to-date: /home/daonguyenhp2311/ros2_ws/install/distance_warning/include/distance_warning/distance_warning
[3.001s] -- Up-to-date: /home/daonguyenhp2311/ros2_ws/install/distance_warning/include/distance_warning/distance_warning/msg
[3.001s] -- Up-to-date: /home/daonguyenhp2311/ros2_ws/install/distance_warning/include/distance_warning/distance_warning/msg/rosidl_generator_cpp__visibility_control.hpp
[3.001s] -- Up-to-date: /home/daonguyenhp2311/ros2_ws/install/distance_warning/include/distance_warning/distance_warning/action
[3.001s] -- Up-to-date: /home/daonguyenhp2311/ros2_ws/install/distance_warning/include/distance_warning/distance_warning/action/check_distance.hpp
[3.001s] -- Up-to-date: /home/daonguyenhp2311/ros2_ws/install/distance_warning/include/distance_warning/distance_warning/action/detail
[3.001s] -- Up-to-date: /home/daonguyenhp2311/ros2_ws/install/distance_warning/include/distance_warning/distance_warning/action/detail/check_distance__traits.hpp
[3.001s] -- Up-to-date: /home/daonguyenhp2311/ros2_ws/install/distance_warning/include/distance_warning/distance_warning/action/detail/check_distance__struct.hpp
[3.001s] -- Up-to-date: /home/daonguyenhp2311/ros2_ws/install/distance_warning/include/distance_warning/distance_warning/action/detail/check_distance__type_support.hpp
[3.001s] -- Up-to-date: /home/daonguyenhp2311/ros2_ws/install/distance_warning/include/distance_warning/distance_warning/action/detail/check_distance__builder.hpp
[3.001s] -- Up-to-date: /home/daonguyenhp2311/ros2_ws/install/distance_warning/include/distance_warning/distance_warning/srv
[3.002s] -- Up-to-date: /home/daonguyenhp2311/ros2_ws/install/distance_warning/include/distance_warning/distance_warning/srv/detail
[3.002s] -- Up-to-date: /home/daonguyenhp2311/ros2_ws/install/distance_warning/include/distance_warning/distance_warning/srv/detail/set_threshold__type_support.hpp
[3.002s] -- Up-to-date: /home/daonguyenhp2311/ros2_ws/install/distance_warning/include/distance_warning/distance_warning/srv/detail/set_threshold__builder.hpp
[3.002s] -- Up-to-date: /home/daonguyenhp2311/ros2_ws/install/distance_warning/include/distance_warning/distance_warning/srv/detail/set_threshold__struct.hpp
[3.002s] -- Up-to-date: /home/daonguyenhp2311/ros2_ws/install/distance_warning/include/distance_warning/distance_warning/srv/detail/set_threshold__traits.hpp
[3.002s] -- Up-to-date: /home/daonguyenhp2311/ros2_ws/install/distance_warning/include/distance_warning/distance_warning/srv/set_threshold.hpp
[3.002s] -- Up-to-date: /home/daonguyenhp2311/ros2_ws/install/distance_warning/include/distance_warning/distance_warning
[3.002s] -- Up-to-date: /home/daonguyenhp2311/ros2_ws/install/distance_warning/include/distance_warning/distance_warning/msg
[3.002s] -- Up-to-date: /home/daonguyenhp2311/ros2_ws/install/distance_warning/include/distance_warning/distance_warning/msg/rosidl_typesupport_fastrtps_cpp__visibility_control.h
[3.002s] -- Up-to-date: /home/daonguyenhp2311/ros2_ws/install/distance_warning/include/distance_warning/distance_warning/action
[3.003s] -- Up-to-date: /home/daonguyenhp2311/ros2_ws/install/distance_warning/include/distance_warning/distance_warning/action/detail
[3.003s] -- Up-to-date: /home/daonguyenhp2311/ros2_ws/install/distance_warning/include/distance_warning/distance_warning/action/detail/check_distance__rosidl_typesupport_fastrtps_cpp.hpp
[3.003s] -- Up-to-date: /home/daonguyenhp2311/ros2_ws/install/distance_warning/include/distance_warning/distance_warning/action/detail/dds_fastrtps
[3.003s] -- Up-to-date: /home/daonguyenhp2311/ros2_ws/install/distance_warning/include/distance_warning/distance_warning/srv
[3.003s] -- Up-to-date: /home/daonguyenhp2311/ros2_ws/install/distance_warning/include/distance_warning/distance_warning/srv/detail
[3.003s] -- Up-to-date: /home/daonguyenhp2311/ros2_ws/install/distance_warning/include/distance_warning/distance_warning/srv/detail/set_threshold__rosidl_typesupport_fastrtps_cpp.hpp
[3.003s] -- Up-to-date: /home/daonguyenhp2311/ros2_ws/install/distance_warning/include/distance_warning/distance_warning/srv/detail/dds_fastrtps
[3.003s] -- Up-to-date: /home/daonguyenhp2311/ros2_ws/install/distance_warning/lib/libdistance_warning__rosidl_typesupport_fastrtps_cpp.so
[3.003s] -- Up-to-date: /home/daonguyenhp2311/ros2_ws/install/distance_warning/include/distance_warning/distance_warning
[3.003s] -- Up-to-date: /home/daonguyenhp2311/ros2_ws/install/distance_warning/include/distance_warning/distance_warning/msg
[3.004s] -- Up-to-date: /home/daonguyenhp2311/ros2_ws/install/distance_warning/include/distance_warning/distance_warning/msg/rosidl_typesupport_introspection_c__visibility_control.h
[3.004s] -- Up-to-date: /home/daonguyenhp2311/ros2_ws/install/distance_warning/include/distance_warning/distance_warning/action
[3.004s] -- Up-to-date: /home/daonguyenhp2311/ros2_ws/install/distance_warning/include/distance_warning/distance_warning/action/detail
[3.004s] -- Up-to-date: /home/daonguyenhp2311/ros2_ws/install/distance_warning/include/distance_warning/distance_warning/action/detail/check_distance__rosidl_typesupport_introspection_c.h
[3.004s] -- Up-to-date: /home/daonguyenhp2311/ros2_ws/install/distance_warning/include/distance_warning/distance_warning/action/detail/check_distance__type_support.c
[3.004s] -- Up-to-date: /home/daonguyenhp2311/ros2_ws/install/distance_warning/include/distance_warning/distance_warning/srv
[3.004s] -- Up-to-date: /home/daonguyenhp2311/ros2_ws/install/distance_warning/include/distance_warning/distance_warning/srv/detail
[3.004s] -- Up-to-date: /home/daonguyenhp2311/ros2_ws/install/distance_warning/include/distance_warning/distance_warning/srv/detail/set_threshold__rosidl_typesupport_introspection_c.h
[3.004s] -- Up-to-date: /home/daonguyenhp2311/ros2_ws/install/distance_warning/include/distance_warning/distance_warning/srv/detail/set_threshold__type_support.c
[3.004s] -- Up-to-date: /home/daonguyenhp2311/ros2_ws/install/distance_warning/lib/libdistance_warning__rosidl_typesupport_introspection_c.so
[3.005s] -- Up-to-date: /home/daonguyenhp2311/ros2_ws/install/distance_warning/lib/libdistance_warning__rosidl_typesupport_c.so
[3.005s] -- Up-to-date: /home/daonguyenhp2311/ros2_ws/install/distance_warning/include/distance_warning/distance_warning
[3.005s] -- Up-to-date: /home/daonguyenhp2311/ros2_ws/install/distance_warning/include/distance_warning/distance_warning/action
[3.005s] -- Up-to-date: /home/daonguyenhp2311/ros2_ws/install/distance_warning/include/distance_warning/distance_warning/action/detail
[3.005s] -- Up-to-date: /home/daonguyenhp2311/ros2_ws/install/distance_warning/include/distance_warning/distance_warning/action/detail/check_distance__rosidl_typesupport_introspection_cpp.hpp
[3.005s] -- Up-to-date: /home/daonguyenhp2311/ros2_ws/install/distance_warning/include/distance_warning/distance_warning/action/detail/check_distance__type_support.cpp
[3.005s] -- Up-to-date: /home/daonguyenhp2311/ros2_ws/install/distance_warning/include/distance_warning/distance_warning/srv
[3.005s] -- Up-to-date: /home/daonguyenhp2311/ros2_ws/install/distance_warning/include/distance_warning/distance_warning/srv/detail
[3.005s] -- Up-to-date: /home/daonguyenhp2311/ros2_ws/install/distance_warning/include/distance_warning/distance_warning/srv/detail/set_threshold__type_support.cpp
[3.005s] -- Up-to-date: /home/daonguyenhp2311/ros2_ws/install/distance_warning/include/distance_warning/distance_warning/srv/detail/set_threshold__rosidl_typesupport_introspection_cpp.hpp
[3.005s] -- Up-to-date: /home/daonguyenhp2311/ros2_ws/install/distance_warning/lib/libdistance_warning__rosidl_typesupport_introspection_cpp.so
[3.005s] -- Up-to-date: /home/daonguyenhp2311/ros2_ws/install/distance_warning/lib/libdistance_warning__rosidl_typesupport_cpp.so
[3.005s] -- Up-to-date: /home/daonguyenhp2311/ros2_ws/install/distance_warning/share/distance_warning/environment/pythonpath.sh
[3.005s] -- Up-to-date: /home/daonguyenhp2311/ros2_ws/install/distance_warning/share/distance_warning/environment/pythonpath.dsv
[3.005s] -- Up-to-date: /home/daonguyenhp2311/ros2_ws/install/distance_warning/local/lib/python3.10/dist-packages/distance_warning-0.0.0-py3.10.egg-info
[3.005s] -- Installing: /home/daonguyenhp2311/ros2_ws/install/distance_warning/local/lib/python3.10/dist-packages/distance_warning-0.0.0-py3.10.egg-info/top_level.txt
[3.005s] -- Installing: /home/daonguyenhp2311/ros2_ws/install/distance_warning/local/lib/python3.10/dist-packages/distance_warning-0.0.0-py3.10.egg-info/dependency_links.txt
[3.005s] -- Installing: /home/daonguyenhp2311/ros2_ws/install/distance_warning/local/lib/python3.10/dist-packages/distance_warning-0.0.0-py3.10.egg-info/SOURCES.txt
[3.006s] -- Installing: /home/daonguyenhp2311/ros2_ws/install/distance_warning/local/lib/python3.10/dist-packages/distance_warning-0.0.0-py3.10.egg-info/PKG-INFO
[3.006s] -- Up-to-date: /home/daonguyenhp2311/ros2_ws/install/distance_warning/local/lib/python3.10/dist-packages/distance_warning
[3.006s] -- Up-to-date: /home/daonguyenhp2311/ros2_ws/install/distance_warning/local/lib/python3.10/dist-packages/distance_warning/_distance_warning_s.ep.rosidl_typesupport_c.c
[3.006s] -- Up-to-date: /home/daonguyenhp2311/ros2_ws/install/distance_warning/local/lib/python3.10/dist-packages/distance_warning/distance_warning_s__rosidl_typesupport_introspection_c.cpython-310-x86_64-linux-gnu.so
[3.006s] -- Up-to-date: /home/daonguyenhp2311/ros2_ws/install/distance_warning/local/lib/python3.10/dist-packages/distance_warning/_distance_warning_s.ep.rosidl_typesupport_introspection_c.c
[3.006s] -- Up-to-date: /home/daonguyenhp2311/ros2_ws/install/distance_warning/local/lib/python3.10/dist-packages/distance_warning/distance_warning_s__rosidl_typesupport_fastrtps_c.cpython-310-x86_64-linux-gnu.so
[3.006s] -- Up-to-date: /home/daonguyenhp2311/ros2_ws/install/distance_warning/local/lib/python3.10/dist-packages/distance_warning/__init__.py
[3.006s] -- Up-to-date: /home/daonguyenhp2311/ros2_ws/install/distance_warning/local/lib/python3.10/dist-packages/distance_warning/distance_warning_s__rosidl_typesupport_c.cpython-310-x86_64-linux-gnu.so
[3.006s] -- Up-to-date: /home/daonguyenhp2311/ros2_ws/install/distance_warning/local/lib/python3.10/dist-packages/distance_warning/libdistance_warning__rosidl_generator_py.so
[3.006s] -- Up-to-date: /home/daonguyenhp2311/ros2_ws/install/distance_warning/local/lib/python3.10/dist-packages/distance_warning/action
[3.006s] -- Up-to-date: /home/daonguyenhp2311/ros2_ws/install/distance_warning/local/lib/python3.10/dist-packages/distance_warning/action/_check_distance.py
[3.006s] -- Up-to-date: /home/daonguyenhp2311/ros2_ws/install/distance_warning/local/lib/python3.10/dist-packages/distance_warning/action/__init__.py
[3.006s] -- Up-to-date: /home/daonguyenhp2311/ros2_ws/install/distance_warning/local/lib/python3.10/dist-packages/distance_warning/action/_check_distance_s.c
[3.006s] -- Up-to-date: /home/daonguyenhp2311/ros2_ws/install/distance_warning/local/lib/python3.10/dist-packages/distance_warning/_distance_warning_s.ep.rosidl_typesupport_fastrtps_c.c
[3.006s] -- Up-to-date: /home/daonguyenhp2311/ros2_ws/install/distance_warning/local/lib/python3.10/dist-packages/distance_warning/srv
[3.006s] -- Up-to-date: /home/daonguyenhp2311/ros2_ws/install/distance_warning/local/lib/python3.10/dist-packages/distance_warning/srv/__init__.py
[3.006s] -- Up-to-date: /home/daonguyenhp2311/ros2_ws/install/distance_warning/local/lib/python3.10/dist-packages/distance_warning/srv/_set_threshold_s.c
[3.006s] -- Up-to-date: /home/daonguyenhp2311/ros2_ws/install/distance_warning/local/lib/python3.10/dist-packages/distance_warning/srv/_set_threshold.py
[3.025s] Listing '/home/daonguyenhp2311/ros2_ws/install/distance_warning/local/lib/python3.10/dist-packages/distance_warning'...
[3.025s] Listing '/home/daonguyenhp2311/ros2_ws/install/distance_warning/local/lib/python3.10/dist-packages/distance_warning/action'...
[3.025s] Listing '/home/daonguyenhp2311/ros2_ws/install/distance_warning/local/lib/python3.10/dist-packages/distance_warning/srv'...
[3.028s] -- Up-to-date: /home/daonguyenhp2311/ros2_ws/install/distance_warning/local/lib/python3.10/dist-packages/distance_warning/distance_warning_s__rosidl_typesupport_fastrtps_c.cpython-310-x86_64-linux-gnu.so
[3.028s] -- Up-to-date: /home/daonguyenhp2311/ros2_ws/install/distance_warning/local/lib/python3.10/dist-packages/distance_warning/distance_warning_s__rosidl_typesupport_introspection_c.cpython-310-x86_64-linux-gnu.so
[3.028s] -- Up-to-date: /home/daonguyenhp2311/ros2_ws/install/distance_warning/local/lib/python3.10/dist-packages/distance_warning/distance_warning_s__rosidl_typesupport_c.cpython-310-x86_64-linux-gnu.so
[3.029s] -- Up-to-date: /home/daonguyenhp2311/ros2_ws/install/distance_warning/lib/libdistance_warning__rosidl_generator_py.so
[3.029s] -- Up-to-date: /home/daonguyenhp2311/ros2_ws/install/distance_warning/share/ament_index/resource_index/rust_packages/distance_warning
[3.029s] -- Up-to-date: /home/daonguyenhp2311/ros2_ws/install/distance_warning/share/distance_warning/rust
[3.029s] -- Up-to-date: /home/daonguyenhp2311/ros2_ws/install/distance_warning/share/distance_warning/rust/Cargo.toml
[3.029s] -- Up-to-date: /home/daonguyenhp2311/ros2_ws/install/distance_warning/share/distance_warning/rust/src
[3.029s] -- Up-to-date: /home/daonguyenhp2311/ros2_ws/install/distance_warning/share/distance_warning/rust/src/action.rs
[3.029s] -- Up-to-date: /home/daonguyenhp2311/ros2_ws/install/distance_warning/share/distance_warning/rust/src/action
[3.029s] -- Up-to-date: /home/daonguyenhp2311/ros2_ws/install/distance_warning/share/distance_warning/rust/src/action/rmw.rs
[3.029s] -- Up-to-date: /home/daonguyenhp2311/ros2_ws/install/distance_warning/share/distance_warning/rust/src/lib.rs
[3.029s] -- Up-to-date: /home/daonguyenhp2311/ros2_ws/install/distance_warning/share/distance_warning/rust/src/srv
[3.029s] -- Up-to-date: /home/daonguyenhp2311/ros2_ws/install/distance_warning/share/distance_warning/rust/src/srv/rmw.rs
[3.029s] -- Up-to-date: /home/daonguyenhp2311/ros2_ws/install/distance_warning/share/distance_warning/rust/src/srv.rs
[3.029s] -- Up-to-date: /home/daonguyenhp2311/ros2_ws/install/distance_warning/share/distance_warning/rust/build.rs
[3.029s] -- Up-to-date: /home/daonguyenhp2311/ros2_ws/install/distance_warning/share/distance_warning/srv/SetThreshold.idl
[3.030s] -- Up-to-date: /home/daonguyenhp2311/ros2_ws/install/distance_warning/share/distance_warning/action/CheckDistance.idl
[3.030s] -- Up-to-date: /home/daonguyenhp2311/ros2_ws/install/distance_warning/share/distance_warning/srv/SetThreshold.srv
[3.030s] -- Up-to-date: /home/daonguyenhp2311/ros2_ws/install/distance_warning/share/distance_warning/srv/SetThreshold_Request.msg
[3.030s] -- Up-to-date: /home/daonguyenhp2311/ros2_ws/install/distance_warning/share/distance_warning/srv/SetThreshold_Response.msg
[3.030s] -- Up-to-date: /home/daonguyenhp2311/ros2_ws/install/distance_warning/share/distance_warning/action/CheckDistance.action
[3.030s] -- Up-to-date: /home/daonguyenhp2311/ros2_ws/install/distance_warning/lib/distance_warning/distance_publisher
[3.030s] -- Up-to-date: /home/daonguyenhp2311/ros2_ws/install/distance_warning/lib/distance_warning/distance_listener
[3.030s] -- Up-to-date: /home/daonguyenhp2311/ros2_ws/install/distance_warning/lib/distance_warning/set_threshold_service
[3.030s] -- Installing: /home/daonguyenhp2311/ros2_ws/install/distance_warning/lib/distance_warning/distance_action_server
[3.030s] -- Set runtime path of "/home/daonguyenhp2311/ros2_ws/install/distance_warning/lib/distance_warning/distance_action_server" to ""
[3.030s] -- Up-to-date: /home/daonguyenhp2311/ros2_ws/install/distance_warning/share/ament_index/resource_index/package_run_dependencies/distance_warning
[3.031s] -- Up-to-date: /home/daonguyenhp2311/ros2_ws/install/distance_warning/share/ament_index/resource_index/parent_prefix_path/distance_warning
[3.031s] -- Up-to-date: /home/daonguyenhp2311/ros2_ws/install/distance_warning/share/distance_warning/environment/ament_prefix_path.sh
[3.031s] -- Up-to-date: /home/daonguyenhp2311/ros2_ws/install/distance_warning/share/distance_warning/environment/ament_prefix_path.dsv
[3.031s] -- Up-to-date: /home/daonguyenhp2311/ros2_ws/install/distance_warning/share/distance_warning/environment/path.sh
[3.031s] -- Up-to-date: /home/daonguyenhp2311/ros2_ws/install/distance_warning/share/distance_warning/environment/path.dsv
[3.031s] -- Up-to-date: /home/daonguyenhp2311/ros2_ws/install/distance_warning/share/distance_warning/local_setup.bash
[3.031s] -- Up-to-date: /home/daonguyenhp2311/ros2_ws/install/distance_warning/share/distance_warning/local_setup.sh
[3.031s] -- Up-to-date: /home/daonguyenhp2311/ros2_ws/install/distance_warning/share/distance_warning/local_setup.zsh
[3.031s] -- Up-to-date: /home/daonguyenhp2311/ros2_ws/install/distance_warning/share/distance_warning/local_setup.dsv
[3.032s] -- Installing: /home/daonguyenhp2311/ros2_ws/install/distance_warning/share/distance_warning/package.dsv
[3.032s] -- Up-to-date: /home/daonguyenhp2311/ros2_ws/install/distance_warning/share/ament_index/resource_index/packages/distance_warning
[3.032s] -- Up-to-date: /home/daonguyenhp2311/ros2_ws/install/distance_warning/share/distance_warning/cmake/export_distance_warning__rosidl_generator_cExport.cmake
[3.032s] -- Up-to-date: /home/daonguyenhp2311/ros2_ws/install/distance_warning/share/distance_warning/cmake/export_distance_warning__rosidl_generator_cExport-noconfig.cmake
[3.032s] -- Up-to-date: /home/daonguyenhp2311/ros2_ws/install/distance_warning/share/distance_warning/cmake/export_distance_warning__rosidl_typesupport_fastrtps_cExport.cmake
[3.032s] -- Up-to-date: /home/daonguyenhp2311/ros2_ws/install/distance_warning/share/distance_warning/cmake/export_distance_warning__rosidl_typesupport_fastrtps_cExport-noconfig.cmake
[3.032s] -- Up-to-date: /home/daonguyenhp2311/ros2_ws/install/distance_warning/share/distance_warning/cmake/export_distance_warning__rosidl_generator_cppExport.cmake
[3.032s] -- Up-to-date: /home/daonguyenhp2311/ros2_ws/install/distance_warning/share/distance_warning/cmake/export_distance_warning__rosidl_typesupport_fastrtps_cppExport.cmake
[3.032s] -- Up-to-date: /home/daonguyenhp2311/ros2_ws/install/distance_warning/share/distance_warning/cmake/export_distance_warning__rosidl_typesupport_fastrtps_cppExport-noconfig.cmake
[3.032s] -- Up-to-date: /home/daonguyenhp2311/ros2_ws/install/distance_warning/share/distance_warning/cmake/distance_warning__rosidl_typesupport_introspection_cExport.cmake
[3.032s] -- Up-to-date: /home/daonguyenhp2311/ros2_ws/install/distance_warning/share/distance_warning/cmake/distance_warning__rosidl_typesupport_introspection_cExport-noconfig.cmake
[3.032s] -- Up-to-date: /home/daonguyenhp2311/ros2_ws/install/distance_warning/share/distance_warning/cmake/distance_warning__rosidl_typesupport_cExport.cmake
[3.033s] -- Up-to-date: /home/daonguyenhp2311/ros2_ws/install/distance_warning/share/distance_warning/cmake/distance_warning__rosidl_typesupport_cExport-noconfig.cmake
[3.033s] -- Up-to-date: /home/daonguyenhp2311/ros2_ws/install/distance_warning/share/distance_warning/cmake/distance_warning__rosidl_typesupport_introspection_cppExport.cmake
[3.033s] -- Up-to-date: /home/daonguyenhp2311/ros2_ws/install/distance_warning/share/distance_warning/cmake/distance_warning__rosidl_typesupport_introspection_cppExport-noconfig.cmake
[3.033s] -- Up-to-date: /home/daonguyenhp2311/ros2_ws/install/distance_warning/share/distance_warning/cmake/distance_warning__rosidl_typesupport_cppExport.cmake
[3.033s] -- Up-to-date: /home/daonguyenhp2311/ros2_ws/install/distance_warning/share/distance_warning/cmake/distance_warning__rosidl_typesupport_cppExport-noconfig.cmake
[3.033s] -- Up-to-date: /home/daonguyenhp2311/ros2_ws/install/distance_warning/share/distance_warning/cmake/export_distance_warning__rosidl_generator_pyExport.cmake
[3.033s] -- Up-to-date: /home/daonguyenhp2311/ros2_ws/install/distance_warning/share/distance_warning/cmake/export_distance_warning__rosidl_generator_pyExport-noconfig.cmake
[3.033s] -- Up-to-date: /home/daonguyenhp2311/ros2_ws/install/distance_warning/share/distance_warning/cmake/rosidl_cmake-extras.cmake
[3.033s] -- Up-to-date: /home/daonguyenhp2311/ros2_ws/install/distance_warning/share/distance_warning/cmake/ament_cmake_export_dependencies-extras.cmake
[3.033s] -- Up-to-date: /home/daonguyenhp2311/ros2_ws/install/distance_warning/share/distance_warning/cmake/ament_cmake_export_include_directories-extras.cmake
[3.033s] -- Up-to-date: /home/daonguyenhp2311/ros2_ws/install/distance_warning/share/distance_warning/cmake/ament_cmake_export_libraries-extras.cmake
[3.033s] -- Up-to-date: /home/daonguyenhp2311/ros2_ws/install/distance_warning/share/distance_warning/cmake/ament_cmake_export_targets-extras.cmake
[3.033s] -- Up-to-date: /home/daonguyenhp2311/ros2_ws/install/distance_warning/share/distance_warning/cmake/rosidl_cmake_export_typesupport_targets-extras.cmake
[3.033s] -- Up-to-date: /home/daonguyenhp2311/ros2_ws/install/distance_warning/share/distance_warning/cmake/rosidl_cmake_export_typesupport_libraries-extras.cmake
[3.033s] -- Up-to-date: /home/daonguyenhp2311/ros2_ws/install/distance_warning/share/distance_warning/cmake/distance_warningConfig.cmake
[3.033s] -- Up-to-date: /home/daonguyenhp2311/ros2_ws/install/distance_warning/share/distance_warning/cmake/distance_warningConfig-version.cmake
[3.033s] -- Up-to-date: /home/daonguyenhp2311/ros2_ws/install/distance_warning/share/distance_warning/package.xml
[3.034s] Invoked command in '/home/daonguyenhp2311/ros2_ws/build/distance_warning' returned '0': CMAKE_PREFIX_PATH=${CMAKE_PREFIX_PATH}:/opt/ros/humble /usr/bin/cmake --install /home/daonguyenhp2311/ros2_ws/build/distance_warning
