[0.536s] DEBUG:colcon:Command line arguments: ['/usr/bin/colcon', 'build']
[0.537s] DEBUG:colcon:Parsed command line arguments: Namespace(log_base=None, log_level=None, verb_name='build', build_base='build', install_base='install', merge_install=False, symlink_install=False, test_result_base=None, continue_on_error=False, executor='parallel', parallel_workers=20, event_handlers=None, ignore_user_meta=False, metas=['./colcon.meta'], base_paths=['.'], packages_ignore=None, packages_ignore_regex=None, paths=None, packages_up_to=None, packages_up_to_regex=None, packages_above=None, packages_above_and_dependencies=None, packages_above_depth=None, packages_select_by_dep=None, packages_skip_by_dep=None, packages_skip_up_to=None, packages_select_build_failed=False, packages_skip_build_finished=False, packages_select_test_failures=False, packages_skip_test_passed=False, packages_select=None, packages_skip=None, packages_select_regex=None, packages_skip_regex=None, packages_start=None, packages_end=None, allow_overriding=[], cmake_args=None, cmake_target=None, cmake_target_skip_unavailable=False, cmake_clean_cache=False, cmake_clean_first=False, cmake_force_configure=False, ament_cmake_args=None, catkin_cmake_args=None, catkin_skip_building_tests=False, verb_parser=<colcon_defaults.argument_parser.defaults.DefaultArgumentsDecorator object at 0x7b2972032fe0>, verb_extension=<colcon_core.verb.build.BuildVerb object at 0x7b2972032ad0>, main=<bound method BuildVerb.main of <colcon_core.verb.build.BuildVerb object at 0x7b2972032ad0>>)
[0.629s] Level 1:colcon.colcon_core.package_discovery:discover_packages(colcon_meta) check parameters
[0.629s] Level 1:colcon.colcon_core.package_discovery:discover_packages(recursive) check parameters
[0.629s] Level 1:colcon.colcon_core.package_discovery:discover_packages(ignore) check parameters
[0.629s] Level 1:colcon.colcon_core.package_discovery:discover_packages(path) check parameters
[0.629s] Level 1:colcon.colcon_core.package_discovery:discover_packages(colcon_meta) discover
[0.629s] Level 1:colcon.colcon_core.package_discovery:discover_packages(recursive) discover
[0.629s] INFO:colcon.colcon_core.package_discovery:Crawling recursively for packages in '/home/daonguyenhp2311/ros2_ws'
[0.629s] Level 1:colcon.colcon_core.package_identification:_identify(.) by extensions ['ignore', 'ignore_ament_install']
[0.630s] Level 1:colcon.colcon_core.package_identification:_identify(.) by extension 'ignore'
[0.630s] Level 1:colcon.colcon_core.package_identification:_identify(.) by extension 'ignore_ament_install'
[0.630s] Level 1:colcon.colcon_core.package_identification:_identify(.) by extensions ['colcon_pkg']
[0.630s] Level 1:colcon.colcon_core.package_identification:_identify(.) by extension 'colcon_pkg'
[0.630s] Level 1:colcon.colcon_core.package_identification:_identify(.) by extensions ['colcon_meta']
[0.630s] Level 1:colcon.colcon_core.package_identification:_identify(.) by extension 'colcon_meta'
[0.630s] Level 1:colcon.colcon_core.package_identification:_identify(.) by extensions ['ros']
[0.630s] Level 1:colcon.colcon_core.package_identification:_identify(.) by extension 'ros'
[0.640s] Level 1:colcon.colcon_core.package_identification:_identify(.) by extensions ['cmake', 'python']
[0.640s] Level 1:colcon.colcon_core.package_identification:_identify(.) by extension 'cmake'
[0.640s] Level 1:colcon.colcon_core.package_identification:_identify(.) by extension 'python'
[0.640s] Level 1:colcon.colcon_core.package_identification:_identify(.) by extensions ['python_setup_py']
[0.640s] Level 1:colcon.colcon_core.package_identification:_identify(.) by extension 'python_setup_py'
[0.640s] Level 1:colcon.colcon_core.package_identification:_identify(build) by extensions ['ignore', 'ignore_ament_install']
[0.640s] Level 1:colcon.colcon_core.package_identification:_identify(build) by extension 'ignore'
[0.640s] Level 1:colcon.colcon_core.package_identification:_identify(build) ignored
[0.640s] Level 1:colcon.colcon_core.package_identification:_identify(install) by extensions ['ignore', 'ignore_ament_install']
[0.640s] Level 1:colcon.colcon_core.package_identification:_identify(install) by extension 'ignore'
[0.640s] Level 1:colcon.colcon_core.package_identification:_identify(install) ignored
[0.640s] Level 1:colcon.colcon_core.package_identification:_identify(log) by extensions ['ignore', 'ignore_ament_install']
[0.641s] Level 1:colcon.colcon_core.package_identification:_identify(log) by extension 'ignore'
[0.641s] Level 1:colcon.colcon_core.package_identification:_identify(log) ignored
[0.641s] Level 1:colcon.colcon_core.package_identification:_identify(report) by extensions ['ignore', 'ignore_ament_install']
[0.641s] Level 1:colcon.colcon_core.package_identification:_identify(report) by extension 'ignore'
[0.641s] Level 1:colcon.colcon_core.package_identification:_identify(report) by extension 'ignore_ament_install'
[0.641s] Level 1:colcon.colcon_core.package_identification:_identify(report) by extensions ['colcon_pkg']
[0.641s] Level 1:colcon.colcon_core.package_identification:_identify(report) by extension 'colcon_pkg'
[0.641s] Level 1:colcon.colcon_core.package_identification:_identify(report) by extensions ['colcon_meta']
[0.641s] Level 1:colcon.colcon_core.package_identification:_identify(report) by extension 'colcon_meta'
[0.641s] Level 1:colcon.colcon_core.package_identification:_identify(report) by extensions ['ros']
[0.641s] Level 1:colcon.colcon_core.package_identification:_identify(report) by extension 'ros'
[0.641s] Level 1:colcon.colcon_core.package_identification:_identify(report) by extensions ['cmake', 'python']
[0.641s] Level 1:colcon.colcon_core.package_identification:_identify(report) by extension 'cmake'
[0.641s] Level 1:colcon.colcon_core.package_identification:_identify(report) by extension 'python'
[0.641s] Level 1:colcon.colcon_core.package_identification:_identify(report) by extensions ['python_setup_py']
[0.641s] Level 1:colcon.colcon_core.package_identification:_identify(report) by extension 'python_setup_py'
[0.641s] Level 1:colcon.colcon_core.package_identification:_identify(src) by extensions ['ignore', 'ignore_ament_install']
[0.641s] Level 1:colcon.colcon_core.package_identification:_identify(src) by extension 'ignore'
[0.641s] Level 1:colcon.colcon_core.package_identification:_identify(src) by extension 'ignore_ament_install'
[0.641s] Level 1:colcon.colcon_core.package_identification:_identify(src) by extensions ['colcon_pkg']
[0.641s] Level 1:colcon.colcon_core.package_identification:_identify(src) by extension 'colcon_pkg'
[0.641s] Level 1:colcon.colcon_core.package_identification:_identify(src) by extensions ['colcon_meta']
[0.641s] Level 1:colcon.colcon_core.package_identification:_identify(src) by extension 'colcon_meta'
[0.641s] Level 1:colcon.colcon_core.package_identification:_identify(src) by extensions ['ros']
[0.641s] Level 1:colcon.colcon_core.package_identification:_identify(src) by extension 'ros'
[0.641s] Level 1:colcon.colcon_core.package_identification:_identify(src) by extensions ['cmake', 'python']
[0.641s] Level 1:colcon.colcon_core.package_identification:_identify(src) by extension 'cmake'
[0.641s] Level 1:colcon.colcon_core.package_identification:_identify(src) by extension 'python'
[0.641s] Level 1:colcon.colcon_core.package_identification:_identify(src) by extensions ['python_setup_py']
[0.641s] Level 1:colcon.colcon_core.package_identification:_identify(src) by extension 'python_setup_py'
[0.641s] Level 1:colcon.colcon_core.package_identification:_identify(src/distance_warning) by extensions ['ignore', 'ignore_ament_install']
[0.641s] Level 1:colcon.colcon_core.package_identification:_identify(src/distance_warning) by extension 'ignore'
[0.642s] Level 1:colcon.colcon_core.package_identification:_identify(src/distance_warning) by extension 'ignore_ament_install'
[0.642s] Level 1:colcon.colcon_core.package_identification:_identify(src/distance_warning) by extensions ['colcon_pkg']
[0.642s] Level 1:colcon.colcon_core.package_identification:_identify(src/distance_warning) by extension 'colcon_pkg'
[0.642s] Level 1:colcon.colcon_core.package_identification:_identify(src/distance_warning) by extensions ['colcon_meta']
[0.642s] Level 1:colcon.colcon_core.package_identification:_identify(src/distance_warning) by extension 'colcon_meta'
[0.642s] Level 1:colcon.colcon_core.package_identification:_identify(src/distance_warning) by extensions ['ros']
[0.642s] Level 1:colcon.colcon_core.package_identification:_identify(src/distance_warning) by extension 'ros'
[0.644s] DEBUG:colcon.colcon_core.package_identification:Package 'src/distance_warning' with type 'ros.ament_cmake' and name 'distance_warning'
[0.644s] Level 1:colcon.colcon_core.package_discovery:discover_packages(recursive) using defaults
[0.644s] Level 1:colcon.colcon_core.package_discovery:discover_packages(ignore) discover
[0.644s] Level 1:colcon.colcon_core.package_discovery:discover_packages(ignore) using defaults
[0.644s] Level 1:colcon.colcon_core.package_discovery:discover_packages(path) discover
[0.644s] Level 1:colcon.colcon_core.package_discovery:discover_packages(path) using defaults
[0.658s] Level 1:colcon.colcon_core.package_discovery:discover_packages(prefix_path) check parameters
[0.658s] Level 1:colcon.colcon_core.package_discovery:discover_packages(prefix_path) discover
[0.660s] DEBUG:colcon.colcon_installed_package_information.package_discovery:Found 1 installed packages in /home/daonguyenhp2311/ros2_ws/install
[0.660s] DEBUG:colcon.colcon_installed_package_information.package_discovery:Found 273 installed packages in /opt/ros/humble
[0.662s] Level 1:colcon.colcon_core.package_discovery:discover_packages(prefix_path) using defaults
[0.690s] Level 5:colcon.colcon_core.verb:set package 'distance_warning' build argument 'cmake_args' from command line to 'None'
[0.690s] Level 5:colcon.colcon_core.verb:set package 'distance_warning' build argument 'cmake_target' from command line to 'None'
[0.690s] Level 5:colcon.colcon_core.verb:set package 'distance_warning' build argument 'cmake_target_skip_unavailable' from command line to 'False'
[0.690s] Level 5:colcon.colcon_core.verb:set package 'distance_warning' build argument 'cmake_clean_cache' from command line to 'False'
[0.690s] Level 5:colcon.colcon_core.verb:set package 'distance_warning' build argument 'cmake_clean_first' from command line to 'False'
[0.690s] Level 5:colcon.colcon_core.verb:set package 'distance_warning' build argument 'cmake_force_configure' from command line to 'False'
[0.690s] Level 5:colcon.colcon_core.verb:set package 'distance_warning' build argument 'ament_cmake_args' from command line to 'None'
[0.690s] Level 5:colcon.colcon_core.verb:set package 'distance_warning' build argument 'catkin_cmake_args' from command line to 'None'
[0.690s] Level 5:colcon.colcon_core.verb:set package 'distance_warning' build argument 'catkin_skip_building_tests' from command line to 'False'
[0.690s] DEBUG:colcon.colcon_core.verb:Building package 'distance_warning' with the following arguments: {'ament_cmake_args': None, 'build_base': '/home/daonguyenhp2311/ros2_ws/build/distance_warning', 'catkin_cmake_args': None, 'catkin_skip_building_tests': False, 'cmake_args': None, 'cmake_clean_cache': False, 'cmake_clean_first': False, 'cmake_force_configure': False, 'cmake_target': None, 'cmake_target_skip_unavailable': False, 'install_base': '/home/daonguyenhp2311/ros2_ws/install/distance_warning', 'merge_install': False, 'path': '/home/daonguyenhp2311/ros2_ws/src/distance_warning', 'symlink_install': False, 'test_result_base': None}
[0.690s] INFO:colcon.colcon_core.executor:Executing jobs using 'parallel' executor
[0.692s] DEBUG:colcon.colcon_parallel_executor.executor.parallel:run_until_complete
[0.693s] INFO:colcon.colcon_ros.task.ament_cmake.build:Building ROS package in '/home/daonguyenhp2311/ros2_ws/src/distance_warning' with build type 'ament_cmake'
[0.693s] INFO:colcon.colcon_cmake.task.cmake.build:Building CMake package in '/home/daonguyenhp2311/ros2_ws/src/distance_warning'
[0.696s] INFO:colcon.colcon_core.plugin_system:Skipping extension 'colcon_core.shell.bat': Not used on non-Windows systems
[0.696s] INFO:colcon.colcon_core.shell:Skip shell extension 'powershell' for command environment: Not usable outside of PowerShell
[0.696s] DEBUG:colcon.colcon_core.shell:Skip shell extension 'dsv' for command environment
[0.705s] DEBUG:colcon.colcon_core.event_handler.log_command:Invoking command in '/home/daonguyenhp2311/ros2_ws/build/distance_warning': CMAKE_PREFIX_PATH=${CMAKE_PREFIX_PATH}:/opt/ros/humble /usr/bin/cmake --build /home/daonguyenhp2311/ros2_ws/build/distance_warning -- -j20 -l20
[0.981s] DEBUG:colcon.colcon_core.event_handler.log_command:Invoked command in '/home/daonguyenhp2311/ros2_ws/build/distance_warning' returned '0': CMAKE_PREFIX_PATH=${CMAKE_PREFIX_PATH}:/opt/ros/humble /usr/bin/cmake --build /home/daonguyenhp2311/ros2_ws/build/distance_warning -- -j20 -l20
[0.989s] DEBUG:colcon.colcon_core.event_handler.log_command:Invoking command in '/home/daonguyenhp2311/ros2_ws/build/distance_warning': CMAKE_PREFIX_PATH=${CMAKE_PREFIX_PATH}:/opt/ros/humble /usr/bin/cmake --install /home/daonguyenhp2311/ros2_ws/build/distance_warning
[1.038s] Level 1:colcon.colcon_core.environment:create_environment_scripts_only(distance_warning)
[1.038s] DEBUG:colcon.colcon_core.event_handler.log_command:Invoked command in '/home/daonguyenhp2311/ros2_ws/build/distance_warning' returned '0': CMAKE_PREFIX_PATH=${CMAKE_PREFIX_PATH}:/opt/ros/humble /usr/bin/cmake --install /home/daonguyenhp2311/ros2_ws/build/distance_warning
[1.040s] Level 1:colcon.colcon_core.environment:checking '/home/daonguyenhp2311/ros2_ws/install/distance_warning' for CMake module files
[1.041s] Level 1:colcon.colcon_core.environment:checking '/home/daonguyenhp2311/ros2_ws/install/distance_warning' for CMake config files
[1.041s] Level 1:colcon.colcon_core.shell:create_environment_hook('distance_warning', 'cmake_prefix_path')
[1.041s] INFO:colcon.colcon_core.shell:Creating environment hook '/home/daonguyenhp2311/ros2_ws/install/distance_warning/share/distance_warning/hook/cmake_prefix_path.ps1'
[1.042s] INFO:colcon.colcon_core.shell:Creating environment descriptor '/home/daonguyenhp2311/ros2_ws/install/distance_warning/share/distance_warning/hook/cmake_prefix_path.dsv'
[1.042s] INFO:colcon.colcon_core.shell:Creating environment hook '/home/daonguyenhp2311/ros2_ws/install/distance_warning/share/distance_warning/hook/cmake_prefix_path.sh'
[1.043s] Level 1:colcon.colcon_core.environment:checking '/home/daonguyenhp2311/ros2_ws/install/distance_warning/lib'
[1.043s] Level 1:colcon.colcon_core.shell:create_environment_hook('distance_warning', 'ld_library_path_lib')
[1.044s] INFO:colcon.colcon_core.shell:Creating environment hook '/home/daonguyenhp2311/ros2_ws/install/distance_warning/share/distance_warning/hook/ld_library_path_lib.ps1'
[1.044s] INFO:colcon.colcon_core.shell:Creating environment descriptor '/home/daonguyenhp2311/ros2_ws/install/distance_warning/share/distance_warning/hook/ld_library_path_lib.dsv'
[1.044s] INFO:colcon.colcon_core.shell:Creating environment hook '/home/daonguyenhp2311/ros2_ws/install/distance_warning/share/distance_warning/hook/ld_library_path_lib.sh'
[1.045s] Level 1:colcon.colcon_core.environment:checking '/home/daonguyenhp2311/ros2_ws/install/distance_warning/bin'
[1.045s] Level 1:colcon.colcon_core.environment:checking '/home/daonguyenhp2311/ros2_ws/install/distance_warning/lib/pkgconfig/distance_warning.pc'
[1.045s] Level 1:colcon.colcon_core.environment:checking '/home/daonguyenhp2311/ros2_ws/install/distance_warning/lib/python3.10/site-packages'
[1.045s] Level 1:colcon.colcon_core.environment:checking '/home/daonguyenhp2311/ros2_ws/install/distance_warning/bin'
[1.046s] INFO:colcon.colcon_core.shell:Creating package script '/home/daonguyenhp2311/ros2_ws/install/distance_warning/share/distance_warning/package.ps1'
[1.046s] INFO:colcon.colcon_core.shell:Creating package descriptor '/home/daonguyenhp2311/ros2_ws/install/distance_warning/share/distance_warning/package.dsv'
[1.047s] INFO:colcon.colcon_core.shell:Creating package script '/home/daonguyenhp2311/ros2_ws/install/distance_warning/share/distance_warning/package.sh'
[1.048s] INFO:colcon.colcon_core.shell:Creating package script '/home/daonguyenhp2311/ros2_ws/install/distance_warning/share/distance_warning/package.bash'
[1.048s] INFO:colcon.colcon_core.shell:Creating package script '/home/daonguyenhp2311/ros2_ws/install/distance_warning/share/distance_warning/package.zsh'
[1.049s] Level 1:colcon.colcon_core.environment:create_file_with_runtime_dependencies(/home/daonguyenhp2311/ros2_ws/install/distance_warning/share/colcon-core/packages/distance_warning)
[1.049s] Level 1:colcon.colcon_core.environment:create_environment_scripts_only(distance_warning)
[1.050s] Level 1:colcon.colcon_core.environment:checking '/home/daonguyenhp2311/ros2_ws/install/distance_warning' for CMake module files
[1.050s] Level 1:colcon.colcon_core.environment:checking '/home/daonguyenhp2311/ros2_ws/install/distance_warning' for CMake config files
[1.050s] Level 1:colcon.colcon_core.shell:create_environment_hook('distance_warning', 'cmake_prefix_path')
[1.050s] INFO:colcon.colcon_core.shell:Creating environment hook '/home/daonguyenhp2311/ros2_ws/install/distance_warning/share/distance_warning/hook/cmake_prefix_path.ps1'
[1.051s] INFO:colcon.colcon_core.shell:Creating environment descriptor '/home/daonguyenhp2311/ros2_ws/install/distance_warning/share/distance_warning/hook/cmake_prefix_path.dsv'
[1.051s] INFO:colcon.colcon_core.shell:Creating environment hook '/home/daonguyenhp2311/ros2_ws/install/distance_warning/share/distance_warning/hook/cmake_prefix_path.sh'
[1.052s] Level 1:colcon.colcon_core.environment:checking '/home/daonguyenhp2311/ros2_ws/install/distance_warning/lib'
[1.052s] Level 1:colcon.colcon_core.shell:create_environment_hook('distance_warning', 'ld_library_path_lib')
[1.052s] INFO:colcon.colcon_core.shell:Creating environment hook '/home/daonguyenhp2311/ros2_ws/install/distance_warning/share/distance_warning/hook/ld_library_path_lib.ps1'
[1.052s] INFO:colcon.colcon_core.shell:Creating environment descriptor '/home/daonguyenhp2311/ros2_ws/install/distance_warning/share/distance_warning/hook/ld_library_path_lib.dsv'
[1.052s] INFO:colcon.colcon_core.shell:Creating environment hook '/home/daonguyenhp2311/ros2_ws/install/distance_warning/share/distance_warning/hook/ld_library_path_lib.sh'
[1.053s] Level 1:colcon.colcon_core.environment:checking '/home/daonguyenhp2311/ros2_ws/install/distance_warning/bin'
[1.053s] Level 1:colcon.colcon_core.environment:checking '/home/daonguyenhp2311/ros2_ws/install/distance_warning/lib/pkgconfig/distance_warning.pc'
[1.053s] Level 1:colcon.colcon_core.environment:checking '/home/daonguyenhp2311/ros2_ws/install/distance_warning/lib/python3.10/site-packages'
[1.053s] Level 1:colcon.colcon_core.environment:checking '/home/daonguyenhp2311/ros2_ws/install/distance_warning/bin'
[1.053s] INFO:colcon.colcon_core.shell:Creating package script '/home/daonguyenhp2311/ros2_ws/install/distance_warning/share/distance_warning/package.ps1'
[1.054s] INFO:colcon.colcon_core.shell:Creating package descriptor '/home/daonguyenhp2311/ros2_ws/install/distance_warning/share/distance_warning/package.dsv'
[1.054s] INFO:colcon.colcon_core.shell:Creating package script '/home/daonguyenhp2311/ros2_ws/install/distance_warning/share/distance_warning/package.sh'
[1.055s] INFO:colcon.colcon_core.shell:Creating package script '/home/daonguyenhp2311/ros2_ws/install/distance_warning/share/distance_warning/package.bash'
[1.055s] INFO:colcon.colcon_core.shell:Creating package script '/home/daonguyenhp2311/ros2_ws/install/distance_warning/share/distance_warning/package.zsh'
[1.055s] Level 1:colcon.colcon_core.environment:create_file_with_runtime_dependencies(/home/daonguyenhp2311/ros2_ws/install/distance_warning/share/colcon-core/packages/distance_warning)
[1.055s] DEBUG:colcon.colcon_parallel_executor.executor.parallel:closing loop
[1.056s] DEBUG:colcon.colcon_parallel_executor.executor.parallel:loop closed
[1.056s] DEBUG:colcon.colcon_parallel_executor.executor.parallel:run_until_complete finished with '0'
[1.056s] DEBUG:colcon.colcon_core.event_reactor:joining thread
[1.278s] INFO:colcon.colcon_core.plugin_system:Skipping extension 'colcon_notification.desktop_notification.notify_send': Could not find 'notify-send'
[1.278s] INFO:colcon.colcon_core.plugin_system:Skipping extension 'colcon_notification.desktop_notification.terminal_notifier': Not used on non-Darwin systems
[1.279s] INFO:colcon.colcon_core.plugin_system:Skipping extension 'colcon_notification.desktop_notification.win32': Not used on non-Windows systems
[1.279s] INFO:colcon.colcon_notification.desktop_notification:Sending desktop notification using 'notify2'
[1.279s] DEBUG:colcon.colcon_notification.desktop_notification.notify2:Failed to initialize notify2: org.freedesktop.DBus.Error.FileNotFound: Failed to connect to socket /run/user/1000/bus: No such file or directory
[1.279s] DEBUG:colcon.colcon_core.event_reactor:joined thread
[1.280s] INFO:colcon.colcon_core.shell:Creating prefix script '/home/daonguyenhp2311/ros2_ws/install/local_setup.ps1'
[1.280s] INFO:colcon.colcon_core.shell:Creating prefix util module '/home/daonguyenhp2311/ros2_ws/install/_local_setup_util_ps1.py'
[1.282s] INFO:colcon.colcon_core.shell:Creating prefix chain script '/home/daonguyenhp2311/ros2_ws/install/setup.ps1'
[1.283s] INFO:colcon.colcon_core.shell:Creating prefix script '/home/daonguyenhp2311/ros2_ws/install/local_setup.sh'
[1.283s] INFO:colcon.colcon_core.shell:Creating prefix util module '/home/daonguyenhp2311/ros2_ws/install/_local_setup_util_sh.py'
[1.284s] INFO:colcon.colcon_core.shell:Creating prefix chain script '/home/daonguyenhp2311/ros2_ws/install/setup.sh'
[1.284s] INFO:colcon.colcon_core.shell:Creating prefix script '/home/daonguyenhp2311/ros2_ws/install/local_setup.bash'
[1.285s] INFO:colcon.colcon_core.shell:Creating prefix chain script '/home/daonguyenhp2311/ros2_ws/install/setup.bash'
[1.286s] INFO:colcon.colcon_core.shell:Creating prefix script '/home/daonguyenhp2311/ros2_ws/install/local_setup.zsh'
[1.286s] INFO:colcon.colcon_core.shell:Creating prefix chain script '/home/daonguyenhp2311/ros2_ws/install/setup.zsh'
