[0.010s] Invoking command in '/home/daonguyenhp2311/ros2_ws/build/distance_warning': CMAKE_PREFIX_PATH=${CMAKE_PREFIX_PATH}:/opt/ros/humble /usr/bin/cmake --build /home/daonguyenhp2311/ros2_ws/build/distance_warning -- -j20 -l20
[0.048s] [  2%] Built target distance_warning__rs
[0.048s] [  4%] Built target distance_warning__cpp
[0.051s] [ 12%] Built target distance_warning__rosidl_generator_c
[0.056s] [ 16%] Built target distance_publisher
[0.056s] [ 20%] Built target distance_listener
[0.056s] [ 20%] Built target ament_cmake_python_copy_distance_warning
[0.065s] [ 28%] Built target distance_warning__rosidl_typesupport_introspection_cpp
[0.066s] [ 36%] Built target distance_warning__rosidl_typesupport_fastrtps_cpp
[0.066s] [ 44%] Built target distance_warning__rosidl_typesupport_cpp
[0.069s] [ 52%] Built target distance_warning__rosidl_typesupport_fastrtps_c
[0.070s] [ 64%] Built target distance_warning__rosidl_typesupport_introspection_c
[0.070s] [ 68%] Built target distance_warning__rosidl_typesupport_c
[0.083s] [ 68%] Built target distance_warning
[0.098s] [ 70%] Built target distance_warning__py
[0.100s] [ 74%] Built target set_threshold_service
[0.101s] [ 78%] Built target distance_action_client
[0.101s] [ 82%] Built target distance_action_server
[0.115s] [ 88%] Built target distance_warning__rosidl_generator_py
[0.130s] [ 92%] Built target distance_warning__rosidl_typesupport_c__pyext
[0.130s] [ 96%] Built target distance_warning__rosidl_typesupport_introspection_c__pyext
[0.131s] [100%] Built target distance_warning__rosidl_typesupport_fastrtps_c__pyext
[0.213s] running egg_info
[0.218s] writing distance_warning.egg-info/PKG-INFO
[0.219s] writing dependency_links to distance_warning.egg-info/dependency_links.txt
[0.220s] writing top-level names to distance_warning.egg-info/top_level.txt
[0.224s] reading manifest file 'distance_warning.egg-info/SOURCES.txt'
[0.225s] writing manifest file 'distance_warning.egg-info/SOURCES.txt'
[0.253s] [100%] Built target ament_cmake_python_build_distance_warning_egg
[0.261s] Invoked command in '/home/daonguyenhp2311/ros2_ws/build/distance_warning' returned '0': CMAKE_PREFIX_PATH=${CMAKE_PREFIX_PATH}:/opt/ros/humble /usr/bin/cmake --build /home/daonguyenhp2311/ros2_ws/build/distance_warning -- -j20 -l20
[0.268s] Invoking command in '/home/daonguyenhp2311/ros2_ws/build/distance_warning': CMAKE_PREFIX_PATH=${CMAKE_PREFIX_PATH}:/opt/ros/humble /usr/bin/cmake --install /home/daonguyenhp2311/ros2_ws/build/distance_warning
[0.273s] -- Install configuration: ""
[0.273s] -- Up-to-date: /home/daonguyenhp2311/ros2_ws/install/distance_warning/share/ament_index/resource_index/rosidl_interfaces/distance_warning
[0.273s] -- Up-to-date: /home/daonguyenhp2311/ros2_ws/install/distance_warning/include/distance_warning/distance_warning
[0.273s] -- Up-to-date: /home/daonguyenhp2311/ros2_ws/install/distance_warning/include/distance_warning/distance_warning/msg
[0.273s] -- Up-to-date: /home/daonguyenhp2311/ros2_ws/install/distance_warning/include/distance_warning/distance_warning/msg/rosidl_generator_c__visibility_control.h
[0.273s] -- Up-to-date: /home/daonguyenhp2311/ros2_ws/install/distance_warning/include/distance_warning/distance_warning/action
[0.274s] -- Up-to-date: /home/daonguyenhp2311/ros2_ws/install/distance_warning/include/distance_warning/distance_warning/action/detail
[0.274s] -- Up-to-date: /home/daonguyenhp2311/ros2_ws/install/distance_warning/include/distance_warning/distance_warning/action/detail/check_distance__struct.h
[0.274s] -- Up-to-date: /home/daonguyenhp2311/ros2_ws/install/distance_warning/include/distance_warning/distance_warning/action/detail/check_distance__functions.h
[0.274s] -- Up-to-date: /home/daonguyenhp2311/ros2_ws/install/distance_warning/include/distance_warning/distance_warning/action/detail/check_distance__type_support.h
[0.274s] -- Up-to-date: /home/daonguyenhp2311/ros2_ws/install/distance_warning/include/distance_warning/distance_warning/action/detail/check_distance__functions.c
[0.274s] -- Up-to-date: /home/daonguyenhp2311/ros2_ws/install/distance_warning/include/distance_warning/distance_warning/action/check_distance.h
[0.274s] -- Up-to-date: /home/daonguyenhp2311/ros2_ws/install/distance_warning/include/distance_warning/distance_warning/srv
[0.274s] -- Up-to-date: /home/daonguyenhp2311/ros2_ws/install/distance_warning/include/distance_warning/distance_warning/srv/detail
[0.274s] -- Up-to-date: /home/daonguyenhp2311/ros2_ws/install/distance_warning/include/distance_warning/distance_warning/srv/detail/set_threshold__type_support.h
[0.274s] -- Up-to-date: /home/daonguyenhp2311/ros2_ws/install/distance_warning/include/distance_warning/distance_warning/srv/detail/set_threshold__functions.h
[0.275s] -- Up-to-date: /home/daonguyenhp2311/ros2_ws/install/distance_warning/include/distance_warning/distance_warning/srv/detail/set_threshold__functions.c
[0.275s] -- Up-to-date: /home/daonguyenhp2311/ros2_ws/install/distance_warning/include/distance_warning/distance_warning/srv/detail/set_threshold__struct.h
[0.275s] -- Up-to-date: /home/daonguyenhp2311/ros2_ws/install/distance_warning/include/distance_warning/distance_warning/srv/set_threshold.h
[0.275s] -- Up-to-date: /home/daonguyenhp2311/ros2_ws/install/distance_warning/share/distance_warning/environment/library_path.sh
[0.275s] -- Up-to-date: /home/daonguyenhp2311/ros2_ws/install/distance_warning/share/distance_warning/environment/library_path.dsv
[0.275s] -- Up-to-date: /home/daonguyenhp2311/ros2_ws/install/distance_warning/lib/libdistance_warning__rosidl_generator_c.so
[0.275s] -- Up-to-date: /home/daonguyenhp2311/ros2_ws/install/distance_warning/include/distance_warning/distance_warning
[0.275s] -- Up-to-date: /home/daonguyenhp2311/ros2_ws/install/distance_warning/include/distance_warning/distance_warning/msg
[0.275s] -- Up-to-date: /home/daonguyenhp2311/ros2_ws/install/distance_warning/include/distance_warning/distance_warning/msg/rosidl_typesupport_fastrtps_c__visibility_control.h
[0.275s] -- Up-to-date: /home/daonguyenhp2311/ros2_ws/install/distance_warning/include/distance_warning/distance_warning/action
[0.275s] -- Up-to-date: /home/daonguyenhp2311/ros2_ws/install/distance_warning/include/distance_warning/distance_warning/action/detail
[0.275s] -- Up-to-date: /home/daonguyenhp2311/ros2_ws/install/distance_warning/include/distance_warning/distance_warning/action/detail/check_distance__rosidl_typesupport_fastrtps_c.h
[0.275s] -- Up-to-date: /home/daonguyenhp2311/ros2_ws/install/distance_warning/include/distance_warning/distance_warning/srv
[0.276s] -- Up-to-date: /home/daonguyenhp2311/ros2_ws/install/distance_warning/include/distance_warning/distance_warning/srv/detail
[0.276s] -- Up-to-date: /home/daonguyenhp2311/ros2_ws/install/distance_warning/include/distance_warning/distance_warning/srv/detail/set_threshold__rosidl_typesupport_fastrtps_c.h
[0.276s] -- Up-to-date: /home/daonguyenhp2311/ros2_ws/install/distance_warning/lib/libdistance_warning__rosidl_typesupport_fastrtps_c.so
[0.276s] -- Up-to-date: /home/daonguyenhp2311/ros2_ws/install/distance_warning/include/distance_warning/distance_warning
[0.276s] -- Up-to-date: /home/daonguyenhp2311/ros2_ws/install/distance_warning/include/distance_warning/distance_warning/msg
[0.276s] -- Up-to-date: /home/daonguyenhp2311/ros2_ws/install/distance_warning/include/distance_warning/distance_warning/msg/rosidl_generator_cpp__visibility_control.hpp
[0.276s] -- Up-to-date: /home/daonguyenhp2311/ros2_ws/install/distance_warning/include/distance_warning/distance_warning/action
[0.276s] -- Up-to-date: /home/daonguyenhp2311/ros2_ws/install/distance_warning/include/distance_warning/distance_warning/action/check_distance.hpp
[0.276s] -- Up-to-date: /home/daonguyenhp2311/ros2_ws/install/distance_warning/include/distance_warning/distance_warning/action/detail
[0.277s] -- Up-to-date: /home/daonguyenhp2311/ros2_ws/install/distance_warning/include/distance_warning/distance_warning/action/detail/check_distance__traits.hpp
[0.277s] -- Up-to-date: /home/daonguyenhp2311/ros2_ws/install/distance_warning/include/distance_warning/distance_warning/action/detail/check_distance__struct.hpp
[0.277s] -- Up-to-date: /home/daonguyenhp2311/ros2_ws/install/distance_warning/include/distance_warning/distance_warning/action/detail/check_distance__type_support.hpp
[0.277s] -- Up-to-date: /home/daonguyenhp2311/ros2_ws/install/distance_warning/include/distance_warning/distance_warning/action/detail/check_distance__builder.hpp
[0.277s] -- Up-to-date: /home/daonguyenhp2311/ros2_ws/install/distance_warning/include/distance_warning/distance_warning/srv
[0.277s] -- Up-to-date: /home/daonguyenhp2311/ros2_ws/install/distance_warning/include/distance_warning/distance_warning/srv/detail
[0.277s] -- Up-to-date: /home/daonguyenhp2311/ros2_ws/install/distance_warning/include/distance_warning/distance_warning/srv/detail/set_threshold__type_support.hpp
[0.277s] -- Up-to-date: /home/daonguyenhp2311/ros2_ws/install/distance_warning/include/distance_warning/distance_warning/srv/detail/set_threshold__builder.hpp
[0.277s] -- Up-to-date: /home/daonguyenhp2311/ros2_ws/install/distance_warning/include/distance_warning/distance_warning/srv/detail/set_threshold__struct.hpp
[0.277s] -- Up-to-date: /home/daonguyenhp2311/ros2_ws/install/distance_warning/include/distance_warning/distance_warning/srv/detail/set_threshold__traits.hpp
[0.277s] -- Up-to-date: /home/daonguyenhp2311/ros2_ws/install/distance_warning/include/distance_warning/distance_warning/srv/set_threshold.hpp
[0.277s] -- Up-to-date: /home/daonguyenhp2311/ros2_ws/install/distance_warning/include/distance_warning/distance_warning
[0.277s] -- Up-to-date: /home/daonguyenhp2311/ros2_ws/install/distance_warning/include/distance_warning/distance_warning/msg
[0.277s] -- Up-to-date: /home/daonguyenhp2311/ros2_ws/install/distance_warning/include/distance_warning/distance_warning/msg/rosidl_typesupport_fastrtps_cpp__visibility_control.h
[0.277s] -- Up-to-date: /home/daonguyenhp2311/ros2_ws/install/distance_warning/include/distance_warning/distance_warning/action
[0.277s] -- Up-to-date: /home/daonguyenhp2311/ros2_ws/install/distance_warning/include/distance_warning/distance_warning/action/detail
[0.277s] -- Up-to-date: /home/daonguyenhp2311/ros2_ws/install/distance_warning/include/distance_warning/distance_warning/action/detail/check_distance__rosidl_typesupport_fastrtps_cpp.hpp
[0.277s] -- Up-to-date: /home/daonguyenhp2311/ros2_ws/install/distance_warning/include/distance_warning/distance_warning/action/detail/dds_fastrtps
[0.277s] -- Up-to-date: /home/daonguyenhp2311/ros2_ws/install/distance_warning/include/distance_warning/distance_warning/srv
[0.277s] -- Up-to-date: /home/daonguyenhp2311/ros2_ws/install/distance_warning/include/distance_warning/distance_warning/srv/detail
[0.278s] -- Up-to-date: /home/daonguyenhp2311/ros2_ws/install/distance_warning/include/distance_warning/distance_warning/srv/detail/set_threshold__rosidl_typesupport_fastrtps_cpp.hpp
[0.278s] -- Up-to-date: /home/daonguyenhp2311/ros2_ws/install/distance_warning/include/distance_warning/distance_warning/srv/detail/dds_fastrtps
[0.278s] -- Up-to-date: /home/daonguyenhp2311/ros2_ws/install/distance_warning/lib/libdistance_warning__rosidl_typesupport_fastrtps_cpp.so
[0.278s] -- Up-to-date: /home/daonguyenhp2311/ros2_ws/install/distance_warning/include/distance_warning/distance_warning
[0.278s] -- Up-to-date: /home/daonguyenhp2311/ros2_ws/install/distance_warning/include/distance_warning/distance_warning/msg
[0.278s] -- Up-to-date: /home/daonguyenhp2311/ros2_ws/install/distance_warning/include/distance_warning/distance_warning/msg/rosidl_typesupport_introspection_c__visibility_control.h
[0.278s] -- Up-to-date: /home/daonguyenhp2311/ros2_ws/install/distance_warning/include/distance_warning/distance_warning/action
[0.278s] -- Up-to-date: /home/daonguyenhp2311/ros2_ws/install/distance_warning/include/distance_warning/distance_warning/action/detail
[0.278s] -- Up-to-date: /home/daonguyenhp2311/ros2_ws/install/distance_warning/include/distance_warning/distance_warning/action/detail/check_distance__rosidl_typesupport_introspection_c.h
[0.278s] -- Up-to-date: /home/daonguyenhp2311/ros2_ws/install/distance_warning/include/distance_warning/distance_warning/action/detail/check_distance__type_support.c
[0.278s] -- Up-to-date: /home/daonguyenhp2311/ros2_ws/install/distance_warning/include/distance_warning/distance_warning/srv
[0.278s] -- Up-to-date: /home/daonguyenhp2311/ros2_ws/install/distance_warning/include/distance_warning/distance_warning/srv/detail
[0.278s] -- Up-to-date: /home/daonguyenhp2311/ros2_ws/install/distance_warning/include/distance_warning/distance_warning/srv/detail/set_threshold__rosidl_typesupport_introspection_c.h
[0.278s] -- Up-to-date: /home/daonguyenhp2311/ros2_ws/install/distance_warning/include/distance_warning/distance_warning/srv/detail/set_threshold__type_support.c
[0.278s] -- Up-to-date: /home/daonguyenhp2311/ros2_ws/install/distance_warning/lib/libdistance_warning__rosidl_typesupport_introspection_c.so
[0.278s] -- Up-to-date: /home/daonguyenhp2311/ros2_ws/install/distance_warning/lib/libdistance_warning__rosidl_typesupport_c.so
[0.278s] -- Up-to-date: /home/daonguyenhp2311/ros2_ws/install/distance_warning/include/distance_warning/distance_warning
[0.278s] -- Up-to-date: /home/daonguyenhp2311/ros2_ws/install/distance_warning/include/distance_warning/distance_warning/action
[0.278s] -- Up-to-date: /home/daonguyenhp2311/ros2_ws/install/distance_warning/include/distance_warning/distance_warning/action/detail
[0.278s] -- Up-to-date: /home/daonguyenhp2311/ros2_ws/install/distance_warning/include/distance_warning/distance_warning/action/detail/check_distance__rosidl_typesupport_introspection_cpp.hpp
[0.278s] -- Up-to-date: /home/daonguyenhp2311/ros2_ws/install/distance_warning/include/distance_warning/distance_warning/action/detail/check_distance__type_support.cpp
[0.278s] -- Up-to-date: /home/daonguyenhp2311/ros2_ws/install/distance_warning/include/distance_warning/distance_warning/srv
[0.278s] -- Up-to-date: /home/daonguyenhp2311/ros2_ws/install/distance_warning/include/distance_warning/distance_warning/srv/detail
[0.278s] -- Up-to-date: /home/daonguyenhp2311/ros2_ws/install/distance_warning/include/distance_warning/distance_warning/srv/detail/set_threshold__type_support.cpp
[0.278s] -- Up-to-date: /home/daonguyenhp2311/ros2_ws/install/distance_warning/include/distance_warning/distance_warning/srv/detail/set_threshold__rosidl_typesupport_introspection_cpp.hpp
[0.278s] -- Up-to-date: /home/daonguyenhp2311/ros2_ws/install/distance_warning/lib/libdistance_warning__rosidl_typesupport_introspection_cpp.so
[0.278s] -- Up-to-date: /home/daonguyenhp2311/ros2_ws/install/distance_warning/lib/libdistance_warning__rosidl_typesupport_cpp.so
[0.278s] -- Up-to-date: /home/daonguyenhp2311/ros2_ws/install/distance_warning/share/distance_warning/environment/pythonpath.sh
[0.278s] -- Up-to-date: /home/daonguyenhp2311/ros2_ws/install/distance_warning/share/distance_warning/environment/pythonpath.dsv
[0.278s] -- Up-to-date: /home/daonguyenhp2311/ros2_ws/install/distance_warning/local/lib/python3.10/dist-packages/distance_warning-0.0.0-py3.10.egg-info
[0.278s] -- Installing: /home/daonguyenhp2311/ros2_ws/install/distance_warning/local/lib/python3.10/dist-packages/distance_warning-0.0.0-py3.10.egg-info/top_level.txt
[0.278s] -- Installing: /home/daonguyenhp2311/ros2_ws/install/distance_warning/local/lib/python3.10/dist-packages/distance_warning-0.0.0-py3.10.egg-info/dependency_links.txt
[0.278s] -- Installing: /home/daonguyenhp2311/ros2_ws/install/distance_warning/local/lib/python3.10/dist-packages/distance_warning-0.0.0-py3.10.egg-info/SOURCES.txt
[0.278s] -- Installing: /home/daonguyenhp2311/ros2_ws/install/distance_warning/local/lib/python3.10/dist-packages/distance_warning-0.0.0-py3.10.egg-info/PKG-INFO
[0.278s] -- Up-to-date: /home/daonguyenhp2311/ros2_ws/install/distance_warning/local/lib/python3.10/dist-packages/distance_warning
[0.278s] -- Up-to-date: /home/daonguyenhp2311/ros2_ws/install/distance_warning/local/lib/python3.10/dist-packages/distance_warning/_distance_warning_s.ep.rosidl_typesupport_c.c
[0.278s] -- Up-to-date: /home/daonguyenhp2311/ros2_ws/install/distance_warning/local/lib/python3.10/dist-packages/distance_warning/distance_warning_s__rosidl_typesupport_introspection_c.cpython-310-x86_64-linux-gnu.so
[0.279s] -- Up-to-date: /home/daonguyenhp2311/ros2_ws/install/distance_warning/local/lib/python3.10/dist-packages/distance_warning/_distance_warning_s.ep.rosidl_typesupport_introspection_c.c
[0.279s] -- Up-to-date: /home/daonguyenhp2311/ros2_ws/install/distance_warning/local/lib/python3.10/dist-packages/distance_warning/distance_warning_s__rosidl_typesupport_fastrtps_c.cpython-310-x86_64-linux-gnu.so
[0.279s] -- Up-to-date: /home/daonguyenhp2311/ros2_ws/install/distance_warning/local/lib/python3.10/dist-packages/distance_warning/__init__.py
[0.279s] -- Up-to-date: /home/daonguyenhp2311/ros2_ws/install/distance_warning/local/lib/python3.10/dist-packages/distance_warning/distance_warning_s__rosidl_typesupport_c.cpython-310-x86_64-linux-gnu.so
[0.279s] -- Up-to-date: /home/daonguyenhp2311/ros2_ws/install/distance_warning/local/lib/python3.10/dist-packages/distance_warning/libdistance_warning__rosidl_generator_py.so
[0.279s] -- Up-to-date: /home/daonguyenhp2311/ros2_ws/install/distance_warning/local/lib/python3.10/dist-packages/distance_warning/action
[0.279s] -- Up-to-date: /home/daonguyenhp2311/ros2_ws/install/distance_warning/local/lib/python3.10/dist-packages/distance_warning/action/_check_distance.py
[0.279s] -- Up-to-date: /home/daonguyenhp2311/ros2_ws/install/distance_warning/local/lib/python3.10/dist-packages/distance_warning/action/__init__.py
[0.279s] -- Up-to-date: /home/daonguyenhp2311/ros2_ws/install/distance_warning/local/lib/python3.10/dist-packages/distance_warning/action/_check_distance_s.c
[0.279s] -- Up-to-date: /home/daonguyenhp2311/ros2_ws/install/distance_warning/local/lib/python3.10/dist-packages/distance_warning/_distance_warning_s.ep.rosidl_typesupport_fastrtps_c.c
[0.279s] -- Up-to-date: /home/daonguyenhp2311/ros2_ws/install/distance_warning/local/lib/python3.10/dist-packages/distance_warning/srv
[0.279s] -- Up-to-date: /home/daonguyenhp2311/ros2_ws/install/distance_warning/local/lib/python3.10/dist-packages/distance_warning/srv/__init__.py
[0.279s] -- Up-to-date: /home/daonguyenhp2311/ros2_ws/install/distance_warning/local/lib/python3.10/dist-packages/distance_warning/srv/_set_threshold_s.c
[0.279s] -- Up-to-date: /home/daonguyenhp2311/ros2_ws/install/distance_warning/local/lib/python3.10/dist-packages/distance_warning/srv/_set_threshold.py
[0.302s] Listing '/home/daonguyenhp2311/ros2_ws/install/distance_warning/local/lib/python3.10/dist-packages/distance_warning'...
[0.302s] Listing '/home/daonguyenhp2311/ros2_ws/install/distance_warning/local/lib/python3.10/dist-packages/distance_warning/action'...
[0.302s] Listing '/home/daonguyenhp2311/ros2_ws/install/distance_warning/local/lib/python3.10/dist-packages/distance_warning/srv'...
[0.306s] -- Up-to-date: /home/daonguyenhp2311/ros2_ws/install/distance_warning/local/lib/python3.10/dist-packages/distance_warning/distance_warning_s__rosidl_typesupport_fastrtps_c.cpython-310-x86_64-linux-gnu.so
[0.306s] -- Up-to-date: /home/daonguyenhp2311/ros2_ws/install/distance_warning/local/lib/python3.10/dist-packages/distance_warning/distance_warning_s__rosidl_typesupport_introspection_c.cpython-310-x86_64-linux-gnu.so
[0.307s] -- Up-to-date: /home/daonguyenhp2311/ros2_ws/install/distance_warning/local/lib/python3.10/dist-packages/distance_warning/distance_warning_s__rosidl_typesupport_c.cpython-310-x86_64-linux-gnu.so
[0.307s] -- Up-to-date: /home/daonguyenhp2311/ros2_ws/install/distance_warning/lib/libdistance_warning__rosidl_generator_py.so
[0.307s] -- Up-to-date: /home/daonguyenhp2311/ros2_ws/install/distance_warning/share/ament_index/resource_index/rust_packages/distance_warning
[0.307s] -- Up-to-date: /home/daonguyenhp2311/ros2_ws/install/distance_warning/share/distance_warning/rust
[0.307s] -- Up-to-date: /home/daonguyenhp2311/ros2_ws/install/distance_warning/share/distance_warning/rust/Cargo.toml
[0.307s] -- Up-to-date: /home/daonguyenhp2311/ros2_ws/install/distance_warning/share/distance_warning/rust/src
[0.308s] -- Up-to-date: /home/daonguyenhp2311/ros2_ws/install/distance_warning/share/distance_warning/rust/src/action.rs
[0.308s] -- Up-to-date: /home/daonguyenhp2311/ros2_ws/install/distance_warning/share/distance_warning/rust/src/action
[0.308s] -- Up-to-date: /home/daonguyenhp2311/ros2_ws/install/distance_warning/share/distance_warning/rust/src/action/rmw.rs
[0.308s] -- Up-to-date: /home/daonguyenhp2311/ros2_ws/install/distance_warning/share/distance_warning/rust/src/lib.rs
[0.308s] -- Up-to-date: /home/daonguyenhp2311/ros2_ws/install/distance_warning/share/distance_warning/rust/src/srv
[0.308s] -- Up-to-date: /home/daonguyenhp2311/ros2_ws/install/distance_warning/share/distance_warning/rust/src/srv/rmw.rs
[0.308s] -- Up-to-date: /home/daonguyenhp2311/ros2_ws/install/distance_warning/share/distance_warning/rust/src/srv.rs
[0.308s] -- Up-to-date: /home/daonguyenhp2311/ros2_ws/install/distance_warning/share/distance_warning/rust/build.rs
[0.308s] -- Up-to-date: /home/daonguyenhp2311/ros2_ws/install/distance_warning/share/distance_warning/srv/SetThreshold.idl
[0.308s] -- Up-to-date: /home/daonguyenhp2311/ros2_ws/install/distance_warning/share/distance_warning/action/CheckDistance.idl
[0.308s] -- Up-to-date: /home/daonguyenhp2311/ros2_ws/install/distance_warning/share/distance_warning/srv/SetThreshold.srv
[0.308s] -- Up-to-date: /home/daonguyenhp2311/ros2_ws/install/distance_warning/share/distance_warning/srv/SetThreshold_Request.msg
[0.309s] -- Up-to-date: /home/daonguyenhp2311/ros2_ws/install/distance_warning/share/distance_warning/srv/SetThreshold_Response.msg
[0.309s] -- Up-to-date: /home/daonguyenhp2311/ros2_ws/install/distance_warning/share/distance_warning/action/CheckDistance.action
[0.309s] -- Up-to-date: /home/daonguyenhp2311/ros2_ws/install/distance_warning/lib/distance_warning/distance_publisher
[0.309s] -- Up-to-date: /home/daonguyenhp2311/ros2_ws/install/distance_warning/lib/distance_warning/distance_listener
[0.309s] -- Up-to-date: /home/daonguyenhp2311/ros2_ws/install/distance_warning/lib/distance_warning/set_threshold_service
[0.309s] -- Up-to-date: /home/daonguyenhp2311/ros2_ws/install/distance_warning/lib/distance_warning/distance_action_server
[0.310s] -- Up-to-date: /home/daonguyenhp2311/ros2_ws/install/distance_warning/lib/distance_warning/distance_action_client
[0.310s] -- Up-to-date: /home/daonguyenhp2311/ros2_ws/install/distance_warning/share/distance_warning/launch
[0.310s] -- Up-to-date: /home/daonguyenhp2311/ros2_ws/install/distance_warning/share/distance_warning/launch/distance_warning.launch.py
[0.310s] -- Up-to-date: /home/daonguyenhp2311/ros2_ws/install/distance_warning/share/ament_index/resource_index/package_run_dependencies/distance_warning
[0.310s] -- Up-to-date: /home/daonguyenhp2311/ros2_ws/install/distance_warning/share/ament_index/resource_index/parent_prefix_path/distance_warning
[0.310s] -- Up-to-date: /home/daonguyenhp2311/ros2_ws/install/distance_warning/share/distance_warning/environment/ament_prefix_path.sh
[0.310s] -- Up-to-date: /home/daonguyenhp2311/ros2_ws/install/distance_warning/share/distance_warning/environment/ament_prefix_path.dsv
[0.310s] -- Up-to-date: /home/daonguyenhp2311/ros2_ws/install/distance_warning/share/distance_warning/environment/path.sh
[0.310s] -- Up-to-date: /home/daonguyenhp2311/ros2_ws/install/distance_warning/share/distance_warning/environment/path.dsv
[0.310s] -- Up-to-date: /home/daonguyenhp2311/ros2_ws/install/distance_warning/share/distance_warning/local_setup.bash
[0.310s] -- Up-to-date: /home/daonguyenhp2311/ros2_ws/install/distance_warning/share/distance_warning/local_setup.sh
[0.310s] -- Up-to-date: /home/daonguyenhp2311/ros2_ws/install/distance_warning/share/distance_warning/local_setup.zsh
[0.311s] -- Up-to-date: /home/daonguyenhp2311/ros2_ws/install/distance_warning/share/distance_warning/local_setup.dsv
[0.311s] -- Installing: /home/daonguyenhp2311/ros2_ws/install/distance_warning/share/distance_warning/package.dsv
[0.311s] -- Up-to-date: /home/daonguyenhp2311/ros2_ws/install/distance_warning/share/ament_index/resource_index/packages/distance_warning
[0.311s] -- Up-to-date: /home/daonguyenhp2311/ros2_ws/install/distance_warning/share/distance_warning/cmake/export_distance_warning__rosidl_generator_cExport.cmake
[0.311s] -- Up-to-date: /home/daonguyenhp2311/ros2_ws/install/distance_warning/share/distance_warning/cmake/export_distance_warning__rosidl_generator_cExport-noconfig.cmake
[0.311s] -- Up-to-date: /home/daonguyenhp2311/ros2_ws/install/distance_warning/share/distance_warning/cmake/export_distance_warning__rosidl_typesupport_fastrtps_cExport.cmake
[0.311s] -- Up-to-date: /home/daonguyenhp2311/ros2_ws/install/distance_warning/share/distance_warning/cmake/export_distance_warning__rosidl_typesupport_fastrtps_cExport-noconfig.cmake
[0.311s] -- Up-to-date: /home/daonguyenhp2311/ros2_ws/install/distance_warning/share/distance_warning/cmake/export_distance_warning__rosidl_generator_cppExport.cmake
[0.311s] -- Up-to-date: /home/daonguyenhp2311/ros2_ws/install/distance_warning/share/distance_warning/cmake/export_distance_warning__rosidl_typesupport_fastrtps_cppExport.cmake
[0.312s] -- Up-to-date: /home/daonguyenhp2311/ros2_ws/install/distance_warning/share/distance_warning/cmake/export_distance_warning__rosidl_typesupport_fastrtps_cppExport-noconfig.cmake
[0.312s] -- Up-to-date: /home/daonguyenhp2311/ros2_ws/install/distance_warning/share/distance_warning/cmake/distance_warning__rosidl_typesupport_introspection_cExport.cmake
[0.312s] -- Up-to-date: /home/daonguyenhp2311/ros2_ws/install/distance_warning/share/distance_warning/cmake/distance_warning__rosidl_typesupport_introspection_cExport-noconfig.cmake
[0.312s] -- Up-to-date: /home/daonguyenhp2311/ros2_ws/install/distance_warning/share/distance_warning/cmake/distance_warning__rosidl_typesupport_cExport.cmake
[0.312s] -- Up-to-date: /home/daonguyenhp2311/ros2_ws/install/distance_warning/share/distance_warning/cmake/distance_warning__rosidl_typesupport_cExport-noconfig.cmake
[0.312s] -- Up-to-date: /home/daonguyenhp2311/ros2_ws/install/distance_warning/share/distance_warning/cmake/distance_warning__rosidl_typesupport_introspection_cppExport.cmake
[0.312s] -- Up-to-date: /home/daonguyenhp2311/ros2_ws/install/distance_warning/share/distance_warning/cmake/distance_warning__rosidl_typesupport_introspection_cppExport-noconfig.cmake
[0.312s] -- Up-to-date: /home/daonguyenhp2311/ros2_ws/install/distance_warning/share/distance_warning/cmake/distance_warning__rosidl_typesupport_cppExport.cmake
[0.312s] -- Up-to-date: /home/daonguyenhp2311/ros2_ws/install/distance_warning/share/distance_warning/cmake/distance_warning__rosidl_typesupport_cppExport-noconfig.cmake
[0.312s] -- Up-to-date: /home/daonguyenhp2311/ros2_ws/install/distance_warning/share/distance_warning/cmake/export_distance_warning__rosidl_generator_pyExport.cmake
[0.312s] -- Up-to-date: /home/daonguyenhp2311/ros2_ws/install/distance_warning/share/distance_warning/cmake/export_distance_warning__rosidl_generator_pyExport-noconfig.cmake
[0.313s] -- Up-to-date: /home/daonguyenhp2311/ros2_ws/install/distance_warning/share/distance_warning/cmake/rosidl_cmake-extras.cmake
[0.313s] -- Up-to-date: /home/daonguyenhp2311/ros2_ws/install/distance_warning/share/distance_warning/cmake/ament_cmake_export_dependencies-extras.cmake
[0.313s] -- Up-to-date: /home/daonguyenhp2311/ros2_ws/install/distance_warning/share/distance_warning/cmake/ament_cmake_export_include_directories-extras.cmake
[0.313s] -- Up-to-date: /home/daonguyenhp2311/ros2_ws/install/distance_warning/share/distance_warning/cmake/ament_cmake_export_libraries-extras.cmake
[0.313s] -- Up-to-date: /home/daonguyenhp2311/ros2_ws/install/distance_warning/share/distance_warning/cmake/ament_cmake_export_targets-extras.cmake
[0.313s] -- Up-to-date: /home/daonguyenhp2311/ros2_ws/install/distance_warning/share/distance_warning/cmake/rosidl_cmake_export_typesupport_targets-extras.cmake
[0.313s] -- Up-to-date: /home/daonguyenhp2311/ros2_ws/install/distance_warning/share/distance_warning/cmake/rosidl_cmake_export_typesupport_libraries-extras.cmake
[0.313s] -- Up-to-date: /home/daonguyenhp2311/ros2_ws/install/distance_warning/share/distance_warning/cmake/distance_warningConfig.cmake
[0.313s] -- Up-to-date: /home/daonguyenhp2311/ros2_ws/install/distance_warning/share/distance_warning/cmake/distance_warningConfig-version.cmake
[0.313s] -- Up-to-date: /home/daonguyenhp2311/ros2_ws/install/distance_warning/share/distance_warning/package.xml
[0.314s] Invoked command in '/home/daonguyenhp2311/ros2_ws/build/distance_warning' returned '0': CMAKE_PREFIX_PATH=${CMAKE_PREFIX_PATH}:/opt/ros/humble /usr/bin/cmake --install /home/daonguyenhp2311/ros2_ws/build/distance_warning
