[0.012s] Invoking command in '/home/daonguyenhp2311/ros2_ws/build/distance_warning': CMAKE_PREFIX_PATH=${CMAKE_PREFIX_PATH}:/opt/ros/humble /usr/bin/cmake --build /home/daonguyenhp2311/ros2_ws/build/distance_warning -- -j20 -l20
[0.079s] [35m[1mConsolidate compiler generated dependencies of target distance_listener[0m
[0.082s] [  2%] Built target distance_warning__rs
[0.082s] [  4%] Built target distance_warning__cpp
[0.083s] [ 13%] Built target distance_warning__rosidl_generator_c
[0.087s] [ 18%] Built target distance_publisher
[0.092s] [ 20%] [32mBuilding CXX object CMakeFiles/distance_listener.dir/src/distance_listener.cpp.o[0m
[0.100s] [ 20%] Built target ament_cmake_python_copy_distance_warning
[0.102s] [ 29%] Built target distance_warning__rosidl_typesupport_introspection_cpp
[0.103s] [ 47%] Built target distance_warning__rosidl_typesupport_cpp
[0.103s] [ 45%] Built target distance_warning__rosidl_typesupport_fastrtps_cpp
[0.107s] [ 61%] Built target distance_warning__rosidl_typesupport_introspection_c
[0.107s] [ 65%] Built target distance_warning__rosidl_typesupport_c
[0.108s] [ 75%] Built target distance_warning__rosidl_typesupport_fastrtps_c
[0.124s] [ 75%] Built target distance_warning
[0.140s] [ 77%] Built target distance_warning__py
[0.158s] [ 84%] Built target distance_warning__rosidl_generator_py
[0.176s] [ 95%] Built target distance_warning__rosidl_typesupport_fastrtps_c__pyext
[0.176s] [ 97%] Built target distance_warning__rosidl_typesupport_c__pyext
[0.176s] [ 97%] Built target distance_warning__rosidl_typesupport_introspection_c__pyext
[0.257s] running egg_info
[0.258s] writing distance_warning.egg-info/PKG-INFO
[0.258s] writing dependency_links to distance_warning.egg-info/dependency_links.txt
[0.258s] writing top-level names to distance_warning.egg-info/top_level.txt
[0.261s] reading manifest file 'distance_warning.egg-info/SOURCES.txt'
[0.262s] writing manifest file 'distance_warning.egg-info/SOURCES.txt'
[0.279s] [ 97%] Built target ament_cmake_python_build_distance_warning_egg
[5.645s] [100%] [32m[1mLinking CXX executable distance_listener[0m
[6.011s] [100%] Built target distance_listener
[6.019s] Invoked command in '/home/daonguyenhp2311/ros2_ws/build/distance_warning' returned '0': CMAKE_PREFIX_PATH=${CMAKE_PREFIX_PATH}:/opt/ros/humble /usr/bin/cmake --build /home/daonguyenhp2311/ros2_ws/build/distance_warning -- -j20 -l20
[6.027s] Invoking command in '/home/daonguyenhp2311/ros2_ws/build/distance_warning': CMAKE_PREFIX_PATH=${CMAKE_PREFIX_PATH}:/opt/ros/humble /usr/bin/cmake --install /home/daonguyenhp2311/ros2_ws/build/distance_warning
[6.032s] -- Install configuration: ""
[6.033s] -- Up-to-date: /home/daonguyenhp2311/ros2_ws/install/distance_warning/share/ament_index/resource_index/rosidl_interfaces/distance_warning
[6.033s] -- Up-to-date: /home/daonguyenhp2311/ros2_ws/install/distance_warning/include/distance_warning/distance_warning
[6.033s] -- Up-to-date: /home/daonguyenhp2311/ros2_ws/install/distance_warning/include/distance_warning/distance_warning/msg
[6.034s] -- Up-to-date: /home/daonguyenhp2311/ros2_ws/install/distance_warning/include/distance_warning/distance_warning/msg/rosidl_generator_c__visibility_control.h
[6.034s] -- Up-to-date: /home/daonguyenhp2311/ros2_ws/install/distance_warning/include/distance_warning/distance_warning/action
[6.034s] -- Up-to-date: /home/daonguyenhp2311/ros2_ws/install/distance_warning/include/distance_warning/distance_warning/action/detail
[6.034s] -- Up-to-date: /home/daonguyenhp2311/ros2_ws/install/distance_warning/include/distance_warning/distance_warning/action/detail/check_distance__struct.h
[6.034s] -- Up-to-date: /home/daonguyenhp2311/ros2_ws/install/distance_warning/include/distance_warning/distance_warning/action/detail/check_distance__functions.h
[6.035s] -- Up-to-date: /home/daonguyenhp2311/ros2_ws/install/distance_warning/include/distance_warning/distance_warning/action/detail/check_distance__type_support.h
[6.035s] -- Up-to-date: /home/daonguyenhp2311/ros2_ws/install/distance_warning/include/distance_warning/distance_warning/action/detail/check_distance__functions.c
[6.035s] -- Up-to-date: /home/daonguyenhp2311/ros2_ws/install/distance_warning/include/distance_warning/distance_warning/action/check_distance.h
[6.035s] -- Up-to-date: /home/daonguyenhp2311/ros2_ws/install/distance_warning/include/distance_warning/distance_warning/srv
[6.035s] -- Up-to-date: /home/daonguyenhp2311/ros2_ws/install/distance_warning/include/distance_warning/distance_warning/srv/detail
[6.035s] -- Up-to-date: /home/daonguyenhp2311/ros2_ws/install/distance_warning/include/distance_warning/distance_warning/srv/detail/set_threshold__type_support.h
[6.035s] -- Up-to-date: /home/daonguyenhp2311/ros2_ws/install/distance_warning/include/distance_warning/distance_warning/srv/detail/set_threshold__functions.h
[6.035s] -- Up-to-date: /home/daonguyenhp2311/ros2_ws/install/distance_warning/include/distance_warning/distance_warning/srv/detail/set_threshold__functions.c
[6.035s] -- Up-to-date: /home/daonguyenhp2311/ros2_ws/install/distance_warning/include/distance_warning/distance_warning/srv/detail/set_threshold__struct.h
[6.035s] -- Up-to-date: /home/daonguyenhp2311/ros2_ws/install/distance_warning/include/distance_warning/distance_warning/srv/set_threshold.h
[6.036s] -- Up-to-date: /home/daonguyenhp2311/ros2_ws/install/distance_warning/share/distance_warning/environment/library_path.sh
[6.036s] -- Installing: /home/daonguyenhp2311/ros2_ws/install/distance_warning/share/distance_warning/environment/library_path.dsv
[6.037s] -- Up-to-date: /home/daonguyenhp2311/ros2_ws/install/distance_warning/lib/libdistance_warning__rosidl_generator_c.so
[6.037s] -- Up-to-date: /home/daonguyenhp2311/ros2_ws/install/distance_warning/include/distance_warning/distance_warning
[6.038s] -- Up-to-date: /home/daonguyenhp2311/ros2_ws/install/distance_warning/include/distance_warning/distance_warning/msg
[6.038s] -- Up-to-date: /home/daonguyenhp2311/ros2_ws/install/distance_warning/include/distance_warning/distance_warning/msg/rosidl_typesupport_fastrtps_c__visibility_control.h
[6.038s] -- Up-to-date: /home/daonguyenhp2311/ros2_ws/install/distance_warning/include/distance_warning/distance_warning/action
[6.038s] -- Up-to-date: /home/daonguyenhp2311/ros2_ws/install/distance_warning/include/distance_warning/distance_warning/action/detail
[6.038s] -- Up-to-date: /home/daonguyenhp2311/ros2_ws/install/distance_warning/include/distance_warning/distance_warning/action/detail/check_distance__rosidl_typesupport_fastrtps_c.h
[6.038s] -- Up-to-date: /home/daonguyenhp2311/ros2_ws/install/distance_warning/include/distance_warning/distance_warning/srv
[6.038s] -- Up-to-date: /home/daonguyenhp2311/ros2_ws/install/distance_warning/include/distance_warning/distance_warning/srv/detail
[6.039s] -- Up-to-date: /home/daonguyenhp2311/ros2_ws/install/distance_warning/include/distance_warning/distance_warning/srv/detail/set_threshold__rosidl_typesupport_fastrtps_c.h
[6.040s] -- Up-to-date: /home/daonguyenhp2311/ros2_ws/install/distance_warning/lib/libdistance_warning__rosidl_typesupport_fastrtps_c.so
[6.040s] -- Up-to-date: /home/daonguyenhp2311/ros2_ws/install/distance_warning/include/distance_warning/distance_warning
[6.040s] -- Up-to-date: /home/daonguyenhp2311/ros2_ws/install/distance_warning/include/distance_warning/distance_warning/msg
[6.040s] -- Up-to-date: /home/daonguyenhp2311/ros2_ws/install/distance_warning/include/distance_warning/distance_warning/msg/rosidl_generator_cpp__visibility_control.hpp
[6.040s] -- Up-to-date: /home/daonguyenhp2311/ros2_ws/install/distance_warning/include/distance_warning/distance_warning/action
[6.040s] -- Up-to-date: /home/daonguyenhp2311/ros2_ws/install/distance_warning/include/distance_warning/distance_warning/action/check_distance.hpp
[6.040s] -- Up-to-date: /home/daonguyenhp2311/ros2_ws/install/distance_warning/include/distance_warning/distance_warning/action/detail
[6.040s] -- Up-to-date: /home/daonguyenhp2311/ros2_ws/install/distance_warning/include/distance_warning/distance_warning/action/detail/check_distance__traits.hpp
[6.040s] -- Up-to-date: /home/daonguyenhp2311/ros2_ws/install/distance_warning/include/distance_warning/distance_warning/action/detail/check_distance__struct.hpp
[6.041s] -- Up-to-date: /home/daonguyenhp2311/ros2_ws/install/distance_warning/include/distance_warning/distance_warning/action/detail/check_distance__type_support.hpp
[6.041s] -- Up-to-date: /home/daonguyenhp2311/ros2_ws/install/distance_warning/include/distance_warning/distance_warning/action/detail/check_distance__builder.hpp
[6.041s] -- Up-to-date: /home/daonguyenhp2311/ros2_ws/install/distance_warning/include/distance_warning/distance_warning/srv
[6.041s] -- Up-to-date: /home/daonguyenhp2311/ros2_ws/install/distance_warning/include/distance_warning/distance_warning/srv/detail
[6.041s] -- Up-to-date: /home/daonguyenhp2311/ros2_ws/install/distance_warning/include/distance_warning/distance_warning/srv/detail/set_threshold__type_support.hpp
[6.041s] -- Up-to-date: /home/daonguyenhp2311/ros2_ws/install/distance_warning/include/distance_warning/distance_warning/srv/detail/set_threshold__builder.hpp
[6.041s] -- Up-to-date: /home/daonguyenhp2311/ros2_ws/install/distance_warning/include/distance_warning/distance_warning/srv/detail/set_threshold__struct.hpp
[6.041s] -- Up-to-date: /home/daonguyenhp2311/ros2_ws/install/distance_warning/include/distance_warning/distance_warning/srv/detail/set_threshold__traits.hpp
[6.041s] -- Up-to-date: /home/daonguyenhp2311/ros2_ws/install/distance_warning/include/distance_warning/distance_warning/srv/set_threshold.hpp
[6.041s] -- Up-to-date: /home/daonguyenhp2311/ros2_ws/install/distance_warning/include/distance_warning/distance_warning
[6.041s] -- Up-to-date: /home/daonguyenhp2311/ros2_ws/install/distance_warning/include/distance_warning/distance_warning/msg
[6.042s] -- Up-to-date: /home/daonguyenhp2311/ros2_ws/install/distance_warning/include/distance_warning/distance_warning/msg/rosidl_typesupport_fastrtps_cpp__visibility_control.h
[6.042s] -- Up-to-date: /home/daonguyenhp2311/ros2_ws/install/distance_warning/include/distance_warning/distance_warning/action
[6.042s] -- Up-to-date: /home/daonguyenhp2311/ros2_ws/install/distance_warning/include/distance_warning/distance_warning/action/detail
[6.042s] -- Up-to-date: /home/daonguyenhp2311/ros2_ws/install/distance_warning/include/distance_warning/distance_warning/action/detail/check_distance__rosidl_typesupport_fastrtps_cpp.hpp
[6.042s] -- Up-to-date: /home/daonguyenhp2311/ros2_ws/install/distance_warning/include/distance_warning/distance_warning/action/detail/dds_fastrtps
[6.042s] -- Up-to-date: /home/daonguyenhp2311/ros2_ws/install/distance_warning/include/distance_warning/distance_warning/srv
[6.042s] -- Up-to-date: /home/daonguyenhp2311/ros2_ws/install/distance_warning/include/distance_warning/distance_warning/srv/detail
[6.042s] -- Up-to-date: /home/daonguyenhp2311/ros2_ws/install/distance_warning/include/distance_warning/distance_warning/srv/detail/set_threshold__rosidl_typesupport_fastrtps_cpp.hpp
[6.042s] -- Up-to-date: /home/daonguyenhp2311/ros2_ws/install/distance_warning/include/distance_warning/distance_warning/srv/detail/dds_fastrtps
[6.043s] -- Up-to-date: /home/daonguyenhp2311/ros2_ws/install/distance_warning/lib/libdistance_warning__rosidl_typesupport_fastrtps_cpp.so
[6.044s] -- Up-to-date: /home/daonguyenhp2311/ros2_ws/install/distance_warning/include/distance_warning/distance_warning
[6.044s] -- Up-to-date: /home/daonguyenhp2311/ros2_ws/install/distance_warning/include/distance_warning/distance_warning/msg
[6.044s] -- Up-to-date: /home/daonguyenhp2311/ros2_ws/install/distance_warning/include/distance_warning/distance_warning/msg/rosidl_typesupport_introspection_c__visibility_control.h
[6.044s] -- Up-to-date: /home/daonguyenhp2311/ros2_ws/install/distance_warning/include/distance_warning/distance_warning/action
[6.044s] -- Up-to-date: /home/daonguyenhp2311/ros2_ws/install/distance_warning/include/distance_warning/distance_warning/action/detail
[6.044s] -- Up-to-date: /home/daonguyenhp2311/ros2_ws/install/distance_warning/include/distance_warning/distance_warning/action/detail/check_distance__rosidl_typesupport_introspection_c.h
[6.044s] -- Up-to-date: /home/daonguyenhp2311/ros2_ws/install/distance_warning/include/distance_warning/distance_warning/action/detail/check_distance__type_support.c
[6.044s] -- Up-to-date: /home/daonguyenhp2311/ros2_ws/install/distance_warning/include/distance_warning/distance_warning/srv
[6.045s] -- Up-to-date: /home/daonguyenhp2311/ros2_ws/install/distance_warning/include/distance_warning/distance_warning/srv/detail
[6.045s] -- Up-to-date: /home/daonguyenhp2311/ros2_ws/install/distance_warning/include/distance_warning/distance_warning/srv/detail/set_threshold__rosidl_typesupport_introspection_c.h
[6.045s] -- Up-to-date: /home/daonguyenhp2311/ros2_ws/install/distance_warning/include/distance_warning/distance_warning/srv/detail/set_threshold__type_support.c
[6.045s] -- Up-to-date: /home/daonguyenhp2311/ros2_ws/install/distance_warning/lib/libdistance_warning__rosidl_typesupport_introspection_c.so
[6.046s] -- Up-to-date: /home/daonguyenhp2311/ros2_ws/install/distance_warning/lib/libdistance_warning__rosidl_typesupport_c.so
[6.046s] -- Up-to-date: /home/daonguyenhp2311/ros2_ws/install/distance_warning/include/distance_warning/distance_warning
[6.046s] -- Up-to-date: /home/daonguyenhp2311/ros2_ws/install/distance_warning/include/distance_warning/distance_warning/action
[6.046s] -- Up-to-date: /home/daonguyenhp2311/ros2_ws/install/distance_warning/include/distance_warning/distance_warning/action/detail
[6.047s] -- Up-to-date: /home/daonguyenhp2311/ros2_ws/install/distance_warning/include/distance_warning/distance_warning/action/detail/check_distance__rosidl_typesupport_introspection_cpp.hpp
[6.047s] -- Up-to-date: /home/daonguyenhp2311/ros2_ws/install/distance_warning/include/distance_warning/distance_warning/action/detail/check_distance__type_support.cpp
[6.047s] -- Up-to-date: /home/daonguyenhp2311/ros2_ws/install/distance_warning/include/distance_warning/distance_warning/srv
[6.047s] -- Up-to-date: /home/daonguyenhp2311/ros2_ws/install/distance_warning/include/distance_warning/distance_warning/srv/detail
[6.047s] -- Up-to-date: /home/daonguyenhp2311/ros2_ws/install/distance_warning/include/distance_warning/distance_warning/srv/detail/set_threshold__type_support.cpp
[6.048s] -- Up-to-date: /home/daonguyenhp2311/ros2_ws/install/distance_warning/include/distance_warning/distance_warning/srv/detail/set_threshold__rosidl_typesupport_introspection_cpp.hpp
[6.048s] -- Up-to-date: /home/daonguyenhp2311/ros2_ws/install/distance_warning/lib/libdistance_warning__rosidl_typesupport_introspection_cpp.so
[6.048s] -- Up-to-date: /home/daonguyenhp2311/ros2_ws/install/distance_warning/lib/libdistance_warning__rosidl_typesupport_cpp.so
[6.048s] -- Up-to-date: /home/daonguyenhp2311/ros2_ws/install/distance_warning/share/distance_warning/environment/pythonpath.sh
[6.048s] -- Installing: /home/daonguyenhp2311/ros2_ws/install/distance_warning/share/distance_warning/environment/pythonpath.dsv
[6.049s] -- Up-to-date: /home/daonguyenhp2311/ros2_ws/install/distance_warning/local/lib/python3.10/dist-packages/distance_warning-0.0.0-py3.10.egg-info
[6.049s] -- Installing: /home/daonguyenhp2311/ros2_ws/install/distance_warning/local/lib/python3.10/dist-packages/distance_warning-0.0.0-py3.10.egg-info/top_level.txt
[6.049s] -- Installing: /home/daonguyenhp2311/ros2_ws/install/distance_warning/local/lib/python3.10/dist-packages/distance_warning-0.0.0-py3.10.egg-info/dependency_links.txt
[6.049s] -- Installing: /home/daonguyenhp2311/ros2_ws/install/distance_warning/local/lib/python3.10/dist-packages/distance_warning-0.0.0-py3.10.egg-info/SOURCES.txt
[6.049s] -- Installing: /home/daonguyenhp2311/ros2_ws/install/distance_warning/local/lib/python3.10/dist-packages/distance_warning-0.0.0-py3.10.egg-info/PKG-INFO
[6.049s] -- Up-to-date: /home/daonguyenhp2311/ros2_ws/install/distance_warning/local/lib/python3.10/dist-packages/distance_warning
[6.049s] -- Up-to-date: /home/daonguyenhp2311/ros2_ws/install/distance_warning/local/lib/python3.10/dist-packages/distance_warning/_distance_warning_s.ep.rosidl_typesupport_c.c
[6.049s] -- Up-to-date: /home/daonguyenhp2311/ros2_ws/install/distance_warning/local/lib/python3.10/dist-packages/distance_warning/distance_warning_s__rosidl_typesupport_introspection_c.cpython-310-x86_64-linux-gnu.so
[6.050s] -- Up-to-date: /home/daonguyenhp2311/ros2_ws/install/distance_warning/local/lib/python3.10/dist-packages/distance_warning/_distance_warning_s.ep.rosidl_typesupport_introspection_c.c
[6.050s] -- Up-to-date: /home/daonguyenhp2311/ros2_ws/install/distance_warning/local/lib/python3.10/dist-packages/distance_warning/distance_warning_s__rosidl_typesupport_fastrtps_c.cpython-310-x86_64-linux-gnu.so
[6.050s] -- Installing: /home/daonguyenhp2311/ros2_ws/install/distance_warning/local/lib/python3.10/dist-packages/distance_warning/__init__.py
[6.050s] -- Up-to-date: /home/daonguyenhp2311/ros2_ws/install/distance_warning/local/lib/python3.10/dist-packages/distance_warning/distance_warning_s__rosidl_typesupport_c.cpython-310-x86_64-linux-gnu.so
[6.050s] -- Up-to-date: /home/daonguyenhp2311/ros2_ws/install/distance_warning/local/lib/python3.10/dist-packages/distance_warning/libdistance_warning__rosidl_generator_py.so
[6.050s] -- Up-to-date: /home/daonguyenhp2311/ros2_ws/install/distance_warning/local/lib/python3.10/dist-packages/distance_warning/action
[6.050s] -- Up-to-date: /home/daonguyenhp2311/ros2_ws/install/distance_warning/local/lib/python3.10/dist-packages/distance_warning/action/_check_distance.py
[6.050s] -- Up-to-date: /home/daonguyenhp2311/ros2_ws/install/distance_warning/local/lib/python3.10/dist-packages/distance_warning/action/__init__.py
[6.050s] -- Up-to-date: /home/daonguyenhp2311/ros2_ws/install/distance_warning/local/lib/python3.10/dist-packages/distance_warning/action/_check_distance_s.c
[6.050s] -- Up-to-date: /home/daonguyenhp2311/ros2_ws/install/distance_warning/local/lib/python3.10/dist-packages/distance_warning/_distance_warning_s.ep.rosidl_typesupport_fastrtps_c.c
[6.050s] -- Up-to-date: /home/daonguyenhp2311/ros2_ws/install/distance_warning/local/lib/python3.10/dist-packages/distance_warning/srv
[6.050s] -- Up-to-date: /home/daonguyenhp2311/ros2_ws/install/distance_warning/local/lib/python3.10/dist-packages/distance_warning/srv/__init__.py
[6.050s] -- Up-to-date: /home/daonguyenhp2311/ros2_ws/install/distance_warning/local/lib/python3.10/dist-packages/distance_warning/srv/_set_threshold_s.c
[6.050s] -- Up-to-date: /home/daonguyenhp2311/ros2_ws/install/distance_warning/local/lib/python3.10/dist-packages/distance_warning/srv/_set_threshold.py
[6.075s] Listing '/home/daonguyenhp2311/ros2_ws/install/distance_warning/local/lib/python3.10/dist-packages/distance_warning'...
[6.075s] Compiling '/home/daonguyenhp2311/ros2_ws/install/distance_warning/local/lib/python3.10/dist-packages/distance_warning/__init__.py'...
[6.075s] Listing '/home/daonguyenhp2311/ros2_ws/install/distance_warning/local/lib/python3.10/dist-packages/distance_warning/action'...
[6.075s] Listing '/home/daonguyenhp2311/ros2_ws/install/distance_warning/local/lib/python3.10/dist-packages/distance_warning/srv'...
[6.079s] -- Up-to-date: /home/daonguyenhp2311/ros2_ws/install/distance_warning/local/lib/python3.10/dist-packages/distance_warning/distance_warning_s__rosidl_typesupport_fastrtps_c.cpython-310-x86_64-linux-gnu.so
[6.080s] -- Up-to-date: /home/daonguyenhp2311/ros2_ws/install/distance_warning/local/lib/python3.10/dist-packages/distance_warning/distance_warning_s__rosidl_typesupport_introspection_c.cpython-310-x86_64-linux-gnu.so
[6.081s] -- Up-to-date: /home/daonguyenhp2311/ros2_ws/install/distance_warning/local/lib/python3.10/dist-packages/distance_warning/distance_warning_s__rosidl_typesupport_c.cpython-310-x86_64-linux-gnu.so
[6.082s] -- Up-to-date: /home/daonguyenhp2311/ros2_ws/install/distance_warning/lib/libdistance_warning__rosidl_generator_py.so
[6.082s] -- Up-to-date: /home/daonguyenhp2311/ros2_ws/install/distance_warning/share/ament_index/resource_index/rust_packages/distance_warning
[6.082s] -- Up-to-date: /home/daonguyenhp2311/ros2_ws/install/distance_warning/share/distance_warning/rust
[6.083s] -- Up-to-date: /home/daonguyenhp2311/ros2_ws/install/distance_warning/share/distance_warning/rust/Cargo.toml
[6.083s] -- Up-to-date: /home/daonguyenhp2311/ros2_ws/install/distance_warning/share/distance_warning/rust/src
[6.083s] -- Up-to-date: /home/daonguyenhp2311/ros2_ws/install/distance_warning/share/distance_warning/rust/src/action.rs
[6.083s] -- Up-to-date: /home/daonguyenhp2311/ros2_ws/install/distance_warning/share/distance_warning/rust/src/action
[6.083s] -- Up-to-date: /home/daonguyenhp2311/ros2_ws/install/distance_warning/share/distance_warning/rust/src/action/rmw.rs
[6.083s] -- Up-to-date: /home/daonguyenhp2311/ros2_ws/install/distance_warning/share/distance_warning/rust/src/lib.rs
[6.083s] -- Up-to-date: /home/daonguyenhp2311/ros2_ws/install/distance_warning/share/distance_warning/rust/src/srv
[6.084s] -- Up-to-date: /home/daonguyenhp2311/ros2_ws/install/distance_warning/share/distance_warning/rust/src/srv/rmw.rs
[6.084s] -- Up-to-date: /home/daonguyenhp2311/ros2_ws/install/distance_warning/share/distance_warning/rust/src/srv.rs
[6.084s] -- Up-to-date: /home/daonguyenhp2311/ros2_ws/install/distance_warning/share/distance_warning/rust/build.rs
[6.084s] -- Up-to-date: /home/daonguyenhp2311/ros2_ws/install/distance_warning/share/distance_warning/srv/SetThreshold.idl
[6.084s] -- Up-to-date: /home/daonguyenhp2311/ros2_ws/install/distance_warning/share/distance_warning/action/CheckDistance.idl
[6.084s] -- Up-to-date: /home/daonguyenhp2311/ros2_ws/install/distance_warning/share/distance_warning/srv/SetThreshold.srv
[6.084s] -- Up-to-date: /home/daonguyenhp2311/ros2_ws/install/distance_warning/share/distance_warning/srv/SetThreshold_Request.msg
[6.084s] -- Up-to-date: /home/daonguyenhp2311/ros2_ws/install/distance_warning/share/distance_warning/srv/SetThreshold_Response.msg
[6.084s] -- Up-to-date: /home/daonguyenhp2311/ros2_ws/install/distance_warning/share/distance_warning/action/CheckDistance.action
[6.085s] -- Installing: /home/daonguyenhp2311/ros2_ws/install/distance_warning/lib/distance_warning/distance_publisher
[6.087s] -- Set runtime path of "/home/daonguyenhp2311/ros2_ws/install/distance_warning/lib/distance_warning/distance_publisher" to ""
[6.087s] -- Installing: /home/daonguyenhp2311/ros2_ws/install/distance_warning/lib/distance_warning/distance_listener
[6.088s] -- Set runtime path of "/home/daonguyenhp2311/ros2_ws/install/distance_warning/lib/distance_warning/distance_listener" to ""
[6.089s] -- Up-to-date: /home/daonguyenhp2311/ros2_ws/install/distance_warning/share/ament_index/resource_index/package_run_dependencies/distance_warning
[6.089s] -- Installing: /home/daonguyenhp2311/ros2_ws/install/distance_warning/share/ament_index/resource_index/parent_prefix_path/distance_warning
[6.089s] -- Up-to-date: /home/daonguyenhp2311/ros2_ws/install/distance_warning/share/distance_warning/environment/ament_prefix_path.sh
[6.089s] -- Installing: /home/daonguyenhp2311/ros2_ws/install/distance_warning/share/distance_warning/environment/ament_prefix_path.dsv
[6.090s] -- Up-to-date: /home/daonguyenhp2311/ros2_ws/install/distance_warning/share/distance_warning/environment/path.sh
[6.090s] -- Installing: /home/daonguyenhp2311/ros2_ws/install/distance_warning/share/distance_warning/environment/path.dsv
[6.090s] -- Up-to-date: /home/daonguyenhp2311/ros2_ws/install/distance_warning/share/distance_warning/local_setup.bash
[6.090s] -- Up-to-date: /home/daonguyenhp2311/ros2_ws/install/distance_warning/share/distance_warning/local_setup.sh
[6.090s] -- Up-to-date: /home/daonguyenhp2311/ros2_ws/install/distance_warning/share/distance_warning/local_setup.zsh
[6.090s] -- Installing: /home/daonguyenhp2311/ros2_ws/install/distance_warning/share/distance_warning/local_setup.dsv
[6.091s] -- Installing: /home/daonguyenhp2311/ros2_ws/install/distance_warning/share/distance_warning/package.dsv
[6.091s] -- Up-to-date: /home/daonguyenhp2311/ros2_ws/install/distance_warning/share/ament_index/resource_index/packages/distance_warning
[6.092s] -- Up-to-date: /home/daonguyenhp2311/ros2_ws/install/distance_warning/share/distance_warning/cmake/export_distance_warning__rosidl_generator_cExport.cmake
[6.092s] -- Up-to-date: /home/daonguyenhp2311/ros2_ws/install/distance_warning/share/distance_warning/cmake/export_distance_warning__rosidl_generator_cExport-noconfig.cmake
[6.092s] -- Up-to-date: /home/daonguyenhp2311/ros2_ws/install/distance_warning/share/distance_warning/cmake/export_distance_warning__rosidl_typesupport_fastrtps_cExport.cmake
[6.092s] -- Up-to-date: /home/daonguyenhp2311/ros2_ws/install/distance_warning/share/distance_warning/cmake/export_distance_warning__rosidl_typesupport_fastrtps_cExport-noconfig.cmake
[6.093s] -- Up-to-date: /home/daonguyenhp2311/ros2_ws/install/distance_warning/share/distance_warning/cmake/export_distance_warning__rosidl_generator_cppExport.cmake
[6.093s] -- Up-to-date: /home/daonguyenhp2311/ros2_ws/install/distance_warning/share/distance_warning/cmake/export_distance_warning__rosidl_typesupport_fastrtps_cppExport.cmake
[6.093s] -- Up-to-date: /home/daonguyenhp2311/ros2_ws/install/distance_warning/share/distance_warning/cmake/export_distance_warning__rosidl_typesupport_fastrtps_cppExport-noconfig.cmake
[6.094s] -- Up-to-date: /home/daonguyenhp2311/ros2_ws/install/distance_warning/share/distance_warning/cmake/distance_warning__rosidl_typesupport_introspection_cExport.cmake
[6.094s] -- Up-to-date: /home/daonguyenhp2311/ros2_ws/install/distance_warning/share/distance_warning/cmake/distance_warning__rosidl_typesupport_introspection_cExport-noconfig.cmake
[6.094s] -- Up-to-date: /home/daonguyenhp2311/ros2_ws/install/distance_warning/share/distance_warning/cmake/distance_warning__rosidl_typesupport_cExport.cmake
[6.095s] -- Up-to-date: /home/daonguyenhp2311/ros2_ws/install/distance_warning/share/distance_warning/cmake/distance_warning__rosidl_typesupport_cExport-noconfig.cmake
[6.096s] -- Up-to-date: /home/daonguyenhp2311/ros2_ws/install/distance_warning/share/distance_warning/cmake/distance_warning__rosidl_typesupport_introspection_cppExport.cmake
[6.096s] -- Up-to-date: /home/daonguyenhp2311/ros2_ws/install/distance_warning/share/distance_warning/cmake/distance_warning__rosidl_typesupport_introspection_cppExport-noconfig.cmake
[6.096s] -- Up-to-date: /home/daonguyenhp2311/ros2_ws/install/distance_warning/share/distance_warning/cmake/distance_warning__rosidl_typesupport_cppExport.cmake
[6.096s] -- Up-to-date: /home/daonguyenhp2311/ros2_ws/install/distance_warning/share/distance_warning/cmake/distance_warning__rosidl_typesupport_cppExport-noconfig.cmake
[6.097s] -- Up-to-date: /home/daonguyenhp2311/ros2_ws/install/distance_warning/share/distance_warning/cmake/export_distance_warning__rosidl_generator_pyExport.cmake
[6.097s] -- Up-to-date: /home/daonguyenhp2311/ros2_ws/install/distance_warning/share/distance_warning/cmake/export_distance_warning__rosidl_generator_pyExport-noconfig.cmake
[6.097s] -- Up-to-date: /home/daonguyenhp2311/ros2_ws/install/distance_warning/share/distance_warning/cmake/rosidl_cmake-extras.cmake
[6.097s] -- Up-to-date: /home/daonguyenhp2311/ros2_ws/install/distance_warning/share/distance_warning/cmake/ament_cmake_export_dependencies-extras.cmake
[6.097s] -- Up-to-date: /home/daonguyenhp2311/ros2_ws/install/distance_warning/share/distance_warning/cmake/ament_cmake_export_include_directories-extras.cmake
[6.097s] -- Up-to-date: /home/daonguyenhp2311/ros2_ws/install/distance_warning/share/distance_warning/cmake/ament_cmake_export_libraries-extras.cmake
[6.097s] -- Up-to-date: /home/daonguyenhp2311/ros2_ws/install/distance_warning/share/distance_warning/cmake/ament_cmake_export_targets-extras.cmake
[6.097s] -- Up-to-date: /home/daonguyenhp2311/ros2_ws/install/distance_warning/share/distance_warning/cmake/rosidl_cmake_export_typesupport_targets-extras.cmake
[6.097s] -- Up-to-date: /home/daonguyenhp2311/ros2_ws/install/distance_warning/share/distance_warning/cmake/rosidl_cmake_export_typesupport_libraries-extras.cmake
[6.097s] -- Up-to-date: /home/daonguyenhp2311/ros2_ws/install/distance_warning/share/distance_warning/cmake/distance_warningConfig.cmake
[6.097s] -- Up-to-date: /home/daonguyenhp2311/ros2_ws/install/distance_warning/share/distance_warning/cmake/distance_warningConfig-version.cmake
[6.097s] -- Up-to-date: /home/daonguyenhp2311/ros2_ws/install/distance_warning/share/distance_warning/package.xml
[6.100s] Invoked command in '/home/daonguyenhp2311/ros2_ws/build/distance_warning' returned '0': CMAKE_PREFIX_PATH=${CMAKE_PREFIX_PATH}:/opt/ros/humble /usr/bin/cmake --install /home/daonguyenhp2311/ros2_ws/build/distance_warning
