[35m[1mConsolidate compiler generated dependencies of target distance_listener[0m
[35m[1mConsolidate compiler generated dependencies of target distance_publisher[0m
[  2%] Built target distance_warning__cpp
[ 11%] Built target distance_warning__rosidl_generator_c
[ 13%] Built target distance_warning__rs
[ 18%] Built target distance_publisher
[ 20%] [32mBuilding CXX object CMakeFiles/distance_listener.dir/src/distance_listener.cpp.o[0m
[ 20%] Built target ament_cmake_python_copy_distance_warning
[ 29%] Built target distance_warning__rosidl_typesupport_introspection_cpp
[ 47%] Built target distance_warning__rosidl_typesupport_fastrtps_cpp
[ 47%] Built target distance_warning__rosidl_typesupport_introspection_c
[ 56%] Built target distance_warning__rosidl_typesupport_cpp
[ 65%] Built target distance_warning__rosidl_typesupport_c
[ 75%] Built target distance_warning__rosidl_typesupport_fastrtps_c
[ 75%] Built target distance_warning
[ 77%] Built target distance_warning__py
[ 84%] Built target distance_warning__rosidl_generator_py
[ 93%] Built target distance_warning__rosidl_typesupport_fastrtps_c__pyext
[ 93%] Built target distance_warning__rosidl_typesupport_introspection_c__pyext
[ 97%] Built target distance_warning__rosidl_typesupport_c__pyext
running egg_info
writing distance_warning.egg-info/PKG-INFO
writing dependency_links to distance_warning.egg-info/dependency_links.txt
writing top-level names to distance_warning.egg-info/top_level.txt
reading manifest file 'distance_warning.egg-info/SOURCES.txt'
writing manifest file 'distance_warning.egg-info/SOURCES.txt'
[ 97%] Built target ament_cmake_python_build_distance_warning_egg
