[0.013s] Invoking command in '/home/daonguyenhp2311/ros2_ws/build/distance_warning': CMAKE_PREFIX_PATH=${CMAKE_PREFIX_PATH}:/opt/ros/humble /usr/bin/cmake --build /home/daonguyenhp2311/ros2_ws/build/distance_warning -- -j20 -l20
[0.073s] [35m[1mConsolidate compiler generated dependencies of target distance_listener[0m
[0.074s] [35m[1mConsolidate compiler generated dependencies of target distance_publisher[0m
[0.079s] [  2%] Built target distance_warning__cpp
[0.080s] [ 11%] Built target distance_warning__rosidl_generator_c
[0.081s] [ 13%] Built target distance_warning__rs
[0.087s] [ 18%] Built target distance_publisher
[0.090s] [ 20%] [32mBuilding CXX object CMakeFiles/distance_listener.dir/src/distance_listener.cpp.o[0m
[0.095s] [ 20%] Built target ament_cmake_python_copy_distance_warning
[0.099s] [ 29%] Built target distance_warning__rosidl_typesupport_introspection_cpp
[0.100s] [ 47%] Built target distance_warning__rosidl_typesupport_fastrtps_cpp
[0.100s] [ 47%] Built target distance_warning__rosidl_typesupport_introspection_c
[0.100s] [ 56%] Built target distance_warning__rosidl_typesupport_cpp
[0.102s] [ 65%] Built target distance_warning__rosidl_typesupport_c
[0.103s] [ 75%] Built target distance_warning__rosidl_typesupport_fastrtps_c
[0.118s] [ 75%] Built target distance_warning
[0.134s] [ 77%] Built target distance_warning__py
[0.153s] [ 84%] Built target distance_warning__rosidl_generator_py
[0.170s] [ 93%] Built target distance_warning__rosidl_typesupport_fastrtps_c__pyext
[0.171s] [ 93%] Built target distance_warning__rosidl_typesupport_introspection_c__pyext
[0.171s] [ 97%] Built target distance_warning__rosidl_typesupport_c__pyext
[0.248s] running egg_info
[0.249s] writing distance_warning.egg-info/PKG-INFO
[0.249s] writing dependency_links to distance_warning.egg-info/dependency_links.txt
[0.249s] writing top-level names to distance_warning.egg-info/top_level.txt
[0.251s] reading manifest file 'distance_warning.egg-info/SOURCES.txt'
[0.252s] writing manifest file 'distance_warning.egg-info/SOURCES.txt'
[0.270s] [ 97%] Built target ament_cmake_python_build_distance_warning_egg
[1.830s] [01m[K/home/daonguyenhp2311/ros2_ws/src/distance_warning/src/distance_listener.cpp:[m[K In constructor ‘[01m[KDistanceListener::DistanceListener()[m[K’:
[1.830s] [01m[K/home/daonguyenhp2311/ros2_ws/src/distance_warning/src/distance_listener.cpp:16:92:[m[K [01;31m[Kerror: [m[Kno match for ‘[01m[Koperator=[m[K’ (operand types are ‘[01m[Krclcpp::Publisher<std_msgs::msg::Float32_<std::allocator<void> > >::SharedPtr[m[K’ {aka ‘[01m[Kstd::shared_ptr<rclcpp::Publisher<std_msgs::msg::Float32_<std::allocator<void> > > >[m[K’} and ‘[01m[Kstd::shared_ptr<rclcpp::Subscription<std_msgs::msg::Float32_<std::allocator<void> >, std::allocator<void>, std_msgs::msg::Float32_<std::allocator<void> >, std_msgs::msg::Float32_<std::allocator<void> >, rclcpp::message_memory_strategy::MessageMemoryStrategy<std_msgs::msg::Float32_<std::allocator<void> >, std::allocator<void> > > >[m[K’)
[1.830s]    16 |                 std::bind(&DistanceListener::listenerCallBack, this, std::placeholders::_1)[01;31m[K)[m[K;
[1.830s]       |                                                                                            [01;31m[K^[m[K
[1.831s] In file included from [01m[K/usr/include/c++/11/memory:77[m[K,
[1.831s]                  from [01m[K/opt/ros/humble/include/rclcpp/rclcpp/rclcpp.hpp:153[m[K,
[1.831s]                  from [01m[K/home/daonguyenhp2311/ros2_ws/src/distance_warning/src/distance_listener.cpp:1[m[K:
[1.831s] [01m[K/usr/include/c++/11/bits/shared_ptr.h:363:9:[m[K [01;36m[Knote: [m[Kcandidate: ‘[01m[Ktemplate<class _Yp> std::shared_ptr<_Tp>::_Assignable<const std::shared_ptr<_Yp>&> std::shared_ptr<_Tp>::operator=(const std::shared_ptr<_Yp>&) [with _Yp = _Yp; _Tp = rclcpp::Publisher<std_msgs::msg::Float32_<std::allocator<void> > >][m[K’
[1.831s]   363 |         [01;36m[Koperator[m[K=(const shared_ptr<_Yp>& __r) noexcept
[1.831s]       |         [01;36m[K^~~~~~~~[m[K
[1.831s] [01m[K/usr/include/c++/11/bits/shared_ptr.h:363:9:[m[K [01;36m[Knote: [m[K  template argument deduction/substitution failed:
[1.831s] /usr/include/c++/11/bits/shared_ptr.h: In substitution of ‘[01m[Ktemplate<class _Tp> template<class _Arg> using _Assignable = typename std::enable_if<std::is_assignable<std::__shared_ptr<_Tp>&, _Arg>::value, std::shared_ptr<_Tp>&>::type [with _Arg = const std::shared_ptr<rclcpp::Subscription<std_msgs::msg::Float32_<std::allocator<void> >, std::allocator<void>, std_msgs::msg::Float32_<std::allocator<void> >, std_msgs::msg::Float32_<std::allocator<void> >, rclcpp::message_memory_strategy::MessageMemoryStrategy<std_msgs::msg::Float32_<std::allocator<void> >, std::allocator<void> > > >&; _Tp = rclcpp::Publisher<std_msgs::msg::Float32_<std::allocator<void> > >][m[K’:
[1.831s] [01m[K/usr/include/c++/11/bits/shared_ptr.h:363:2:[m[K   required by substitution of ‘[01m[Ktemplate<class _Yp> std::shared_ptr<rclcpp::Publisher<std_msgs::msg::Float32_<std::allocator<void> > > >::_Assignable<const std::shared_ptr<_Tp>&> std::shared_ptr<rclcpp::Publisher<std_msgs::msg::Float32_<std::allocator<void> > > >::operator=<_Yp>(const std::shared_ptr<_Tp>&) [with _Yp = rclcpp::Subscription<std_msgs::msg::Float32_<std::allocator<void> >, std::allocator<void>, std_msgs::msg::Float32_<std::allocator<void> >, std_msgs::msg::Float32_<std::allocator<void> >, rclcpp::message_memory_strategy::MessageMemoryStrategy<std_msgs::msg::Float32_<std::allocator<void> >, std::allocator<void> > >][m[K’
[1.831s] [01m[K/home/daonguyenhp2311/ros2_ws/src/distance_warning/src/distance_listener.cpp:16:92:[m[K   required from here
[1.831s] [01m[K/usr/include/c++/11/bits/shared_ptr.h:130:15:[m[K [01;31m[Kerror: [m[Kno type named ‘[01m[Ktype[m[K’ in ‘[01m[Kstruct std::enable_if<false, std::shared_ptr<rclcpp::Publisher<std_msgs::msg::Float32_<std::allocator<void> > > >&>[m[K’
[1.831s]   130 |         using [01;31m[K_Assignable[m[K = typename enable_if<
[1.831s]       |               [01;31m[K^~~~~~~~~~~[m[K
[1.832s] [01m[K/usr/include/c++/11/bits/shared_ptr.h:374:9:[m[K [01;36m[Knote: [m[Kcandidate: ‘[01m[Ktemplate<class _Yp> std::shared_ptr<_Tp>::_Assignable<std::auto_ptr<_Up> > std::shared_ptr<_Tp>::operator=(std::auto_ptr<_Up>&&) [with _Yp = _Yp; _Tp = rclcpp::Publisher<std_msgs::msg::Float32_<std::allocator<void> > >][m[K’
[1.832s]   374 |         [01;36m[Koperator[m[K=(auto_ptr<_Yp>&& __r)
[1.832s]       |         [01;36m[K^~~~~~~~[m[K
[1.832s] [01m[K/usr/include/c++/11/bits/shared_ptr.h:374:9:[m[K [01;36m[Knote: [m[K  template argument deduction/substitution failed:
[1.832s] [01m[K/home/daonguyenhp2311/ros2_ws/src/distance_warning/src/distance_listener.cpp:16:92:[m[K [01;36m[Knote: [m[K  ‘[01m[Kstd::shared_ptr<rclcpp::Subscription<std_msgs::msg::Float32_<std::allocator<void> >, std::allocator<void>, std_msgs::msg::Float32_<std::allocator<void> >, std_msgs::msg::Float32_<std::allocator<void> >, rclcpp::message_memory_strategy::MessageMemoryStrategy<std_msgs::msg::Float32_<std::allocator<void> >, std::allocator<void> > > >[m[K’ is not derived from ‘[01m[Kstd::auto_ptr<_Up>[m[K’
[1.832s]    16 |                 std::bind(&DistanceListener::listenerCallBack, this, std::placeholders::_1)[01;36m[K)[m[K;
[1.832s]       |                                                                                            [01;36m[K^[m[K
[1.832s] In file included from [01m[K/usr/include/c++/11/memory:77[m[K,
[1.832s]                  from [01m[K/opt/ros/humble/include/rclcpp/rclcpp/rclcpp.hpp:153[m[K,
[1.832s]                  from [01m[K/home/daonguyenhp2311/ros2_ws/src/distance_warning/src/distance_listener.cpp:1[m[K:
[1.832s] [01m[K/usr/include/c++/11/bits/shared_ptr.h:391:9:[m[K [01;36m[Knote: [m[Kcandidate: ‘[01m[Ktemplate<class _Yp> std::shared_ptr<_Tp>::_Assignable<std::shared_ptr<_Yp> > std::shared_ptr<_Tp>::operator=(std::shared_ptr<_Yp>&&) [with _Yp = _Yp; _Tp = rclcpp::Publisher<std_msgs::msg::Float32_<std::allocator<void> > >][m[K’
[1.832s]   391 |         [01;36m[Koperator[m[K=(shared_ptr<_Yp>&& __r) noexcept
[1.832s]       |         [01;36m[K^~~~~~~~[m[K
[1.832s] [01m[K/usr/include/c++/11/bits/shared_ptr.h:391:9:[m[K [01;36m[Knote: [m[K  template argument deduction/substitution failed:
[1.832s] /usr/include/c++/11/bits/shared_ptr.h: In substitution of ‘[01m[Ktemplate<class _Tp> template<class _Arg> using _Assignable = typename std::enable_if<std::is_assignable<std::__shared_ptr<_Tp>&, _Arg>::value, std::shared_ptr<_Tp>&>::type [with _Arg = std::shared_ptr<rclcpp::Subscription<std_msgs::msg::Float32_<std::allocator<void> >, std::allocator<void>, std_msgs::msg::Float32_<std::allocator<void> >, std_msgs::msg::Float32_<std::allocator<void> >, rclcpp::message_memory_strategy::MessageMemoryStrategy<std_msgs::msg::Float32_<std::allocator<void> >, std::allocator<void> > > >; _Tp = rclcpp::Publisher<std_msgs::msg::Float32_<std::allocator<void> > >][m[K’:
[1.832s] [01m[K/usr/include/c++/11/bits/shared_ptr.h:391:2:[m[K   required by substitution of ‘[01m[Ktemplate<class _Yp> std::shared_ptr<rclcpp::Publisher<std_msgs::msg::Float32_<std::allocator<void> > > >::_Assignable<std::shared_ptr<_Tp> > std::shared_ptr<rclcpp::Publisher<std_msgs::msg::Float32_<std::allocator<void> > > >::operator=<_Yp>(std::shared_ptr<_Tp>&&) [with _Yp = rclcpp::Subscription<std_msgs::msg::Float32_<std::allocator<void> >, std::allocator<void>, std_msgs::msg::Float32_<std::allocator<void> >, std_msgs::msg::Float32_<std::allocator<void> >, rclcpp::message_memory_strategy::MessageMemoryStrategy<std_msgs::msg::Float32_<std::allocator<void> >, std::allocator<void> > >][m[K’
[1.832s] [01m[K/home/daonguyenhp2311/ros2_ws/src/distance_warning/src/distance_listener.cpp:16:92:[m[K   required from here
[1.832s] [01m[K/usr/include/c++/11/bits/shared_ptr.h:130:15:[m[K [01;31m[Kerror: [m[Kno type named ‘[01m[Ktype[m[K’ in ‘[01m[Kstruct std::enable_if<false, std::shared_ptr<rclcpp::Publisher<std_msgs::msg::Float32_<std::allocator<void> > > >&>[m[K’
[1.832s]   130 |         using [01;31m[K_Assignable[m[K = typename enable_if<
[1.832s]       |               [01;31m[K^~~~~~~~~~~[m[K
[1.832s] [01m[K/usr/include/c++/11/bits/shared_ptr.h:399:9:[m[K [01;36m[Knote: [m[Kcandidate: ‘[01m[Ktemplate<class _Yp, class _Del> std::shared_ptr<_Tp>::_Assignable<std::unique_ptr<_Up, _Ep> > std::shared_ptr<_Tp>::operator=(std::unique_ptr<_Up, _Ep>&&) [with _Yp = _Yp; _Del = _Del; _Tp = rclcpp::Publisher<std_msgs::msg::Float32_<std::allocator<void> > >][m[K’
[1.832s]   399 |         [01;36m[Koperator[m[K=(unique_ptr<_Yp, _Del>&& __r)
[1.832s]       |         [01;36m[K^~~~~~~~[m[K
[1.832s] [01m[K/usr/include/c++/11/bits/shared_ptr.h:399:9:[m[K [01;36m[Knote: [m[K  template argument deduction/substitution failed:
[1.832s] [01m[K/home/daonguyenhp2311/ros2_ws/src/distance_warning/src/distance_listener.cpp:16:92:[m[K [01;36m[Knote: [m[K  ‘[01m[Kstd::shared_ptr<rclcpp::Subscription<std_msgs::msg::Float32_<std::allocator<void> >, std::allocator<void>, std_msgs::msg::Float32_<std::allocator<void> >, std_msgs::msg::Float32_<std::allocator<void> >, rclcpp::message_memory_strategy::MessageMemoryStrategy<std_msgs::msg::Float32_<std::allocator<void> >, std::allocator<void> > > >[m[K’ is not derived from ‘[01m[Kstd::unique_ptr<_Tp, _Dp>[m[K’
[1.832s]    16 |                 std::bind(&DistanceListener::listenerCallBack, this, std::placeholders::_1)[01;36m[K)[m[K;
[1.832s]       |                                                                                            [01;36m[K^[m[K
[1.832s] In file included from [01m[K/usr/include/c++/11/memory:77[m[K,
[1.832s]                  from [01m[K/opt/ros/humble/include/rclcpp/rclcpp/rclcpp.hpp:153[m[K,
[1.832s]                  from [01m[K/home/daonguyenhp2311/ros2_ws/src/distance_warning/src/distance_listener.cpp:1[m[K:
[1.832s] [01m[K/usr/include/c++/11/bits/shared_ptr.h:359:19:[m[K [01;36m[Knote: [m[Kcandidate: ‘[01m[Kstd::shared_ptr<_Tp>& std::shared_ptr<_Tp>::operator=(const std::shared_ptr<_Tp>&) [with _Tp = rclcpp::Publisher<std_msgs::msg::Float32_<std::allocator<void> > >][m[K’
[1.832s]   359 |       shared_ptr& [01;36m[Koperator[m[K=(const shared_ptr&) noexcept = default;
[1.832s]       |                   [01;36m[K^~~~~~~~[m[K
[1.832s] [01m[K/usr/include/c++/11/bits/shared_ptr.h:359:29:[m[K [01;36m[Knote: [m[K  no known conversion for argument 1 from ‘[01m[Kstd::shared_ptr<rclcpp::Subscription<std_msgs::msg::Float32_<std::allocator<void> >, std::allocator<void>, std_msgs::msg::Float32_<std::allocator<void> >, std_msgs::msg::Float32_<std::allocator<void> >, rclcpp::message_memory_strategy::MessageMemoryStrategy<std_msgs::msg::Float32_<std::allocator<void> >, std::allocator<void> > > >[m[K’ to ‘[01m[Kconst std::shared_ptr<rclcpp::Publisher<std_msgs::msg::Float32_<std::allocator<void> > > >&[m[K’
[1.833s]   359 |       shared_ptr& operator=([01;36m[Kconst shared_ptr&[m[K) noexcept = default;
[1.833s]       |                             [01;36m[K^~~~~~~~~~~~~~~~~[m[K
[1.833s] [01m[K/usr/include/c++/11/bits/shared_ptr.h:383:7:[m[K [01;36m[Knote: [m[Kcandidate: ‘[01m[Kstd::shared_ptr<_Tp>& std::shared_ptr<_Tp>::operator=(std::shared_ptr<_Tp>&&) [with _Tp = rclcpp::Publisher<std_msgs::msg::Float32_<std::allocator<void> > >][m[K’
[1.833s]   383 |       [01;36m[Koperator[m[K=(shared_ptr&& __r) noexcept
[1.833s]       |       [01;36m[K^~~~~~~~[m[K
[1.833s] [01m[K/usr/include/c++/11/bits/shared_ptr.h:383:30:[m[K [01;36m[Knote: [m[K  no known conversion for argument 1 from ‘[01m[Kstd::shared_ptr<rclcpp::Subscription<std_msgs::msg::Float32_<std::allocator<void> >, std::allocator<void>, std_msgs::msg::Float32_<std::allocator<void> >, std_msgs::msg::Float32_<std::allocator<void> >, rclcpp::message_memory_strategy::MessageMemoryStrategy<std_msgs::msg::Float32_<std::allocator<void> >, std::allocator<void> > > >[m[K’ to ‘[01m[Kstd::shared_ptr<rclcpp::Publisher<std_msgs::msg::Float32_<std::allocator<void> > > >&&[m[K’
[1.833s]   383 |       operator=([01;36m[Kshared_ptr&& __r[m[K) noexcept
[1.833s]       |                 [01;36m[K~~~~~~~~~~~~~^~~[m[K
[3.251s] gmake[2]: *** [CMakeFiles/distance_listener.dir/build.make:76: CMakeFiles/distance_listener.dir/src/distance_listener.cpp.o] Error 1
[3.251s] gmake[1]: *** [CMakeFiles/Makefile2:639: CMakeFiles/distance_listener.dir/all] Error 2
[3.252s] gmake: *** [Makefile:146: all] Error 2
[3.255s] Invoked command in '/home/daonguyenhp2311/ros2_ws/build/distance_warning' returned '2': CMAKE_PREFIX_PATH=${CMAKE_PREFIX_PATH}:/opt/ros/humble /usr/bin/cmake --build /home/daonguyenhp2311/ros2_ws/build/distance_warning -- -j20 -l20
