-- Found ament_cmake: 1.3.14 (/opt/ros/humble/share/ament_cmake/cmake)
-- Found rclcpp: 16.0.19 (/opt/ros/humble/share/rclcpp/cmake)
-- Found rosidl_generator_c: 3.1.8 (/opt/ros/humble/share/rosidl_generator_c/cmake)
-- Found rosidl_adapter: 3.1.8 (/opt/ros/humble/share/rosidl_adapter/cmake)
-- Found rosidl_generator_cpp: 3.1.8 (/opt/ros/humble/share/rosidl_generator_cpp/cmake)
-- Using all available rosidl_typesupport_c: rosidl_typesupport_fastrtps_c;rosidl_typesupport_introspection_c
-- Using all available rosidl_typesupport_cpp: rosidl_typesupport_fastrtps_cpp;rosidl_typesupport_introspection_cpp
-- Found rmw_implementation_cmake: 6.1.2 (/opt/ros/humble/share/rmw_implementation_cmake/cmake)
-- Found rmw_fastrtps_cpp: 6.2.10 (/opt/ros/humble/share/rmw_fastrtps_cpp/cmake)
-- Using RMW implementation 'rmw_fastrtps_cpp' as default
-- Found rclcpp_action: 16.0.19 (/opt/ros/humble/share/rclcpp_action/cmake)
-- Found rosidl_default_generators: 1.2.1 (/opt/ros/humble/share/rosidl_default_generators/cmake)
-- Found tf2: 0.25.20 (/opt/ros/humble/share/tf2/cmake)
-- Found tf2_ros: 0.25.20 (/opt/ros/humble/share/tf2_ros/cmake)
-- Found tf2_geometry_msgs: 0.25.20 (/opt/ros/humble/share/tf2_geometry_msgs/cmake)
-- Found eigen3_cmake_module: 0.1.1 (/opt/ros/humble/share/eigen3_cmake_module/cmake)
-- Ensuring Eigen3 include directory is part of orocos-kdl CMake target
-- Found ament_cmake_ros: 0.10.0 (/opt/ros/humble/share/ament_cmake_ros/cmake)
-- Using all available rosidl_typesupport_c: rosidl_typesupport_fastrtps_c;rosidl_typesupport_introspection_c
-- Using all available rosidl_typesupport_cpp: rosidl_typesupport_fastrtps_cpp;rosidl_typesupport_introspection_cpp
-- Found python_cmake_module: 0.10.0 (/opt/ros/humble/share/python_cmake_module/cmake)
-- Using PYTHON_EXECUTABLE: /usr/bin/python3
-- Using PYTHON_INCLUDE_DIRS: /usr/include/python3.10
-- Using PYTHON_LIBRARIES: /usr/lib/x86_64-linux-gnu/libpython3.10.so
[0mCMake Deprecation Warning at /opt/ros/humble/share/rosidl_cmake/cmake/rosidl_target_interfaces.cmake:32 (message):
  Use rosidl_get_typesupport_target() and target_link_libraries() instead of
  rosidl_target_interfaces()
Call Stack (most recent call first):
  CMakeLists.txt:45 (rosidl_target_interfaces)

[0m
[0mCMake Deprecation Warning at /opt/ros/humble/share/rosidl_cmake/cmake/rosidl_target_interfaces.cmake:32 (message):
  Use rosidl_get_typesupport_target() and target_link_libraries() instead of
  rosidl_target_interfaces()
Call Stack (most recent call first):
  CMakeLists.txt:50 (rosidl_target_interfaces)

[0m
[0mCMake Deprecation Warning at /opt/ros/humble/share/rosidl_cmake/cmake/rosidl_target_interfaces.cmake:32 (message):
  Use rosidl_get_typesupport_target() and target_link_libraries() instead of
  rosidl_target_interfaces()
Call Stack (most recent call first):
  CMakeLists.txt:55 (rosidl_target_interfaces)

[0m
[0mCMake Deprecation Warning at /opt/ros/humble/share/rosidl_cmake/cmake/rosidl_target_interfaces.cmake:32 (message):
  Use rosidl_get_typesupport_target() and target_link_libraries() instead of
  rosidl_target_interfaces()
Call Stack (most recent call first):
  CMakeLists.txt:66 (rosidl_target_interfaces)

[0m
-- Found ament_lint_auto: 0.12.15 (/opt/ros/humble/share/ament_lint_auto/cmake)
-- Added test 'cppcheck' to perform static code analysis on C / C++ code
-- Configured cppcheck include dirs: 
-- Configured cppcheck exclude dirs and/or files: 
-- Added test 'flake8' to check Python code syntax and style conventions
-- Added test 'lint_cmake' to check CMake code style
-- Added test 'pep257' to check Python code against some of the docstring style conventions in PEP 257
-- Added test 'uncrustify' to check C / C++ code style
-- Configured uncrustify additional arguments: 
-- Added test 'xmllint' to check XML markup files
-- Configuring done
-- Generating done
-- Build files have been written to: /home/daonguyenhp2311/ros2_ws/build/distance_warning
[35m[1mConsolidate compiler generated dependencies of target distance_publisher[0m
[35m[1mConsolidate compiler generated dependencies of target distance_warning__rosidl_generator_c[0m
[35m[1mConsolidate compiler generated dependencies of target distance_tf_broadcaster[0m
[35m[1mConsolidate compiler generated dependencies of target distance_listener[0m
[  1%] Built target distance_warning__cpp
[  3%] Built target distance_warning__rs
[ 11%] Built target distance_warning__rosidl_generator_c
[35m[1mConsolidate compiler generated dependencies of target distance_warning__rosidl_typesupport_fastrtps_cpp[0m
[35m[1mConsolidate compiler generated dependencies of target distance_warning__rosidl_typesupport_cpp[0m
[35m[1mConsolidate compiler generated dependencies of target distance_warning__rosidl_typesupport_introspection_cpp[0m
[ 14%] Built target distance_publisher
[ 18%] Built target distance_tf_broadcaster
[35m[1mConsolidate compiler generated dependencies of target distance_warning__rosidl_typesupport_fastrtps_c[0m
[ 22%] Built target distance_listener
[ 22%] Built target ament_cmake_python_copy_distance_warning
[35m[1mConsolidate compiler generated dependencies of target distance_warning__rosidl_typesupport_introspection_c[0m
[35m[1mConsolidate compiler generated dependencies of target distance_warning__rosidl_typesupport_c[0m
[ 31%] Built target distance_warning__rosidl_typesupport_fastrtps_cpp
[ 37%] Built target distance_warning__rosidl_typesupport_introspection_cpp
[ 44%] Built target distance_warning__rosidl_typesupport_cpp
[ 51%] Built target distance_warning__rosidl_typesupport_introspection_c
[ 59%] Built target distance_warning__rosidl_typesupport_fastrtps_c
[ 66%] Built target distance_warning__rosidl_typesupport_c
[ 66%] Built target distance_warning
[35m[1mConsolidate compiler generated dependencies of target set_threshold_service[0m
[35m[1mConsolidate compiler generated dependencies of target distance_action_server[0m
[35m[1mConsolidate compiler generated dependencies of target distance_action_client[0m
[ 70%] [32mBuilding CXX object CMakeFiles/distance_tf_listener.dir/src/distance_tf_listener.cpp.o[0m
[ 70%] Built target distance_warning__py
[ 74%] Built target set_threshold_service
[ 77%] Built target distance_action_server
[ 81%] Built target distance_action_client
[35m[1mConsolidate compiler generated dependencies of target distance_warning__rosidl_generator_py[0m
[ 87%] Built target distance_warning__rosidl_generator_py
[35m[1mConsolidate compiler generated dependencies of target distance_warning__rosidl_typesupport_fastrtps_c__pyext[0m
[35m[1mConsolidate compiler generated dependencies of target distance_warning__rosidl_typesupport_introspection_c__pyext[0m
[35m[1mConsolidate compiler generated dependencies of target distance_warning__rosidl_typesupport_c__pyext[0m
[ 90%] Built target distance_warning__rosidl_typesupport_fastrtps_c__pyext
[ 94%] Built target distance_warning__rosidl_typesupport_introspection_c__pyext
[ 98%] Built target distance_warning__rosidl_typesupport_c__pyext
running egg_info
writing distance_warning.egg-info/PKG-INFO
writing dependency_links to distance_warning.egg-info/dependency_links.txt
writing top-level names to distance_warning.egg-info/top_level.txt
reading manifest file 'distance_warning.egg-info/SOURCES.txt'
writing manifest file 'distance_warning.egg-info/SOURCES.txt'
[ 98%] Built target ament_cmake_python_build_distance_warning_egg
[01m[K/home/daonguyenhp2311/ros2_ws/src/distance_warning/src/distance_tf_listener.cpp:10:26:[m[K [01;31m[Kerror: [m[Kexpected unqualified-id before ‘[01m[K)[m[K’ token
   10 | class DistanceTfListener([01;31m[K)[m[K : public rclcpp::Node
      |                          [01;31m[K^[m[K
[01m[K/home/daonguyenhp2311/ros2_ws/src/distance_warning/src/distance_tf_listener.cpp:[m[K In function ‘[01m[Kint main(int, char**)[m[K’:
[01m[K/home/daonguyenhp2311/ros2_ws/src/distance_warning/src/distance_tf_listener.cpp:83:15:[m[K [01;31m[Kerror: [m[Kno matching function for call to ‘[01m[Kspin(std::shared_ptr<DistanceTfListener>)[m[K’
   83 |   [01;31m[Krclcpp::spin(std::make_shared<DistanceTfListener>())[m[K;
      |   [01;31m[K~~~~~~~~~~~~^~~~~~~~~~~~~~~~~~~~~~~~~~~~~~~~~~~~~~~~[m[K
In file included from [01m[K/opt/ros/humble/include/rclcpp/rclcpp/rclcpp.hpp:155[m[K,
                 from [01m[K/home/daonguyenhp2311/ros2_ws/src/distance_warning/src/distance_tf_listener.cpp:1[m[K:
[01m[K/opt/ros/humble/include/rclcpp/rclcpp/executors.hpp:45:1:[m[K [01;36m[Knote: [m[Kcandidate: ‘[01m[Kvoid rclcpp::spin(rclcpp::node_interfaces::NodeBaseInterface::SharedPtr)[m[K’
   45 | [01;36m[Kspin[m[K(rclcpp::node_interfaces::NodeBaseInterface::SharedPtr node_ptr);
      | [01;36m[K^~~~[m[K
[01m[K/opt/ros/humble/include/rclcpp/rclcpp/executors.hpp:45:60:[m[K [01;36m[Knote: [m[K  no known conversion for argument 1 from ‘[01m[Kshared_ptr<[01;32m[KDistanceTfListener[m[K>[m[K’ to ‘[01m[Kshared_ptr<[01;32m[Krclcpp::node_interfaces::NodeBaseInterface[m[K>[m[K’
   45 | spin([01;36m[Krclcpp::node_interfaces::NodeBaseInterface::SharedPtr node_ptr[m[K);
      |      [01;36m[K~~~~~~~~~~~~~~~~~~~~~~~~~~~~~~~~~~~~~~~~~~~~~~~~~~~~~~^~~~~~~~[m[K
[01m[K/opt/ros/humble/include/rclcpp/rclcpp/executors.hpp:49:1:[m[K [01;36m[Knote: [m[Kcandidate: ‘[01m[Kvoid rclcpp::spin(rclcpp::Node::SharedPtr)[m[K’
   49 | [01;36m[Kspin[m[K(rclcpp::Node::SharedPtr node_ptr);
      | [01;36m[K^~~~[m[K
[01m[K/opt/ros/humble/include/rclcpp/rclcpp/executors.hpp:49:30:[m[K [01;36m[Knote: [m[K  no known conversion for argument 1 from ‘[01m[Kshared_ptr<[01;32m[KDistanceTfListener[m[K>[m[K’ to ‘[01m[Kshared_ptr<[01;32m[Krclcpp::Node[m[K>[m[K’
   49 | spin([01;36m[Krclcpp::Node::SharedPtr node_ptr[m[K);
      |      [01;36m[K~~~~~~~~~~~~~~~~~~~~~~~~^~~~~~~~[m[K
In file included from [01m[K/usr/include/c++/11/bits/shared_ptr_base.h:60[m[K,
                 from [01m[K/usr/include/c++/11/bits/shared_ptr.h:53[m[K,
                 from [01m[K/usr/include/c++/11/memory:77[m[K,
                 from [01m[K/opt/ros/humble/include/rclcpp/rclcpp/rclcpp.hpp:153[m[K,
                 from [01m[K/home/daonguyenhp2311/ros2_ws/src/distance_warning/src/distance_tf_listener.cpp:1[m[K:
/usr/include/c++/11/ext/aligned_buffer.h: In instantiation of ‘[01m[Kstruct __gnu_cxx::__aligned_buffer<DistanceTfListener>[m[K’:
[01m[K/usr/include/c++/11/bits/shared_ptr_base.h:506:35:[m[K   required from ‘[01m[Kclass std::_Sp_counted_ptr_inplace<DistanceTfListener, std::allocator<DistanceTfListener>, __gnu_cxx::_S_atomic>::_Impl[m[K’
[01m[K/usr/include/c++/11/bits/shared_ptr_base.h:567:13:[m[K   required from ‘[01m[Kclass std::_Sp_counted_ptr_inplace<DistanceTfListener, std::allocator<DistanceTfListener>, __gnu_cxx::_S_atomic>[m[K’
[01m[K/usr/include/c++/11/bits/shared_ptr_base.h:647:43:[m[K   required from ‘[01m[Kstd::__shared_count<_Lp>::__shared_count(_Tp*&, std::_Sp_alloc_shared_tag<_Alloc>, _Args&& ...) [with _Tp = DistanceTfListener; _Alloc = std::allocator<DistanceTfListener>; _Args = {}; __gnu_cxx::_Lock_policy _Lp = __gnu_cxx::_S_atomic][m[K’
[01m[K/usr/include/c++/11/bits/shared_ptr_base.h:1342:14:[m[K   required from ‘[01m[Kstd::__shared_ptr<_Tp, _Lp>::__shared_ptr(std::_Sp_alloc_shared_tag<_Tp>, _Args&& ...) [with _Alloc = std::allocator<DistanceTfListener>; _Args = {}; _Tp = DistanceTfListener; __gnu_cxx::_Lock_policy _Lp = __gnu_cxx::_S_atomic][m[K’
[01m[K/usr/include/c++/11/bits/shared_ptr.h:409:59:[m[K   required from ‘[01m[Kstd::shared_ptr<_Tp>::shared_ptr(std::_Sp_alloc_shared_tag<_Tp>, _Args&& ...) [with _Alloc = std::allocator<DistanceTfListener>; _Args = {}; _Tp = DistanceTfListener][m[K’
[01m[K/usr/include/c++/11/bits/shared_ptr.h:862:14:[m[K   required from ‘[01m[Kstd::shared_ptr<_Tp> std::allocate_shared(const _Alloc&, _Args&& ...) [with _Tp = DistanceTfListener; _Alloc = std::allocator<DistanceTfListener>; _Args = {}][m[K’
[01m[K/usr/include/c++/11/bits/shared_ptr.h:878:39:[m[K   required from ‘[01m[Kstd::shared_ptr<_Tp> std::make_shared(_Args&& ...) [with _Tp = DistanceTfListener; _Args = {}][m[K’
[01m[K/home/daonguyenhp2311/ros2_ws/src/distance_warning/src/distance_tf_listener.cpp:83:52:[m[K   required from here
[01m[K/usr/include/c++/11/ext/aligned_buffer.h:91:28:[m[K [01;31m[Kerror: [m[Kinvalid application of ‘[01m[Ksizeof[m[K’ to incomplete type ‘[01m[KDistanceTfListener[m[K’
   91 |     : std::aligned_storage<[01;31m[Ksizeof(_Tp)[m[K, __alignof__(_Tp)>
      |                            [01;31m[K^~~~~~~~~~~[m[K
[01m[K/usr/include/c++/11/ext/aligned_buffer.h:91:28:[m[K [01;31m[Kerror: [m[Kinvalid application of ‘[01m[Ksizeof[m[K’ to incomplete type ‘[01m[KDistanceTfListener[m[K’
gmake[2]: *** [CMakeFiles/distance_tf_listener.dir/build.make:76: CMakeFiles/distance_tf_listener.dir/src/distance_tf_listener.cpp.o] Error 1
gmake[1]: *** [CMakeFiles/Makefile2:787: CMakeFiles/distance_tf_listener.dir/all] Error 2
gmake: *** [Makefile:146: all] Error 2
