[0.013s] Invoking command in '/home/daonguyenhp2311/ros2_ws/build/distance_warning': CMAKE_PREFIX_PATH=${CMAKE_PREFIX_PATH}:/opt/ros/humble /usr/bin/cmake --build /home/daonguyenhp2311/ros2_ws/build/distance_warning -- -j20 -l20
[0.086s] -- Found ament_cmake: 1.3.14 (/opt/ros/humble/share/ament_cmake/cmake)
[0.192s] -- Found rclcpp: 16.0.19 (/opt/ros/humble/share/rclcpp/cmake)
[0.367s] -- Found rosidl_generator_c: 3.1.8 (/opt/ros/humble/share/rosidl_generator_c/cmake)
[0.368s] -- Found rosidl_adapter: 3.1.8 (/opt/ros/humble/share/rosidl_adapter/cmake)
[0.373s] -- Found rosidl_generator_cpp: 3.1.8 (/opt/ros/humble/share/rosidl_generator_cpp/cmake)
[0.381s] -- Using all available rosidl_typesupport_c: rosidl_typesupport_fastrtps_c;rosidl_typesupport_introspection_c
[0.390s] -- Using all available rosidl_typesupport_cpp: rosidl_typesupport_fastrtps_cpp;rosidl_typesupport_introspection_cpp
[0.413s] -- Found rmw_implementation_cmake: 6.1.2 (/opt/ros/humble/share/rmw_implementation_cmake/cmake)
[0.414s] -- Found rmw_fastrtps_cpp: 6.2.10 (/opt/ros/humble/share/rmw_fastrtps_cpp/cmake)
[5.531s] -- Using RMW implementation 'rmw_fastrtps_cpp' as default
[5.574s] -- Found rclcpp_action: 16.0.19 (/opt/ros/humble/share/rclcpp_action/cmake)
[5.596s] -- Found rosidl_default_generators: 1.2.1 (/opt/ros/humble/share/rosidl_default_generators/cmake)
[5.602s] -- Found tf2: 0.25.20 (/opt/ros/humble/share/tf2/cmake)
[5.615s] -- Found tf2_ros: 0.25.20 (/opt/ros/humble/share/tf2_ros/cmake)
[5.649s] -- Found tf2_geometry_msgs: 0.25.20 (/opt/ros/humble/share/tf2_geometry_msgs/cmake)
[5.651s] -- Found eigen3_cmake_module: 0.1.1 (/opt/ros/humble/share/eigen3_cmake_module/cmake)
[5.653s] -- Ensuring Eigen3 include directory is part of orocos-kdl CMake target
[5.830s] -- Found ament_cmake_ros: 0.10.0 (/opt/ros/humble/share/ament_cmake_ros/cmake)
[6.036s] -- Using all available rosidl_typesupport_c: rosidl_typesupport_fastrtps_c;rosidl_typesupport_introspection_c
[6.115s] -- Using all available rosidl_typesupport_cpp: rosidl_typesupport_fastrtps_cpp;rosidl_typesupport_introspection_cpp
[6.129s] -- Found python_cmake_module: 0.10.0 (/opt/ros/humble/share/python_cmake_module/cmake)
[6.145s] -- Using PYTHON_EXECUTABLE: /usr/bin/python3
[6.145s] -- Using PYTHON_INCLUDE_DIRS: /usr/include/python3.10
[6.145s] -- Using PYTHON_LIBRARIES: /usr/lib/x86_64-linux-gnu/libpython3.10.so
[6.198s] [0mCMake Deprecation Warning at /opt/ros/humble/share/rosidl_cmake/cmake/rosidl_target_interfaces.cmake:32 (message):
[6.198s]   Use rosidl_get_typesupport_target() and target_link_libraries() instead of
[6.198s]   rosidl_target_interfaces()
[6.198s] Call Stack (most recent call first):
[6.198s]   CMakeLists.txt:45 (rosidl_target_interfaces)
[6.198s] 
[6.198s] [0m
[6.198s] [0mCMake Deprecation Warning at /opt/ros/humble/share/rosidl_cmake/cmake/rosidl_target_interfaces.cmake:32 (message):
[6.198s]   Use rosidl_get_typesupport_target() and target_link_libraries() instead of
[6.198s]   rosidl_target_interfaces()
[6.199s] Call Stack (most recent call first):
[6.199s]   CMakeLists.txt:50 (rosidl_target_interfaces)
[6.199s] 
[6.199s] [0m
[6.199s] [0mCMake Deprecation Warning at /opt/ros/humble/share/rosidl_cmake/cmake/rosidl_target_interfaces.cmake:32 (message):
[6.199s]   Use rosidl_get_typesupport_target() and target_link_libraries() instead of
[6.199s]   rosidl_target_interfaces()
[6.199s] Call Stack (most recent call first):
[6.199s]   CMakeLists.txt:55 (rosidl_target_interfaces)
[6.199s] 
[6.199s] [0m
[6.200s] [0mCMake Deprecation Warning at /opt/ros/humble/share/rosidl_cmake/cmake/rosidl_target_interfaces.cmake:32 (message):
[6.200s]   Use rosidl_get_typesupport_target() and target_link_libraries() instead of
[6.200s]   rosidl_target_interfaces()
[6.200s] Call Stack (most recent call first):
[6.200s]   CMakeLists.txt:66 (rosidl_target_interfaces)
[6.200s] 
[6.200s] [0m
[6.202s] -- Found ament_lint_auto: 0.12.15 (/opt/ros/humble/share/ament_lint_auto/cmake)
[6.211s] -- Added test 'cppcheck' to perform static code analysis on C / C++ code
[6.211s] -- Configured cppcheck include dirs: 
[6.211s] -- Configured cppcheck exclude dirs and/or files: 
[6.211s] -- Added test 'flake8' to check Python code syntax and style conventions
[6.212s] -- Added test 'lint_cmake' to check CMake code style
[6.212s] -- Added test 'pep257' to check Python code against some of the docstring style conventions in PEP 257
[6.212s] -- Added test 'uncrustify' to check C / C++ code style
[6.212s] -- Configured uncrustify additional arguments: 
[6.213s] -- Added test 'xmllint' to check XML markup files
[6.214s] -- Configuring done
[6.280s] -- Generating done
[6.300s] -- Build files have been written to: /home/daonguyenhp2311/ros2_ws/build/distance_warning
[6.325s] [35m[1mConsolidate compiler generated dependencies of target distance_publisher[0m
[6.325s] [35m[1mConsolidate compiler generated dependencies of target distance_warning__rosidl_generator_c[0m
[6.329s] [35m[1mConsolidate compiler generated dependencies of target distance_tf_broadcaster[0m
[6.330s] [35m[1mConsolidate compiler generated dependencies of target distance_listener[0m
[6.333s] [  1%] Built target distance_warning__cpp
[6.334s] [  3%] Built target distance_warning__rs
[6.335s] [ 11%] Built target distance_warning__rosidl_generator_c
[6.341s] [35m[1mConsolidate compiler generated dependencies of target distance_warning__rosidl_typesupport_fastrtps_cpp[0m
[6.343s] [35m[1mConsolidate compiler generated dependencies of target distance_warning__rosidl_typesupport_cpp[0m
[6.343s] [35m[1mConsolidate compiler generated dependencies of target distance_warning__rosidl_typesupport_introspection_cpp[0m
[6.344s] [ 14%] Built target distance_publisher
[6.345s] [ 18%] Built target distance_tf_broadcaster
[6.346s] [35m[1mConsolidate compiler generated dependencies of target distance_warning__rosidl_typesupport_fastrtps_c[0m
[6.347s] [ 22%] Built target distance_listener
[6.347s] [ 22%] Built target ament_cmake_python_copy_distance_warning
[6.348s] [35m[1mConsolidate compiler generated dependencies of target distance_warning__rosidl_typesupport_introspection_c[0m
[6.349s] [35m[1mConsolidate compiler generated dependencies of target distance_warning__rosidl_typesupport_c[0m
[6.355s] [ 31%] Built target distance_warning__rosidl_typesupport_fastrtps_cpp
[6.355s] [ 37%] Built target distance_warning__rosidl_typesupport_introspection_cpp
[6.357s] [ 44%] Built target distance_warning__rosidl_typesupport_cpp
[6.358s] [ 51%] Built target distance_warning__rosidl_typesupport_introspection_c
[6.359s] [ 59%] Built target distance_warning__rosidl_typesupport_fastrtps_c
[6.359s] [ 66%] Built target distance_warning__rosidl_typesupport_c
[6.373s] [ 66%] Built target distance_warning
[6.382s] [35m[1mConsolidate compiler generated dependencies of target set_threshold_service[0m
[6.383s] [35m[1mConsolidate compiler generated dependencies of target distance_action_server[0m
[6.383s] [35m[1mConsolidate compiler generated dependencies of target distance_action_client[0m
[6.391s] [ 70%] [32mBuilding CXX object CMakeFiles/distance_tf_listener.dir/src/distance_tf_listener.cpp.o[0m
[6.392s] [ 70%] Built target distance_warning__py
[6.394s] [ 74%] Built target set_threshold_service
[6.398s] [ 77%] Built target distance_action_server
[6.399s] [ 81%] Built target distance_action_client
[6.399s] [35m[1mConsolidate compiler generated dependencies of target distance_warning__rosidl_generator_py[0m
[6.409s] [ 87%] Built target distance_warning__rosidl_generator_py
[6.417s] [35m[1mConsolidate compiler generated dependencies of target distance_warning__rosidl_typesupport_fastrtps_c__pyext[0m
[6.417s] [35m[1mConsolidate compiler generated dependencies of target distance_warning__rosidl_typesupport_introspection_c__pyext[0m
[6.419s] [35m[1mConsolidate compiler generated dependencies of target distance_warning__rosidl_typesupport_c__pyext[0m
[6.425s] [ 90%] Built target distance_warning__rosidl_typesupport_fastrtps_c__pyext
[6.427s] [ 94%] Built target distance_warning__rosidl_typesupport_introspection_c__pyext
[6.428s] [ 98%] Built target distance_warning__rosidl_typesupport_c__pyext
[6.517s] running egg_info
[6.517s] writing distance_warning.egg-info/PKG-INFO
[6.518s] writing dependency_links to distance_warning.egg-info/dependency_links.txt
[6.518s] writing top-level names to distance_warning.egg-info/top_level.txt
[6.520s] reading manifest file 'distance_warning.egg-info/SOURCES.txt'
[6.520s] writing manifest file 'distance_warning.egg-info/SOURCES.txt'
[6.540s] [ 98%] Built target ament_cmake_python_build_distance_warning_egg
[8.369s] [01m[K/home/daonguyenhp2311/ros2_ws/src/distance_warning/src/distance_tf_listener.cpp:10:26:[m[K [01;31m[Kerror: [m[Kexpected unqualified-id before ‘[01m[K)[m[K’ token
[8.369s]    10 | class DistanceTfListener([01;31m[K)[m[K : public rclcpp::Node
[8.369s]       |                          [01;31m[K^[m[K
[8.371s] [01m[K/home/daonguyenhp2311/ros2_ws/src/distance_warning/src/distance_tf_listener.cpp:[m[K In function ‘[01m[Kint main(int, char**)[m[K’:
[8.371s] [01m[K/home/daonguyenhp2311/ros2_ws/src/distance_warning/src/distance_tf_listener.cpp:83:15:[m[K [01;31m[Kerror: [m[Kno matching function for call to ‘[01m[Kspin(std::shared_ptr<DistanceTfListener>)[m[K’
[8.371s]    83 |   [01;31m[Krclcpp::spin(std::make_shared<DistanceTfListener>())[m[K;
[8.371s]       |   [01;31m[K~~~~~~~~~~~~^~~~~~~~~~~~~~~~~~~~~~~~~~~~~~~~~~~~~~~~[m[K
[8.371s] In file included from [01m[K/opt/ros/humble/include/rclcpp/rclcpp/rclcpp.hpp:155[m[K,
[8.371s]                  from [01m[K/home/daonguyenhp2311/ros2_ws/src/distance_warning/src/distance_tf_listener.cpp:1[m[K:
[8.371s] [01m[K/opt/ros/humble/include/rclcpp/rclcpp/executors.hpp:45:1:[m[K [01;36m[Knote: [m[Kcandidate: ‘[01m[Kvoid rclcpp::spin(rclcpp::node_interfaces::NodeBaseInterface::SharedPtr)[m[K’
[8.371s]    45 | [01;36m[Kspin[m[K(rclcpp::node_interfaces::NodeBaseInterface::SharedPtr node_ptr);
[8.371s]       | [01;36m[K^~~~[m[K
[8.372s] [01m[K/opt/ros/humble/include/rclcpp/rclcpp/executors.hpp:45:60:[m[K [01;36m[Knote: [m[K  no known conversion for argument 1 from ‘[01m[Kshared_ptr<[01;32m[KDistanceTfListener[m[K>[m[K’ to ‘[01m[Kshared_ptr<[01;32m[Krclcpp::node_interfaces::NodeBaseInterface[m[K>[m[K’
[8.372s]    45 | spin([01;36m[Krclcpp::node_interfaces::NodeBaseInterface::SharedPtr node_ptr[m[K);
[8.372s]       |      [01;36m[K~~~~~~~~~~~~~~~~~~~~~~~~~~~~~~~~~~~~~~~~~~~~~~~~~~~~~~^~~~~~~~[m[K
[8.372s] [01m[K/opt/ros/humble/include/rclcpp/rclcpp/executors.hpp:49:1:[m[K [01;36m[Knote: [m[Kcandidate: ‘[01m[Kvoid rclcpp::spin(rclcpp::Node::SharedPtr)[m[K’
[8.372s]    49 | [01;36m[Kspin[m[K(rclcpp::Node::SharedPtr node_ptr);
[8.372s]       | [01;36m[K^~~~[m[K
[8.372s] [01m[K/opt/ros/humble/include/rclcpp/rclcpp/executors.hpp:49:30:[m[K [01;36m[Knote: [m[K  no known conversion for argument 1 from ‘[01m[Kshared_ptr<[01;32m[KDistanceTfListener[m[K>[m[K’ to ‘[01m[Kshared_ptr<[01;32m[Krclcpp::Node[m[K>[m[K’
[8.372s]    49 | spin([01;36m[Krclcpp::Node::SharedPtr node_ptr[m[K);
[8.372s]       |      [01;36m[K~~~~~~~~~~~~~~~~~~~~~~~~^~~~~~~~[m[K
[8.603s] In file included from [01m[K/usr/include/c++/11/bits/shared_ptr_base.h:60[m[K,
[8.603s]                  from [01m[K/usr/include/c++/11/bits/shared_ptr.h:53[m[K,
[8.603s]                  from [01m[K/usr/include/c++/11/memory:77[m[K,
[8.603s]                  from [01m[K/opt/ros/humble/include/rclcpp/rclcpp/rclcpp.hpp:153[m[K,
[8.603s]                  from [01m[K/home/daonguyenhp2311/ros2_ws/src/distance_warning/src/distance_tf_listener.cpp:1[m[K:
[8.603s] /usr/include/c++/11/ext/aligned_buffer.h: In instantiation of ‘[01m[Kstruct __gnu_cxx::__aligned_buffer<DistanceTfListener>[m[K’:
[8.603s] [01m[K/usr/include/c++/11/bits/shared_ptr_base.h:506:35:[m[K   required from ‘[01m[Kclass std::_Sp_counted_ptr_inplace<DistanceTfListener, std::allocator<DistanceTfListener>, __gnu_cxx::_S_atomic>::_Impl[m[K’
[8.603s] [01m[K/usr/include/c++/11/bits/shared_ptr_base.h:567:13:[m[K   required from ‘[01m[Kclass std::_Sp_counted_ptr_inplace<DistanceTfListener, std::allocator<DistanceTfListener>, __gnu_cxx::_S_atomic>[m[K’
[8.603s] [01m[K/usr/include/c++/11/bits/shared_ptr_base.h:647:43:[m[K   required from ‘[01m[Kstd::__shared_count<_Lp>::__shared_count(_Tp*&, std::_Sp_alloc_shared_tag<_Alloc>, _Args&& ...) [with _Tp = DistanceTfListener; _Alloc = std::allocator<DistanceTfListener>; _Args = {}; __gnu_cxx::_Lock_policy _Lp = __gnu_cxx::_S_atomic][m[K’
[8.604s] [01m[K/usr/include/c++/11/bits/shared_ptr_base.h:1342:14:[m[K   required from ‘[01m[Kstd::__shared_ptr<_Tp, _Lp>::__shared_ptr(std::_Sp_alloc_shared_tag<_Tp>, _Args&& ...) [with _Alloc = std::allocator<DistanceTfListener>; _Args = {}; _Tp = DistanceTfListener; __gnu_cxx::_Lock_policy _Lp = __gnu_cxx::_S_atomic][m[K’
[8.604s] [01m[K/usr/include/c++/11/bits/shared_ptr.h:409:59:[m[K   required from ‘[01m[Kstd::shared_ptr<_Tp>::shared_ptr(std::_Sp_alloc_shared_tag<_Tp>, _Args&& ...) [with _Alloc = std::allocator<DistanceTfListener>; _Args = {}; _Tp = DistanceTfListener][m[K’
[8.604s] [01m[K/usr/include/c++/11/bits/shared_ptr.h:862:14:[m[K   required from ‘[01m[Kstd::shared_ptr<_Tp> std::allocate_shared(const _Alloc&, _Args&& ...) [with _Tp = DistanceTfListener; _Alloc = std::allocator<DistanceTfListener>; _Args = {}][m[K’
[8.604s] [01m[K/usr/include/c++/11/bits/shared_ptr.h:878:39:[m[K   required from ‘[01m[Kstd::shared_ptr<_Tp> std::make_shared(_Args&& ...) [with _Tp = DistanceTfListener; _Args = {}][m[K’
[8.604s] [01m[K/home/daonguyenhp2311/ros2_ws/src/distance_warning/src/distance_tf_listener.cpp:83:52:[m[K   required from here
[8.604s] [01m[K/usr/include/c++/11/ext/aligned_buffer.h:91:28:[m[K [01;31m[Kerror: [m[Kinvalid application of ‘[01m[Ksizeof[m[K’ to incomplete type ‘[01m[KDistanceTfListener[m[K’
[8.604s]    91 |     : std::aligned_storage<[01;31m[Ksizeof(_Tp)[m[K, __alignof__(_Tp)>
[8.604s]       |                            [01;31m[K^~~~~~~~~~~[m[K
[8.604s] [01m[K/usr/include/c++/11/ext/aligned_buffer.h:91:28:[m[K [01;31m[Kerror: [m[Kinvalid application of ‘[01m[Ksizeof[m[K’ to incomplete type ‘[01m[KDistanceTfListener[m[K’
[8.677s] gmake[2]: *** [CMakeFiles/distance_tf_listener.dir/build.make:76: CMakeFiles/distance_tf_listener.dir/src/distance_tf_listener.cpp.o] Error 1
[8.677s] gmake[1]: *** [CMakeFiles/Makefile2:787: CMakeFiles/distance_tf_listener.dir/all] Error 2
[8.677s] gmake: *** [Makefile:146: all] Error 2
[8.679s] Invoked command in '/home/daonguyenhp2311/ros2_ws/build/distance_warning' returned '2': CMAKE_PREFIX_PATH=${CMAKE_PREFIX_PATH}:/opt/ros/humble /usr/bin/cmake --build /home/daonguyenhp2311/ros2_ws/build/distance_warning -- -j20 -l20
