[  2%] Built target distance_warning__rs
[ 10%] Built target distance_warning__rosidl_generator_c
[ 13%] Built target distance_warning__cpp
[ 17%] Built target distance_publisher
[ 21%] Built target distance_listener
[ 21%] Built target ament_cmake_python_copy_distance_warning
[ 30%] Built target distance_warning__rosidl_typesupport_introspection_c
[ 39%] Built target distance_warning__rosidl_typesupport_fastrtps_c
[ 56%] Built target distance_warning__rosidl_typesupport_c
[ 54%] Built target distance_warning__rosidl_typesupport_cpp
[ 65%] Built target distance_warning__rosidl_typesupport_introspection_cpp
[ 73%] Built target distance_warning__rosidl_typesupport_fastrtps_cpp
[ 73%] Built target distance_warning
[35m[1mConsolidate compiler generated dependencies of target set_threshold_service[0m
[ 76%] Built target distance_warning__py
[ 78%] [32mBuilding CXX object CMakeFiles/set_threshold_service.dir/src/set_threshold_service.cpp.o[0m
[ 84%] Built target distance_warning__rosidl_generator_py
[ 93%] Built target distance_warning__rosidl_typesupport_fastrtps_c__pyext
[ 93%] Built target distance_warning__rosidl_typesupport_introspection_c__pyext
[ 97%] Built target distance_warning__rosidl_typesupport_c__pyext
running egg_info
writing distance_warning.egg-info/PKG-INFO
writing dependency_links to distance_warning.egg-info/dependency_links.txt
writing top-level names to distance_warning.egg-info/top_level.txt
reading manifest file 'distance_warning.egg-info/SOURCES.txt'
writing manifest file 'distance_warning.egg-info/SOURCES.txt'
[ 97%] Built target ament_cmake_python_build_distance_warning_egg
